info: ::1 - - [29/Jan/2022:18:33:31 +0000] "POST /api/v1/cart/ HTTP/1.1" 500 145 "-" "PostmanRuntime/7.29.0"

info: ::1 - - [29/Jan/2022:18:33:44 +0000] "POST /api/v1/cart/ HTTP/1.1" 500 52 "-" "PostmanRuntime/7.29.0"

info: ::1 - - [29/Jan/2022:18:37:20 +0000] "POST /api/v1/cart/ HTTP/1.1" 500 52 "-" "PostmanRuntime/7.29.0"

info: ::1 - - [29/Jan/2022:18:38:45 +0000] "POST /api/v1/cart/ HTTP/1.1" 500 52 "-" "PostmanRuntime/7.29.0"

info: ::1 - - [29/Jan/2022:18:56:26 +0000] "GET /api/v1/books/ HTTP/1.1" 200 1381 "http://localhost:3000/swagger_doc/" "Mozilla/5.0 (Windows NT 10.0; Win64; x64) AppleWebKit/537.36 (KHTML, like Gecko) Chrome/97.0.4692.99 Safari/537.36"

info: ::1 - - [29/Jan/2022:18:56:52 +0000] "POST /api/v1/cart/ HTTP/1.1" 201 62 "-" "PostmanRuntime/7.29.0"

info: ::1 - - [29/Jan/2022:18:57:33 +0000] "POST /api/v1/cart/ HTTP/1.1" 500 53 "-" "PostmanRuntime/7.29.0"

info: ::1 - - [29/Jan/2022:18:57:48 +0000] "GET /api/v1/books/ HTTP/1.1" 200 1381 "http://localhost:3000/swagger_doc/" "Mozilla/5.0 (Windows NT 10.0; Win64; x64) AppleWebKit/537.36 (KHTML, like Gecko) Chrome/97.0.4692.99 Safari/537.36"

info: ::1 - - [29/Jan/2022:18:58:02 +0000] "POST /api/v1/cart/ HTTP/1.1" 500 53 "-" "PostmanRuntime/7.29.0"

info: ::1 - - [29/Jan/2022:18:58:45 +0000] "POST /api/v1/cart/ HTTP/1.1" 201 383 "-" "PostmanRuntime/7.29.0"

info: ::1 - - [29/Jan/2022:18:59:40 +0000] "POST /api/v1/cart/ HTTP/1.1" 201 484 "-" "PostmanRuntime/7.29.0"

info: ::1 - - [29/Jan/2022:19:01:59 +0000] "POST /api/v1/cart/ HTTP/1.1" 201 586 "-" "PostmanRuntime/7.29.0"

info: ::1 - - [29/Jan/2022:19:02:39 +0000] "POST /api/v1/cart/ HTTP/1.1" 201 62 "-" "PostmanRuntime/7.29.0"

info: ::1 - - [29/Jan/2022:19:06:52 +0000] "GET /api/v1/books/ HTTP/1.1" 200 1381 "http://localhost:3000/swagger_doc/" "Mozilla/5.0 (Windows NT 10.0; Win64; x64) AppleWebKit/537.36 (KHTML, like Gecko) Chrome/97.0.4692.99 Safari/537.36"

info: ::1 - - [29/Jan/2022:19:07:13 +0000] "POST /api/v1/cart/ HTTP/1.1" 201 273 "-" "PostmanRuntime/7.29.0"

info: ::1 - - [29/Jan/2022:19:07:25 +0000] "GET /api/v1/books/ HTTP/1.1" 304 - "http://localhost:3000/swagger_doc/" "Mozilla/5.0 (Windows NT 10.0; Win64; x64) AppleWebKit/537.36 (KHTML, like Gecko) Chrome/97.0.4692.99 Safari/537.36"

info: ::1 - - [29/Jan/2022:19:09:23 +0000] "POST /api/v1/cart/ HTTP/1.1" 201 382 "-" "PostmanRuntime/7.29.0"

info: ::1 - - [29/Jan/2022:19:09:36 +0000] "GET /api/v1/books/ HTTP/1.1" 200 1381 "http://localhost:3000/swagger_doc/" "Mozilla/5.0 (Windows NT 10.0; Win64; x64) AppleWebKit/537.36 (KHTML, like Gecko) Chrome/97.0.4692.99 Safari/537.36"

info: ::1 - - [29/Jan/2022:19:12:30 +0000] "POST /api/v1/cart/ HTTP/1.1" 201 62 "-" "PostmanRuntime/7.29.0"

info: ::1 - - [29/Jan/2022:19:13:07 +0000] "POST /api/v1/cart/ HTTP/1.1" 201 382 "-" "PostmanRuntime/7.29.0"

info: ::1 - - [29/Jan/2022:19:15:28 +0000] "POST /api/v1/cart/ HTTP/1.1" 201 483 "-" "PostmanRuntime/7.29.0"

info: ::1 - - [29/Jan/2022:19:15:52 +0000] "POST /api/v1/cart/ HTTP/1.1" 500 70 "-" "PostmanRuntime/7.29.0"

info: ::1 - - [29/Jan/2022:19:17:26 +0000] "POST /api/v1/cart/ HTTP/1.1" 201 62 "-" "PostmanRuntime/7.29.0"

info: ::1 - - [29/Jan/2022:19:20:56 +0000] "POST /api/v1/cart/ HTTP/1.1" 201 62 "-" "PostmanRuntime/7.29.0"

info: ::1 - - [29/Jan/2022:19:21:41 +0000] "POST /api/v1/cart/ HTTP/1.1" 500 53 "-" "PostmanRuntime/7.29.0"

info: ::1 - - [29/Jan/2022:19:22:54 +0000] "POST /api/v1/cart/ HTTP/1.1" 500 53 "-" "PostmanRuntime/7.29.0"

info: ::1 - - [29/Jan/2022:19:24:17 +0000] "POST /api/v1/cart/ HTTP/1.1" 500 53 "-" "PostmanRuntime/7.29.0"

info: ::1 - - [29/Jan/2022:19:24:25 +0000] "POST /api/v1/cart/ HTTP/1.1" 201 281 "-" "PostmanRuntime/7.29.0"

info: ::1 - - [29/Jan/2022:19:24:35 +0000] "POST /api/v1/cart/ HTTP/1.1" 201 382 "-" "PostmanRuntime/7.29.0"

info: ::1 - - [29/Jan/2022:19:24:55 +0000] "GET /api/v1/books/ HTTP/1.1" 200 1380 "http://localhost:3000/swagger_doc/" "Mozilla/5.0 (Windows NT 10.0; Win64; x64) AppleWebKit/537.36 (KHTML, like Gecko) Chrome/97.0.4692.99 Safari/537.36"

info: ::1 - - [29/Jan/2022:19:25:17 +0000] "POST /api/v1/cart/ HTTP/1.1" 201 485 "-" "PostmanRuntime/7.29.0"

info: ::1 - - [29/Jan/2022:19:30:36 +0000] "POST /api/v1/cart/ HTTP/1.1" 500 53 "-" "PostmanRuntime/7.29.0"

info: ::1 - - [29/Jan/2022:19:30:48 +0000] "GET /api/v1/books/ HTTP/1.1" 200 1380 "http://localhost:3000/swagger_doc/" "Mozilla/5.0 (Windows NT 10.0; Win64; x64) AppleWebKit/537.36 (KHTML, like Gecko) Chrome/97.0.4692.99 Safari/537.36"

info: ::1 - - [29/Jan/2022:19:31:06 +0000] "POST /api/v1/cart/ HTTP/1.1" 201 587 "-" "PostmanRuntime/7.29.0"

info: ::1 - - [29/Jan/2022:19:31:15 +0000] "POST /api/v1/cart/ HTTP/1.1" 201 689 "-" "PostmanRuntime/7.29.0"

info: ::1 - - [30/Jan/2022:06:08:53 +0000] "GET /api/v1/books/ HTTP/1.1" 500 93 "http://localhost:3000/swagger_doc/" "Mozilla/5.0 (Windows NT 10.0; Win64; x64) AppleWebKit/537.36 (KHTML, like Gecko) Chrome/97.0.4692.99 Safari/537.36"

info: ::1 - - [30/Jan/2022:06:26:00 +0000] "GET /api/v1/books/ HTTP/1.1" 500 93 "http://localhost:3000/swagger_doc/" "Mozilla/5.0 (Windows NT 10.0; Win64; x64) AppleWebKit/537.36 (KHTML, like Gecko) Chrome/97.0.4692.99 Safari/537.36"

info: ::1 - - [30/Jan/2022:06:26:41 +0000] "GET /api/v1/books/ HTTP/1.1" 200 1380 "http://localhost:3000/swagger_doc/" "Mozilla/5.0 (Windows NT 10.0; Win64; x64) AppleWebKit/537.36 (KHTML, like Gecko) Chrome/97.0.4692.99 Safari/537.36"

info: ::1 - - [30/Jan/2022:06:27:06 +0000] "POST /api/v1/cart/ HTTP/1.1" 500 58 "-" "PostmanRuntime/7.29.0"

info: ::1 - - [30/Jan/2022:06:28:44 +0000] "POST /api/v1/cart/ HTTP/1.1" 201 588 "-" "PostmanRuntime/7.29.0"

info: ::1 - - [30/Jan/2022:06:29:36 +0000] "POST /api/v1/cart/ HTTP/1.1" 201 281 "-" "PostmanRuntime/7.29.0"

info: ::1 - - [30/Jan/2022:06:29:43 +0000] "POST /api/v1/cart/ HTTP/1.1" 201 281 "-" "PostmanRuntime/7.29.0"

info: ::1 - - [30/Jan/2022:06:30:18 +0000] "POST /api/v1/cart/ HTTP/1.1" 201 281 "-" "PostmanRuntime/7.29.0"

info: ::1 - - [30/Jan/2022:06:30:29 +0000] "POST /api/v1/cart/ HTTP/1.1" 201 382 "-" "PostmanRuntime/7.29.0"

info: ::1 - - [30/Jan/2022:06:31:12 +0000] "POST /api/v1/cart/ HTTP/1.1" 201 382 "-" "PostmanRuntime/7.29.0"

info: ::1 - - [30/Jan/2022:06:31:38 +0000] "POST /api/v1/cart/ HTTP/1.1" 201 382 "-" "PostmanRuntime/7.29.0"

info: ::1 - - [30/Jan/2022:06:31:44 +0000] "POST /api/v1/cart/ HTTP/1.1" 500 53 "-" "PostmanRuntime/7.29.0"

info: ::1 - - [30/Jan/2022:06:31:53 +0000] "POST /api/v1/cart/ HTTP/1.1" 201 382 "-" "PostmanRuntime/7.29.0"

info: ::1 - - [30/Jan/2022:06:32:01 +0000] "POST /api/v1/cart/ HTTP/1.1" 201 382 "-" "PostmanRuntime/7.29.0"

info: ::1 - - [30/Jan/2022:06:32:07 +0000] "POST /api/v1/cart/ HTTP/1.1" 201 382 "-" "PostmanRuntime/7.29.0"

info: ::1 - - [30/Jan/2022:06:33:37 +0000] "POST /api/v1/cart/ HTTP/1.1" 500 53 "-" "PostmanRuntime/7.29.0"

info: ::1 - - [30/Jan/2022:06:36:31 +0000] "POST /api/v1/cart/ HTTP/1.1" 201 281 "-" "PostmanRuntime/7.29.0"

info: ::1 - - [30/Jan/2022:06:36:37 +0000] "POST /api/v1/cart/ HTTP/1.1" 500 53 "-" "PostmanRuntime/7.29.0"

info: ::1 - - [30/Jan/2022:06:36:46 +0000] "GET /api/v1/books/ HTTP/1.1" 200 1380 "http://localhost:3000/swagger_doc/" "Mozilla/5.0 (Windows NT 10.0; Win64; x64) AppleWebKit/537.36 (KHTML, like Gecko) Chrome/97.0.4692.99 Safari/537.36"

info: ::1 - - [30/Jan/2022:06:37:04 +0000] "POST /api/v1/cart/ HTTP/1.1" 201 384 "-" "PostmanRuntime/7.29.0"

info: ::1 - - [30/Jan/2022:06:37:12 +0000] "POST /api/v1/cart/ HTTP/1.1" 201 384 "-" "PostmanRuntime/7.29.0"

info: ::1 - - [30/Jan/2022:06:39:28 +0000] "POST /api/v1/cart/ HTTP/1.1" 201 283 "-" "PostmanRuntime/7.29.0"

info: ::1 - - [30/Jan/2022:06:39:34 +0000] "POST /api/v1/cart/ HTTP/1.1" 201 283 "-" "PostmanRuntime/7.29.0"

info: ::1 - - [30/Jan/2022:06:42:10 +0000] "POST /api/v1/cart/ HTTP/1.1" 201 283 "-" "PostmanRuntime/7.29.0"

info: ::1 - - [30/Jan/2022:06:42:14 +0000] "POST /api/v1/cart/ HTTP/1.1" 201 283 "-" "PostmanRuntime/7.29.0"

info: ::1 - - [30/Jan/2022:06:44:28 +0000] "POST /api/v1/cart/ HTTP/1.1" 201 283 "-" "PostmanRuntime/7.29.0"

info: ::1 - - [30/Jan/2022:06:44:35 +0000] "POST /api/v1/cart/ HTTP/1.1" 201 283 "-" "PostmanRuntime/7.29.0"

info: ::1 - - [30/Jan/2022:06:44:57 +0000] "POST /api/v1/cart/ HTTP/1.1" 201 385 "-" "PostmanRuntime/7.29.0"

info: ::1 - - [30/Jan/2022:06:45:13 +0000] "POST /api/v1/cart/ HTTP/1.1" 201 385 "-" "PostmanRuntime/7.29.0"

info: ::1 - - [30/Jan/2022:06:45:45 +0000] "POST /api/v1/cart/ HTTP/1.1" 201 386 "-" "PostmanRuntime/7.29.0"

info: ::1 - - [30/Jan/2022:06:46:15 +0000] "POST /api/v1/cart/ HTTP/1.1" 201 62 "-" "PostmanRuntime/7.29.0"

info: ::1 - - [30/Jan/2022:06:46:31 +0000] "POST /api/v1/cart/ HTTP/1.1" 201 283 "-" "PostmanRuntime/7.29.0"

info: ::1 - - [30/Jan/2022:06:46:38 +0000] "POST /api/v1/cart/ HTTP/1.1" 500 53 "-" "PostmanRuntime/7.29.0"

info: ::1 - - [30/Jan/2022:06:46:46 +0000] "POST /api/v1/cart/ HTTP/1.1" 201 385 "-" "PostmanRuntime/7.29.0"

info: ::1 - - [30/Jan/2022:06:46:56 +0000] "POST /api/v1/cart/ HTTP/1.1" 201 385 "-" "PostmanRuntime/7.29.0"

info: ::1 - - [30/Jan/2022:06:47:44 +0000] "GET /api/v1/books/ HTTP/1.1" 200 1380 "http://localhost:3000/swagger_doc/" "Mozilla/5.0 (Windows NT 10.0; Win64; x64) AppleWebKit/537.36 (KHTML, like Gecko) Chrome/97.0.4692.99 Safari/537.36"

info: ::1 - - [30/Jan/2022:06:48:01 +0000] "DELETE /api/v1/books/61f5796d8243f127489613f9 HTTP/1.1" 400 56 "http://localhost:3000/swagger_doc/" "Mozilla/5.0 (Windows NT 10.0; Win64; x64) AppleWebKit/537.36 (KHTML, like Gecko) Chrome/97.0.4692.99 Safari/537.36"

info: ::1 - - [30/Jan/2022:06:48:48 +0000] "POST /api/v1/cart/ HTTP/1.1" 201 385 "-" "PostmanRuntime/7.29.0"

info: ::1 - - [30/Jan/2022:06:49:10 +0000] "POST /api/v1/cart/ HTTP/1.1" 201 385 "-" "PostmanRuntime/7.29.0"

info: ::1 - - [30/Jan/2022:06:49:29 +0000] "POST /api/v1/cart/ HTTP/1.1" 201 386 "-" "PostmanRuntime/7.29.0"

info: ::1 - - [30/Jan/2022:06:50:02 +0000] "POST /api/v1/cart/ HTTP/1.1" 201 62 "-" "PostmanRuntime/7.29.0"

info: ::1 - - [30/Jan/2022:06:50:08 +0000] "POST /api/v1/cart/ HTTP/1.1" 201 283 "-" "PostmanRuntime/7.29.0"

info: ::1 - - [30/Jan/2022:06:50:16 +0000] "POST /api/v1/cart/ HTTP/1.1" 201 283 "-" "PostmanRuntime/7.29.0"

info: ::1 - - [30/Jan/2022:06:50:28 +0000] "POST /api/v1/cart/ HTTP/1.1" 201 283 "-" "PostmanRuntime/7.29.0"

info: ::1 - - [30/Jan/2022:06:52:56 +0000] "GET /api/v1/books/ HTTP/1.1" 200 1380 "http://localhost:3000/swagger_doc/" "Mozilla/5.0 (Windows NT 10.0; Win64; x64) AppleWebKit/537.36 (KHTML, like Gecko) Chrome/97.0.4692.99 Safari/537.36"

info: ::1 - - [30/Jan/2022:06:54:44 +0000] "POST /api/v1/cart/ HTTP/1.1" 201 62 "-" "PostmanRuntime/7.29.0"

info: ::1 - - [30/Jan/2022:06:56:04 +0000] "POST /api/v1/cart/ HTTP/1.1" 201 283 "-" "PostmanRuntime/7.29.0"

info: ::1 - - [30/Jan/2022:06:56:15 +0000] "POST /api/v1/cart/ HTTP/1.1" 201 283 "-" "PostmanRuntime/7.29.0"

info: ::1 - - [30/Jan/2022:06:56:26 +0000] "POST /api/v1/cart/ HTTP/1.1" 201 283 "-" "PostmanRuntime/7.29.0"

info: ::1 - - [30/Jan/2022:06:56:33 +0000] "POST /api/v1/cart/ HTTP/1.1" 201 283 "-" "PostmanRuntime/7.29.0"

info: ::1 - - [30/Jan/2022:06:56:43 +0000] "POST /api/v1/cart/ HTTP/1.1" 201 284 "-" "PostmanRuntime/7.29.0"

info: ::1 - - [30/Jan/2022:07:27:46 +0000] "POST /api/v1/cart/ HTTP/1.1" 201 283 "-" "PostmanRuntime/7.29.0"

info: ::1 - - [30/Jan/2022:07:28:00 +0000] "POST /api/v1/cart/ HTTP/1.1" 201 283 "-" "PostmanRuntime/7.29.0"

info: ::1 - - [30/Jan/2022:07:31:18 +0000] "POST /api/v1/cart/ HTTP/1.1" 201 283 "-" "PostmanRuntime/7.29.0"

info: ::1 - - [30/Jan/2022:07:31:25 +0000] "POST /api/v1/cart/ HTTP/1.1" 201 283 "-" "PostmanRuntime/7.29.0"

info: ::1 - - [30/Jan/2022:07:32:34 +0000] "POST /api/v1/cart/ HTTP/1.1" 201 62 "-" "PostmanRuntime/7.29.0"

info: ::1 - - [30/Jan/2022:07:34:05 +0000] "POST /api/v1/cart/ HTTP/1.1" 500 53 "-" "PostmanRuntime/7.29.0"

info: ::1 - - [30/Jan/2022:07:34:54 +0000] "POST /api/v1/users/admin_login HTTP/1.1" 200 259 "http://localhost:3000/swagger_doc/" "Mozilla/5.0 (Windows NT 10.0; Win64; x64) AppleWebKit/537.36 (KHTML, like Gecko) Chrome/97.0.4692.99 Safari/537.36"

info: ::1 - - [30/Jan/2022:07:35:23 +0000] "DELETE /api/v1/books/61f5796d8243f127489613f9 HTTP/1.1" 200 66 "http://localhost:3000/swagger_doc/" "Mozilla/5.0 (Windows NT 10.0; Win64; x64) AppleWebKit/537.36 (KHTML, like Gecko) Chrome/97.0.4692.99 Safari/537.36"

info: ::1 - - [30/Jan/2022:07:35:42 +0000] "DELETE /api/v1/books/61f51f5d86bb1f38bc009ebc HTTP/1.1" 200 66 "http://localhost:3000/swagger_doc/" "Mozilla/5.0 (Windows NT 10.0; Win64; x64) AppleWebKit/537.36 (KHTML, like Gecko) Chrome/97.0.4692.99 Safari/537.36"

info: ::1 - - [30/Jan/2022:07:35:49 +0000] "GET /api/v1/books/ HTTP/1.1" 200 941 "http://localhost:3000/swagger_doc/" "Mozilla/5.0 (Windows NT 10.0; Win64; x64) AppleWebKit/537.36 (KHTML, like Gecko) Chrome/97.0.4692.99 Safari/537.36"

info: ::1 - - [30/Jan/2022:07:36:03 +0000] "DELETE /api/v1/books/61f51f7286bb1f38bc009ebe HTTP/1.1" 200 66 "http://localhost:3000/swagger_doc/" "Mozilla/5.0 (Windows NT 10.0; Win64; x64) AppleWebKit/537.36 (KHTML, like Gecko) Chrome/97.0.4692.99 Safari/537.36"

info: ::1 - - [30/Jan/2022:07:36:18 +0000] "DELETE /api/v1/books/61f51f8786bb1f38bc009ec0 HTTP/1.1" 200 66 "http://localhost:3000/swagger_doc/" "Mozilla/5.0 (Windows NT 10.0; Win64; x64) AppleWebKit/537.36 (KHTML, like Gecko) Chrome/97.0.4692.99 Safari/537.36"

info: ::1 - - [30/Jan/2022:07:36:35 +0000] "DELETE /api/v1/books/61f56df0d901ed4474f636f1 HTTP/1.1" 200 66 "http://localhost:3000/swagger_doc/" "Mozilla/5.0 (Windows NT 10.0; Win64; x64) AppleWebKit/537.36 (KHTML, like Gecko) Chrome/97.0.4692.99 Safari/537.36"

info: ::1 - - [30/Jan/2022:07:36:53 +0000] "DELETE /api/v1/books/61f56fb558f5b33568c36c42 HTTP/1.1" 200 66 "http://localhost:3000/swagger_doc/" "Mozilla/5.0 (Windows NT 10.0; Win64; x64) AppleWebKit/537.36 (KHTML, like Gecko) Chrome/97.0.4692.99 Safari/537.36"

info: ::1 - - [30/Jan/2022:07:37:02 +0000] "GET /api/v1/books/ HTTP/1.1" 200 64 "http://localhost:3000/swagger_doc/" "Mozilla/5.0 (Windows NT 10.0; Win64; x64) AppleWebKit/537.36 (KHTML, like Gecko) Chrome/97.0.4692.99 Safari/537.36"

info: ::1 - - [30/Jan/2022:07:37:11 +0000] "DELETE /api/v1/books/61f56fb558f5b33568c36c42 HTTP/1.1" 500 49 "http://localhost:3000/swagger_doc/" "Mozilla/5.0 (Windows NT 10.0; Win64; x64) AppleWebKit/537.36 (KHTML, like Gecko) Chrome/97.0.4692.99 Safari/537.36"

info: ::1 - - [30/Jan/2022:07:37:38 +0000] "POST /api/v1/books/ HTTP/1.1" 201 278 "http://localhost:3000/swagger_doc/" "Mozilla/5.0 (Windows NT 10.0; Win64; x64) AppleWebKit/537.36 (KHTML, like Gecko) Chrome/97.0.4692.99 Safari/537.36"

info: ::1 - - [30/Jan/2022:07:37:56 +0000] "POST /api/v1/books/ HTTP/1.1" 201 278 "http://localhost:3000/swagger_doc/" "Mozilla/5.0 (Windows NT 10.0; Win64; x64) AppleWebKit/537.36 (KHTML, like Gecko) Chrome/97.0.4692.99 Safari/537.36"

info: ::1 - - [30/Jan/2022:07:38:10 +0000] "POST /api/v1/books/ HTTP/1.1" 201 278 "http://localhost:3000/swagger_doc/" "Mozilla/5.0 (Windows NT 10.0; Win64; x64) AppleWebKit/537.36 (KHTML, like Gecko) Chrome/97.0.4692.99 Safari/537.36"

info: ::1 - - [30/Jan/2022:07:38:20 +0000] "GET /api/v1/books/ HTTP/1.1" 200 729 "http://localhost:3000/swagger_doc/" "Mozilla/5.0 (Windows NT 10.0; Win64; x64) AppleWebKit/537.36 (KHTML, like Gecko) Chrome/97.0.4692.99 Safari/537.36"

info: ::1 - - [30/Jan/2022:07:38:45 +0000] "POST /api/v1/cart/ HTTP/1.1" 201 384 "-" "PostmanRuntime/7.29.0"

info: ::1 - - [30/Jan/2022:07:38:55 +0000] "POST /api/v1/cart/ HTTP/1.1" 201 384 "-" "PostmanRuntime/7.29.0"

info: ::1 - - [30/Jan/2022:07:39:06 +0000] "POST /api/v1/cart/ HTTP/1.1" 201 384 "-" "PostmanRuntime/7.29.0"

info: ::1 - - [30/Jan/2022:07:40:25 +0000] "POST /api/v1/cart/ HTTP/1.1" 201 62 "-" "PostmanRuntime/7.29.0"

info: ::1 - - [30/Jan/2022:07:42:40 +0000] "GET /api/v1/books/ HTTP/1.1" 200 729 "http://localhost:3000/swagger_doc/" "Mozilla/5.0 (Windows NT 10.0; Win64; x64) AppleWebKit/537.36 (KHTML, like Gecko) Chrome/97.0.4692.99 Safari/537.36"

info: ::1 - - [30/Jan/2022:07:42:51 +0000] "POST /api/v1/cart/ HTTP/1.1" 201 62 "-" "PostmanRuntime/7.29.0"

info: ::1 - - [30/Jan/2022:07:42:58 +0000] "GET /api/v1/books/ HTTP/1.1" 200 729 "http://localhost:3000/swagger_doc/" "Mozilla/5.0 (Windows NT 10.0; Win64; x64) AppleWebKit/537.36 (KHTML, like Gecko) Chrome/97.0.4692.99 Safari/537.36"

info: ::1 - - [30/Jan/2022:07:44:15 +0000] "POST /api/v1/cart/ HTTP/1.1" 201 281 "-" "PostmanRuntime/7.29.0"

info: ::1 - - [30/Jan/2022:07:50:37 +0000] "POST /api/v1/cart/ HTTP/1.1" 201 62 "-" "PostmanRuntime/7.29.0"

info: ::1 - - [30/Jan/2022:07:50:48 +0000] "POST /api/v1/cart/ HTTP/1.1" 201 281 "-" "PostmanRuntime/7.29.0"

info: ::1 - - [30/Jan/2022:07:56:30 +0000] "GET /api/v1/books/ HTTP/1.1" 200 729 "http://localhost:3000/swagger_doc/" "Mozilla/5.0 (Windows NT 10.0; Win64; x64) AppleWebKit/537.36 (KHTML, like Gecko) Chrome/97.0.4692.99 Safari/537.36"

info: ::1 - - [30/Jan/2022:07:56:38 +0000] "POST /api/v1/cart/ HTTP/1.1" 500 70 "-" "PostmanRuntime/7.29.0"

info: ::1 - - [30/Jan/2022:08:00:22 +0000] "GET /api/v1/books/ HTTP/1.1" 200 729 "http://localhost:3000/swagger_doc/" "Mozilla/5.0 (Windows NT 10.0; Win64; x64) AppleWebKit/537.36 (KHTML, like Gecko) Chrome/97.0.4692.99 Safari/537.36"

info: ::1 - - [30/Jan/2022:08:00:29 +0000] "POST /api/v1/cart/ HTTP/1.1" 201 281 "-" "PostmanRuntime/7.29.0"

info: ::1 - - [30/Jan/2022:08:00:40 +0000] "GET /api/v1/books/ HTTP/1.1" 200 729 "http://localhost:3000/swagger_doc/" "Mozilla/5.0 (Windows NT 10.0; Win64; x64) AppleWebKit/537.36 (KHTML, like Gecko) Chrome/97.0.4692.99 Safari/537.36"

info: ::1 - - [30/Jan/2022:08:00:48 +0000] "POST /api/v1/cart/ HTTP/1.1" 201 281 "-" "PostmanRuntime/7.29.0"

info: ::1 - - [30/Jan/2022:08:02:11 +0000] "POST /api/v1/cart/ HTTP/1.1" 201 281 "-" "PostmanRuntime/7.29.0"

info: ::1 - - [30/Jan/2022:08:03:00 +0000] "GET /api/v1/books/ HTTP/1.1" 200 729 "http://localhost:3000/swagger_doc/" "Mozilla/5.0 (Windows NT 10.0; Win64; x64) AppleWebKit/537.36 (KHTML, like Gecko) Chrome/97.0.4692.99 Safari/537.36"

info: ::1 - - [30/Jan/2022:08:03:13 +0000] "POST /api/v1/cart/ HTTP/1.1" 500 123 "-" "PostmanRuntime/7.29.0"

info: ::1 - - [30/Jan/2022:08:04:26 +0000] "POST /api/v1/cart/ HTTP/1.1" 201 62 "-" "PostmanRuntime/7.29.0"

info: ::1 - - [30/Jan/2022:08:04:28 +0000] "POST /api/v1/cart/ HTTP/1.1" 201 281 "-" "PostmanRuntime/7.29.0"

info: ::1 - - [30/Jan/2022:08:04:35 +0000] "POST /api/v1/cart/ HTTP/1.1" 201 281 "-" "PostmanRuntime/7.29.0"

info: ::1 - - [30/Jan/2022:08:04:39 +0000] "POST /api/v1/cart/ HTTP/1.1" 201 281 "-" "PostmanRuntime/7.29.0"

info: ::1 - - [30/Jan/2022:08:05:41 +0000] "GET /api/v1/books/ HTTP/1.1" 200 729 "http://localhost:3000/swagger_doc/" "Mozilla/5.0 (Windows NT 10.0; Win64; x64) AppleWebKit/537.36 (KHTML, like Gecko) Chrome/97.0.4692.99 Safari/537.36"

info: ::1 - - [30/Jan/2022:08:06:28 +0000] "POST /api/v1/cart/ HTTP/1.1" 201 382 "-" "PostmanRuntime/7.29.0"

info: ::1 - - [30/Jan/2022:08:07:19 +0000] "GET /api/v1/books/ HTTP/1.1" 200 729 "http://localhost:3000/swagger_doc/" "Mozilla/5.0 (Windows NT 10.0; Win64; x64) AppleWebKit/537.36 (KHTML, like Gecko) Chrome/97.0.4692.99 Safari/537.36"

info: ::1 - - [30/Jan/2022:08:07:35 +0000] "POST /api/v1/cart/ HTTP/1.1" 201 382 "-" "PostmanRuntime/7.29.0"

info: ::1 - - [30/Jan/2022:08:11:58 +0000] "POST /api/v1/cart/ HTTP/1.1" 201 62 "-" "PostmanRuntime/7.29.0"

info: ::1 - - [30/Jan/2022:08:12:50 +0000] "GET /api/v1/books/ HTTP/1.1" 200 729 "http://localhost:3000/swagger_doc/" "Mozilla/5.0 (Windows NT 10.0; Win64; x64) AppleWebKit/537.36 (KHTML, like Gecko) Chrome/97.0.4692.99 Safari/537.36"

info: ::1 - - [30/Jan/2022:08:13:33 +0000] "GET /api/v1/books/ HTTP/1.1" 304 - "http://localhost:3000/swagger_doc/" "Mozilla/5.0 (Windows NT 10.0; Win64; x64) AppleWebKit/537.36 (KHTML, like Gecko) Chrome/97.0.4692.99 Safari/537.36"

info: ::1 - - [30/Jan/2022:08:13:49 +0000] "POST /api/v1/cart/ HTTP/1.1" 201 62 "-" "PostmanRuntime/7.29.0"

info: ::1 - - [30/Jan/2022:08:13:58 +0000] "GET /api/v1/books/ HTTP/1.1" 200 729 "http://localhost:3000/swagger_doc/" "Mozilla/5.0 (Windows NT 10.0; Win64; x64) AppleWebKit/537.36 (KHTML, like Gecko) Chrome/97.0.4692.99 Safari/537.36"

info: ::1 - - [30/Jan/2022:08:14:10 +0000] "POST /api/v1/cart/ HTTP/1.1" 201 281 "-" "PostmanRuntime/7.29.0"

info: ::1 - - [30/Jan/2022:08:14:21 +0000] "GET /api/v1/books/ HTTP/1.1" 200 729 "http://localhost:3000/swagger_doc/" "Mozilla/5.0 (Windows NT 10.0; Win64; x64) AppleWebKit/537.36 (KHTML, like Gecko) Chrome/97.0.4692.99 Safari/537.36"

info: ::1 - - [30/Jan/2022:08:18:52 +0000] "GET /api/v1/books/ HTTP/1.1" 304 - "http://localhost:3000/swagger_doc/" "Mozilla/5.0 (Windows NT 10.0; Win64; x64) AppleWebKit/537.36 (KHTML, like Gecko) Chrome/97.0.4692.99 Safari/537.36"

info: ::1 - - [30/Jan/2022:08:19:04 +0000] "POST /api/v1/cart/ HTTP/1.1" 201 62 "-" "PostmanRuntime/7.29.0"

info: ::1 - - [30/Jan/2022:08:19:12 +0000] "GET /api/v1/books/ HTTP/1.1" 200 729 "http://localhost:3000/swagger_doc/" "Mozilla/5.0 (Windows NT 10.0; Win64; x64) AppleWebKit/537.36 (KHTML, like Gecko) Chrome/97.0.4692.99 Safari/537.36"

info: ::1 - - [30/Jan/2022:08:19:22 +0000] "POST /api/v1/cart/ HTTP/1.1" 201 382 "-" "PostmanRuntime/7.29.0"

info: ::1 - - [30/Jan/2022:08:34:55 +0000] "POST /api/v1/cart/ HTTP/1.1" 201 62 "-" "PostmanRuntime/7.29.0"

info: ::1 - - [30/Jan/2022:08:35:00 +0000] "POST /api/v1/cart/ HTTP/1.1" 201 382 "-" "PostmanRuntime/7.29.0"

info: ::1 - - [30/Jan/2022:08:36:02 +0000] "GET /api/v1/books/ HTTP/1.1" 200 729 "http://localhost:3000/swagger_doc/" "Mozilla/5.0 (Windows NT 10.0; Win64; x64) AppleWebKit/537.36 (KHTML, like Gecko) Chrome/97.0.4692.99 Safari/537.36"

info: ::1 - - [30/Jan/2022:08:36:18 +0000] "POST /api/v1/cart/ HTTP/1.1" 201 62 "-" "PostmanRuntime/7.29.0"

info: ::1 - - [30/Jan/2022:08:36:38 +0000] "GET /api/v1/books/ HTTP/1.1" 200 729 "http://localhost:3000/swagger_doc/" "Mozilla/5.0 (Windows NT 10.0; Win64; x64) AppleWebKit/537.36 (KHTML, like Gecko) Chrome/97.0.4692.99 Safari/537.36"

info: ::1 - - [30/Jan/2022:08:36:57 +0000] "POST /api/v1/cart/ HTTP/1.1" 201 382 "-" "PostmanRuntime/7.29.0"

info: ::1 - - [30/Jan/2022:08:37:28 +0000] "GET /api/v1/books/ HTTP/1.1" 200 729 "http://localhost:3000/swagger_doc/" "Mozilla/5.0 (Windows NT 10.0; Win64; x64) AppleWebKit/537.36 (KHTML, like Gecko) Chrome/97.0.4692.99 Safari/537.36"

info: ::1 - - [30/Jan/2022:08:37:57 +0000] "POST /api/v1/cart/ HTTP/1.1" 500 90 "-" "PostmanRuntime/7.29.0"

info: ::1 - - [30/Jan/2022:08:39:15 +0000] "GET /api/v1/books/ HTTP/1.1" 304 - "http://localhost:3000/swagger_doc/" "Mozilla/5.0 (Windows NT 10.0; Win64; x64) AppleWebKit/537.36 (KHTML, like Gecko) Chrome/97.0.4692.99 Safari/537.36"

info: ::1 - - [30/Jan/2022:08:39:35 +0000] "POST /api/v1/cart/ HTTP/1.1" 500 86 "-" "PostmanRuntime/7.29.0"

info: ::1 - - [30/Jan/2022:08:47:43 +0000] "GET /api/v1/books/ HTTP/1.1" 304 - "http://localhost:3000/swagger_doc/" "Mozilla/5.0 (Windows NT 10.0; Win64; x64) AppleWebKit/537.36 (KHTML, like Gecko) Chrome/97.0.4692.99 Safari/537.36"

info: ::1 - - [30/Jan/2022:08:48:05 +0000] "POST /api/v1/cart/ HTTP/1.1" 201 382 "-" "PostmanRuntime/7.29.0"

info: ::1 - - [30/Jan/2022:08:49:58 +0000] "POST /api/v1/cart/ HTTP/1.1" 201 62 "-" "PostmanRuntime/7.29.0"

info: ::1 - - [30/Jan/2022:08:50:02 +0000] "POST /api/v1/cart/ HTTP/1.1" 201 281 "-" "PostmanRuntime/7.29.0"

info: ::1 - - [30/Jan/2022:08:50:28 +0000] "POST /api/v1/cart/ HTTP/1.1" 201 284 "-" "PostmanRuntime/7.29.0"

info: ::1 - - [30/Jan/2022:08:51:02 +0000] "GET /api/v1/books/ HTTP/1.1" 200 729 "http://localhost:3000/swagger_doc/" "Mozilla/5.0 (Windows NT 10.0; Win64; x64) AppleWebKit/537.36 (KHTML, like Gecko) Chrome/97.0.4692.99 Safari/537.36"

info: ::1 - - [30/Jan/2022:08:51:14 +0000] "POST /api/v1/cart/ HTTP/1.1" 201 386 "-" "PostmanRuntime/7.29.0"

info: ::1 - - [30/Jan/2022:08:51:24 +0000] "POST /api/v1/cart/ HTTP/1.1" 201 386 "-" "PostmanRuntime/7.29.0"

info: ::1 - - [30/Jan/2022:08:55:33 +0000] "GET /api/v1/books/ HTTP/1.1" 200 729 "http://localhost:3000/swagger_doc/" "Mozilla/5.0 (Windows NT 10.0; Win64; x64) AppleWebKit/537.36 (KHTML, like Gecko) Chrome/97.0.4692.99 Safari/537.36"

info: ::1 - - [30/Jan/2022:08:55:45 +0000] "POST /api/v1/cart/ HTTP/1.1" 201 62 "-" "PostmanRuntime/7.29.0"

info: ::1 - - [30/Jan/2022:08:55:51 +0000] "POST /api/v1/cart/ HTTP/1.1" 201 283 "-" "PostmanRuntime/7.29.0"

info: ::1 - - [30/Jan/2022:08:56:31 +0000] "GET /api/v1/books/ HTTP/1.1" 200 729 "http://localhost:3000/swagger_doc/" "Mozilla/5.0 (Windows NT 10.0; Win64; x64) AppleWebKit/537.36 (KHTML, like Gecko) Chrome/97.0.4692.99 Safari/537.36"

info: ::1 - - [30/Jan/2022:09:00:37 +0000] "GET /api/v1/books/ HTTP/1.1" 304 - "http://localhost:3000/swagger_doc/" "Mozilla/5.0 (Windows NT 10.0; Win64; x64) AppleWebKit/537.36 (KHTML, like Gecko) Chrome/97.0.4692.99 Safari/537.36"

info: ::1 - - [30/Jan/2022:09:00:57 +0000] "POST /api/v1/cart/ HTTP/1.1" 201 62 "-" "PostmanRuntime/7.29.0"

info: ::1 - - [30/Jan/2022:09:01:10 +0000] "GET /api/v1/books/ HTTP/1.1" 200 729 "http://localhost:3000/swagger_doc/" "Mozilla/5.0 (Windows NT 10.0; Win64; x64) AppleWebKit/537.36 (KHTML, like Gecko) Chrome/97.0.4692.99 Safari/537.36"

info: ::1 - - [30/Jan/2022:09:01:58 +0000] "GET /api/v1/books/ HTTP/1.1" 304 - "http://localhost:3000/swagger_doc/" "Mozilla/5.0 (Windows NT 10.0; Win64; x64) AppleWebKit/537.36 (KHTML, like Gecko) Chrome/97.0.4692.99 Safari/537.36"

info: ::1 - - [30/Jan/2022:09:02:16 +0000] "POST /api/v1/cart/ HTTP/1.1" 201 62 "-" "PostmanRuntime/7.29.0"

info: ::1 - - [30/Jan/2022:09:02:22 +0000] "GET /api/v1/books/ HTTP/1.1" 200 729 "http://localhost:3000/swagger_doc/" "Mozilla/5.0 (Windows NT 10.0; Win64; x64) AppleWebKit/537.36 (KHTML, like Gecko) Chrome/97.0.4692.99 Safari/537.36"

info: ::1 - - [30/Jan/2022:09:02:34 +0000] "POST /api/v1/cart/ HTTP/1.1" 201 282 "-" "PostmanRuntime/7.29.0"

info: ::1 - - [30/Jan/2022:09:14:19 +0000] "POST /api/v1/cart/ HTTP/1.1" 201 62 "-" "PostmanRuntime/7.29.0"

info: ::1 - - [30/Jan/2022:09:14:22 +0000] "POST /api/v1/cart/ HTTP/1.1" 201 282 "-" "PostmanRuntime/7.29.0"

info: ::1 - - [30/Jan/2022:09:16:45 +0000] "POST /api/v1/cart/ HTTP/1.1" 201 284 "-" "PostmanRuntime/7.29.0"

info: ::1 - - [30/Jan/2022:09:17:04 +0000] "POST /api/v1/cart/ HTTP/1.1" 201 62 "-" "PostmanRuntime/7.29.0"

info: ::1 - - [30/Jan/2022:09:17:06 +0000] "POST /api/v1/cart/ HTTP/1.1" 201 282 "-" "PostmanRuntime/7.29.0"

info: ::1 - - [30/Jan/2022:09:17:25 +0000] "POST /api/v1/cart/ HTTP/1.1" 201 284 "-" "PostmanRuntime/7.29.0"

info: ::1 - - [30/Jan/2022:09:17:48 +0000] "GET /api/v1/books/ HTTP/1.1" 200 729 "http://localhost:3000/swagger_doc/" "Mozilla/5.0 (Windows NT 10.0; Win64; x64) AppleWebKit/537.36 (KHTML, like Gecko) Chrome/97.0.4692.99 Safari/537.36"

info: ::1 - - [30/Jan/2022:09:18:26 +0000] "POST /api/v1/cart/ HTTP/1.1" 201 386 "-" "PostmanRuntime/7.29.0"

info: ::1 - - [30/Jan/2022:09:18:41 +0000] "GET /api/v1/books/ HTTP/1.1" 200 729 "http://localhost:3000/swagger_doc/" "Mozilla/5.0 (Windows NT 10.0; Win64; x64) AppleWebKit/537.36 (KHTML, like Gecko) Chrome/97.0.4692.99 Safari/537.36"

info: ::1 - - [30/Jan/2022:09:18:46 +0000] "POST /api/v1/cart/ HTTP/1.1" 201 386 "-" "PostmanRuntime/7.29.0"

info: ::1 - - [30/Jan/2022:09:19:27 +0000] "GET /api/v1/books/ HTTP/1.1" 200 729 "http://localhost:3000/swagger_doc/" "Mozilla/5.0 (Windows NT 10.0; Win64; x64) AppleWebKit/537.36 (KHTML, like Gecko) Chrome/97.0.4692.99 Safari/537.36"

info: ::1 - - [30/Jan/2022:09:20:57 +0000] "POST /api/v1/cart/ HTTP/1.1" 201 62 "-" "PostmanRuntime/7.29.0"

info: ::1 - - [30/Jan/2022:09:22:47 +0000] "POST /api/v1/cart/ HTTP/1.1" 201 283 "-" "PostmanRuntime/7.29.0"

info: ::1 - - [30/Jan/2022:09:24:47 +0000] "POST /api/v1/cart/ HTTP/1.1" 201 283 "-" "PostmanRuntime/7.29.0"

info: ::1 - - [30/Jan/2022:09:24:52 +0000] "POST /api/v1/cart/ HTTP/1.1" 201 284 "-" "PostmanRuntime/7.29.0"

info: ::1 - - [30/Jan/2022:09:25:01 +0000] "POST /api/v1/cart/ HTTP/1.1" 201 284 "-" "PostmanRuntime/7.29.0"

info: ::1 - - [30/Jan/2022:09:25:35 +0000] "GET /api/v1/books/ HTTP/1.1" 200 729 "http://localhost:3000/swagger_doc/" "Mozilla/5.0 (Windows NT 10.0; Win64; x64) AppleWebKit/537.36 (KHTML, like Gecko) Chrome/97.0.4692.99 Safari/537.36"

info: ::1 - - [30/Jan/2022:09:25:57 +0000] "POST /api/v1/cart/ HTTP/1.1" 201 385 "-" "PostmanRuntime/7.29.0"

info: ::1 - - [30/Jan/2022:09:26:09 +0000] "POST /api/v1/cart/ HTTP/1.1" 201 387 "-" "PostmanRuntime/7.29.0"

info: ::1 - - [30/Jan/2022:09:26:43 +0000] "GET /api/v1/books/ HTTP/1.1" 200 729 "http://localhost:3000/swagger_doc/" "Mozilla/5.0 (Windows NT 10.0; Win64; x64) AppleWebKit/537.36 (KHTML, like Gecko) Chrome/97.0.4692.99 Safari/537.36"

info: ::1 - - [30/Jan/2022:09:29:02 +0000] "POST /api/v1/cart/ HTTP/1.1" 201 281 "-" "PostmanRuntime/7.29.0"

info: ::1 - - [30/Jan/2022:09:29:13 +0000] "POST /api/v1/cart/ HTTP/1.1" 201 283 "-" "PostmanRuntime/7.29.0"

info: ::1 - - [30/Jan/2022:09:31:17 +0000] "POST /api/v1/cart/ HTTP/1.1" 201 281 "-" "PostmanRuntime/7.29.0"

info: ::1 - - [30/Jan/2022:09:31:22 +0000] "POST /api/v1/cart/ HTTP/1.1" 201 284 "-" "PostmanRuntime/7.29.0"

info: ::1 - - [30/Jan/2022:09:32:04 +0000] "POST /api/v1/cart/ HTTP/1.1" 201 284 "-" "PostmanRuntime/7.29.0"

info: ::1 - - [30/Jan/2022:09:33:22 +0000] "POST /api/v1/cart/ HTTP/1.1" 201 281 "-" "PostmanRuntime/7.29.0"

info: ::1 - - [30/Jan/2022:09:33:32 +0000] "POST /api/v1/cart/ HTTP/1.1" 201 284 "-" "PostmanRuntime/7.29.0"

info: ::1 - - [30/Jan/2022:09:35:47 +0000] "POST /api/v1/cart/ HTTP/1.1" 201 281 "-" "PostmanRuntime/7.29.0"

info: ::1 - - [30/Jan/2022:09:35:49 +0000] "POST /api/v1/cart/ HTTP/1.1" 201 284 "-" "PostmanRuntime/7.29.0"

info: ::1 - - [30/Jan/2022:09:50:54 +0000] "POST /api/v1/cart/ HTTP/1.1" 201 281 "-" "PostmanRuntime/7.29.0"

info: ::1 - - [30/Jan/2022:09:50:59 +0000] "POST /api/v1/cart/ HTTP/1.1" 201 284 "-" "PostmanRuntime/7.29.0"

info: ::1 - - [30/Jan/2022:09:54:11 +0000] "POST /api/v1/cart/ HTTP/1.1" 201 281 "-" "PostmanRuntime/7.29.0"

info: ::1 - - [30/Jan/2022:09:54:21 +0000] "POST /api/v1/cart/ HTTP/1.1" 201 283 "-" "PostmanRuntime/7.29.0"

info: ::1 - - [30/Jan/2022:09:55:48 +0000] "POST /api/v1/cart/ HTTP/1.1" 201 281 "-" "PostmanRuntime/7.29.0"

info: ::1 - - [30/Jan/2022:09:55:53 +0000] "POST /api/v1/cart/ HTTP/1.1" 201 283 "-" "PostmanRuntime/7.29.0"

info: ::1 - - [30/Jan/2022:10:06:02 +0000] "POST /api/v1/cart/ HTTP/1.1" 201 281 "-" "PostmanRuntime/7.29.0"

info: ::1 - - [30/Jan/2022:10:06:04 +0000] "POST /api/v1/cart/ HTTP/1.1" 500 68 "-" "PostmanRuntime/7.29.0"

info: ::1 - - [30/Jan/2022:10:07:57 +0000] "POST /api/v1/cart/ HTTP/1.1" 500 74 "-" "PostmanRuntime/7.29.0"

info: ::1 - - [30/Jan/2022:10:08:03 +0000] "POST /api/v1/cart/ HTTP/1.1" 500 74 "-" "PostmanRuntime/7.29.0"

info: ::1 - - [30/Jan/2022:10:12:36 +0000] "POST /api/v1/cart/ HTTP/1.1" 201 284 "-" "PostmanRuntime/7.29.0"

info: ::1 - - [30/Jan/2022:10:13:28 +0000] "POST /api/v1/cart/ HTTP/1.1" 201 284 "-" "PostmanRuntime/7.29.0"

info: ::1 - - [30/Jan/2022:10:14:28 +0000] "POST /api/v1/cart/ HTTP/1.1" 500 72 "-" "PostmanRuntime/7.29.0"

info: ::1 - - [30/Jan/2022:10:14:31 +0000] "POST /api/v1/cart/ HTTP/1.1" 500 72 "-" "PostmanRuntime/7.29.0"

info: ::1 - - [30/Jan/2022:10:15:51 +0000] "POST /api/v1/cart/ HTTP/1.1" 201 284 "-" "PostmanRuntime/7.29.0"

info: ::1 - - [30/Jan/2022:10:16:42 +0000] "GET /api/v1/books/ HTTP/1.1" 200 729 "http://localhost:3000/swagger_doc/" "Mozilla/5.0 (Windows NT 10.0; Win64; x64) AppleWebKit/537.36 (KHTML, like Gecko) Chrome/97.0.4692.99 Safari/537.36"

info: ::1 - - [30/Jan/2022:10:16:59 +0000] "POST /api/v1/cart/ HTTP/1.1" 201 385 "-" "PostmanRuntime/7.29.0"

info: ::1 - - [30/Jan/2022:10:17:12 +0000] "POST /api/v1/cart/ HTTP/1.1" 201 387 "-" "PostmanRuntime/7.29.0"

info: ::1 - - [30/Jan/2022:10:18:33 +0000] "POST /api/v1/cart/ HTTP/1.1" 201 387 "-" "PostmanRuntime/7.29.0"

info: ::1 - - [30/Jan/2022:10:19:13 +0000] "POST /api/v1/cart/ HTTP/1.1" 201 387 "-" "PostmanRuntime/7.29.0"

info: ::1 - - [30/Jan/2022:10:19:28 +0000] "POST /api/v1/cart/ HTTP/1.1" 201 387 "-" "PostmanRuntime/7.29.0"

info: ::1 - - [30/Jan/2022:10:20:45 +0000] "POST /api/v1/cart/ HTTP/1.1" 201 281 "-" "PostmanRuntime/7.29.0"

info: ::1 - - [30/Jan/2022:10:20:59 +0000] "POST /api/v1/cart/ HTTP/1.1" 201 284 "-" "PostmanRuntime/7.29.0"

info: ::1 - - [30/Jan/2022:10:21:30 +0000] "GET /api/v1/books/ HTTP/1.1" 200 729 "http://localhost:3000/swagger_doc/" "Mozilla/5.0 (Windows NT 10.0; Win64; x64) AppleWebKit/537.36 (KHTML, like Gecko) Chrome/97.0.4692.99 Safari/537.36"

info: ::1 - - [30/Jan/2022:10:21:47 +0000] "POST /api/v1/cart/ HTTP/1.1" 201 284 "-" "PostmanRuntime/7.29.0"

info: ::1 - - [30/Jan/2022:10:22:07 +0000] "GET /api/v1/books/ HTTP/1.1" 200 729 "http://localhost:3000/swagger_doc/" "Mozilla/5.0 (Windows NT 10.0; Win64; x64) AppleWebKit/537.36 (KHTML, like Gecko) Chrome/97.0.4692.99 Safari/537.36"

info: ::1 - - [30/Jan/2022:10:22:21 +0000] "POST /api/v1/cart/ HTTP/1.1" 201 386 "-" "PostmanRuntime/7.29.0"

info: ::1 - - [30/Jan/2022:10:38:28 +0000] "POST /api/v1/cart/ HTTP/1.1" 201 283 "-" "PostmanRuntime/7.29.0"

info: ::1 - - [30/Jan/2022:10:38:33 +0000] "POST /api/v1/cart/ HTTP/1.1" 201 282 "-" "PostmanRuntime/7.29.0"

info: ::1 - - [30/Jan/2022:10:39:03 +0000] "POST /api/v1/cart/ HTTP/1.1" 201 282 "-" "PostmanRuntime/7.29.0"

info: ::1 - - [30/Jan/2022:10:39:53 +0000] "POST /api/v1/cart/ HTTP/1.1" 201 284 "-" "PostmanRuntime/7.29.0"

info: ::1 - - [30/Jan/2022:10:42:14 +0000] "POST /api/v1/cart/ HTTP/1.1" 201 284 "-" "PostmanRuntime/7.29.0"

info: ::1 - - [30/Jan/2022:10:42:19 +0000] "POST /api/v1/cart/ HTTP/1.1" 201 284 "-" "PostmanRuntime/7.29.0"

info: ::1 - - [30/Jan/2022:10:42:56 +0000] "POST /api/v1/cart/ HTTP/1.1" 201 284 "-" "PostmanRuntime/7.29.0"

info: ::1 - - [30/Jan/2022:10:43:07 +0000] "GET /api/v1/books/ HTTP/1.1" 200 729 "http://localhost:3000/swagger_doc/" "Mozilla/5.0 (Windows NT 10.0; Win64; x64) AppleWebKit/537.36 (KHTML, like Gecko) Chrome/97.0.4692.99 Safari/537.36"

info: ::1 - - [30/Jan/2022:10:43:32 +0000] "POST /api/v1/cart/ HTTP/1.1" 201 385 "-" "PostmanRuntime/7.29.0"

info: ::1 - - [30/Jan/2022:10:43:43 +0000] "GET /api/v1/books/ HTTP/1.1" 200 729 "http://localhost:3000/swagger_doc/" "Mozilla/5.0 (Windows NT 10.0; Win64; x64) AppleWebKit/537.36 (KHTML, like Gecko) Chrome/97.0.4692.99 Safari/537.36"

info: ::1 - - [30/Jan/2022:10:43:58 +0000] "POST /api/v1/cart/ HTTP/1.1" 201 387 "-" "PostmanRuntime/7.29.0"

info: ::1 - - [30/Jan/2022:10:45:19 +0000] "POST /api/v1/users/user_login HTTP/1.1" 200 256 "http://localhost:3000/swagger_doc/" "Mozilla/5.0 (Windows NT 10.0; Win64; x64) AppleWebKit/537.36 (KHTML, like Gecko) Chrome/97.0.4692.99 Safari/537.36"

info: ::1 - - [30/Jan/2022:10:45:37 +0000] "POST /api/v1/cart/ HTTP/1.1" 201 387 "-" "PostmanRuntime/7.29.0"

info: ::1 - - [30/Jan/2022:10:46:17 +0000] "POST /api/v1/users/user_login HTTP/1.1" 200 259 "http://localhost:3000/swagger_doc/" "Mozilla/5.0 (Windows NT 10.0; Win64; x64) AppleWebKit/537.36 (KHTML, like Gecko) Chrome/97.0.4692.99 Safari/537.36"

info: ::1 - - [30/Jan/2022:10:46:35 +0000] "POST /api/v1/cart/ HTTP/1.1" 201 281 "-" "PostmanRuntime/7.29.0"

info: ::1 - - [30/Jan/2022:10:46:52 +0000] "POST /api/v1/cart/ HTTP/1.1" 201 284 "-" "PostmanRuntime/7.29.0"

info: ::1 - - [30/Jan/2022:10:47:13 +0000] "GET /api/v1/books/ HTTP/1.1" 200 729 "http://localhost:3000/swagger_doc/" "Mozilla/5.0 (Windows NT 10.0; Win64; x64) AppleWebKit/537.36 (KHTML, like Gecko) Chrome/97.0.4692.99 Safari/537.36"

info: ::1 - - [30/Jan/2022:10:47:33 +0000] "POST /api/v1/cart/ HTTP/1.1" 201 387 "-" "PostmanRuntime/7.29.0"

info: ::1 - - [30/Jan/2022:10:47:40 +0000] "POST /api/v1/cart/ HTTP/1.1" 201 387 "-" "PostmanRuntime/7.29.0"

info: ::1 - - [30/Jan/2022:10:47:51 +0000] "GET /api/v1/books/ HTTP/1.1" 200 729 "http://localhost:3000/swagger_doc/" "Mozilla/5.0 (Windows NT 10.0; Win64; x64) AppleWebKit/537.36 (KHTML, like Gecko) Chrome/97.0.4692.99 Safari/537.36"

info: ::1 - - [30/Jan/2022:10:48:59 +0000] "POST /api/v1/cart/ HTTP/1.1" 201 387 "-" "PostmanRuntime/7.29.0"

info: ::1 - - [30/Jan/2022:10:50:40 +0000] "POST /api/v1/cart/ HTTP/1.1" 201 387 "-" "PostmanRuntime/7.29.0"

info: ::1 - - [30/Jan/2022:10:51:03 +0000] "POST /api/v1/cart/ HTTP/1.1" 201 284 "-" "PostmanRuntime/7.29.0"

info: ::1 - - [30/Jan/2022:10:51:07 +0000] "POST /api/v1/cart/ HTTP/1.1" 201 284 "-" "PostmanRuntime/7.29.0"

info: ::1 - - [30/Jan/2022:10:51:12 +0000] "POST /api/v1/cart/ HTTP/1.1" 201 284 "-" "PostmanRuntime/7.29.0"

info: ::1 - - [30/Jan/2022:10:51:20 +0000] "GET /api/v1/books/ HTTP/1.1" 200 729 "http://localhost:3000/swagger_doc/" "Mozilla/5.0 (Windows NT 10.0; Win64; x64) AppleWebKit/537.36 (KHTML, like Gecko) Chrome/97.0.4692.99 Safari/537.36"

info: ::1 - - [30/Jan/2022:10:51:34 +0000] "POST /api/v1/cart/ HTTP/1.1" 201 387 "-" "PostmanRuntime/7.29.0"

info: ::1 - - [30/Jan/2022:10:51:44 +0000] "POST /api/v1/cart/ HTTP/1.1" 201 387 "-" "PostmanRuntime/7.29.0"

info: ::1 - - [30/Jan/2022:10:51:49 +0000] "POST /api/v1/cart/ HTTP/1.1" 201 387 "-" "PostmanRuntime/7.29.0"

info: ::1 - - [30/Jan/2022:10:52:08 +0000] "POST /api/v1/cart/ HTTP/1.1" 201 388 "-" "PostmanRuntime/7.29.0"

info: ::1 - - [30/Jan/2022:10:52:15 +0000] "POST /api/v1/cart/ HTTP/1.1" 201 388 "-" "PostmanRuntime/7.29.0"

info: ::1 - - [30/Jan/2022:10:53:18 +0000] "GET /api/v1/books/ HTTP/1.1" 200 729 "http://localhost:3000/swagger_doc/" "Mozilla/5.0 (Windows NT 10.0; Win64; x64) AppleWebKit/537.36 (KHTML, like Gecko) Chrome/97.0.4692.99 Safari/537.36"

info: ::1 - - [30/Jan/2022:10:53:37 +0000] "POST /api/v1/cart/ HTTP/1.1" 201 491 "-" "PostmanRuntime/7.29.0"

info: ::1 - - [30/Jan/2022:10:54:07 +0000] "POST /api/v1/cart/ HTTP/1.1" 201 491 "-" "PostmanRuntime/7.29.0"

info: ::1 - - [30/Jan/2022:10:54:12 +0000] "POST /api/v1/cart/ HTTP/1.1" 201 491 "-" "PostmanRuntime/7.29.0"

info: ::1 - - [30/Jan/2022:10:54:28 +0000] "POST /api/v1/cart/ HTTP/1.1" 201 284 "-" "PostmanRuntime/7.29.0"

info: ::1 - - [30/Jan/2022:10:54:34 +0000] "POST /api/v1/cart/ HTTP/1.1" 201 284 "-" "PostmanRuntime/7.29.0"

info: ::1 - - [30/Jan/2022:10:54:57 +0000] "GET /api/v1/books/ HTTP/1.1" 200 729 "http://localhost:3000/swagger_doc/" "Mozilla/5.0 (Windows NT 10.0; Win64; x64) AppleWebKit/537.36 (KHTML, like Gecko) Chrome/97.0.4692.99 Safari/537.36"

info: ::1 - - [30/Jan/2022:10:55:19 +0000] "POST /api/v1/cart/ HTTP/1.1" 201 284 "-" "PostmanRuntime/7.29.0"

info: ::1 - - [30/Jan/2022:10:55:28 +0000] "GET /api/v1/books/ HTTP/1.1" 200 729 "http://localhost:3000/swagger_doc/" "Mozilla/5.0 (Windows NT 10.0; Win64; x64) AppleWebKit/537.36 (KHTML, like Gecko) Chrome/97.0.4692.99 Safari/537.36"

info: ::1 - - [30/Jan/2022:10:55:46 +0000] "POST /api/v1/cart/ HTTP/1.1" 201 387 "-" "PostmanRuntime/7.29.0"

info: ::1 - - [30/Jan/2022:10:55:56 +0000] "POST /api/v1/cart/ HTTP/1.1" 201 387 "-" "PostmanRuntime/7.29.0"

info: ::1 - - [30/Jan/2022:10:55:57 +0000] "POST /api/v1/cart/ HTTP/1.1" 201 387 "-" "PostmanRuntime/7.29.0"

info: ::1 - - [30/Jan/2022:10:57:46 +0000] "POST /api/v1/cart/ HTTP/1.1" 201 388 "-" "PostmanRuntime/7.29.0"

info: ::1 - - [30/Jan/2022:10:57:53 +0000] "POST /api/v1/cart/ HTTP/1.1" 201 389 "-" "PostmanRuntime/7.29.0"

info: ::1 - - [30/Jan/2022:10:58:07 +0000] "POST /api/v1/cart/ HTTP/1.1" 201 389 "-" "PostmanRuntime/7.29.0"

info: ::1 - - [30/Jan/2022:10:58:15 +0000] "POST /api/v1/cart/ HTTP/1.1" 201 389 "-" "PostmanRuntime/7.29.0"

info: ::1 - - [30/Jan/2022:11:07:00 +0000] "POST /api/v1/cart/ HTTP/1.1" 201 389 "-" "PostmanRuntime/7.29.0"

info: ::1 - - [30/Jan/2022:11:07:15 +0000] "POST /api/v1/cart/ HTTP/1.1" 201 389 "-" "PostmanRuntime/7.29.0"

info: ::1 - - [30/Jan/2022:11:07:42 +0000] "POST /api/v1/cart/ HTTP/1.1" 201 389 "-" "PostmanRuntime/7.29.0"

info: ::1 - - [30/Jan/2022:11:07:59 +0000] "POST /api/v1/cart/ HTTP/1.1" 500 53 "-" "PostmanRuntime/7.29.0"

info: ::1 - - [30/Jan/2022:11:08:09 +0000] "POST /api/v1/cart/ HTTP/1.1" 500 53 "-" "PostmanRuntime/7.29.0"

info: ::1 - - [30/Jan/2022:11:08:18 +0000] "POST /api/v1/cart/ HTTP/1.1" 201 389 "-" "PostmanRuntime/7.29.0"

info: ::1 - - [30/Jan/2022:11:08:36 +0000] "POST /api/v1/cart/ HTTP/1.1" 201 390 "-" "PostmanRuntime/7.29.0"

info: ::1 - - [30/Jan/2022:11:09:07 +0000] "POST /api/v1/cart/ HTTP/1.1" 201 390 "-" "PostmanRuntime/7.29.0"

info: ::1 - - [30/Jan/2022:11:09:22 +0000] "POST /api/v1/cart/ HTTP/1.1" 201 390 "-" "PostmanRuntime/7.29.0"

info: ::1 - - [30/Jan/2022:11:10:00 +0000] "GET /api/v1/books/ HTTP/1.1" 200 729 "http://localhost:3000/swagger_doc/" "Mozilla/5.0 (Windows NT 10.0; Win64; x64) AppleWebKit/537.36 (KHTML, like Gecko) Chrome/97.0.4692.99 Safari/537.36"

info: ::1 - - [30/Jan/2022:11:20:32 +0000] "POST /api/v1/cart/ HTTP/1.1" 201 281 "-" "PostmanRuntime/7.29.0"

info: ::1 - - [30/Jan/2022:11:20:38 +0000] "POST /api/v1/cart/ HTTP/1.1" 201 284 "-" "PostmanRuntime/7.29.0"

info: ::1 - - [30/Jan/2022:11:20:44 +0000] "POST /api/v1/cart/ HTTP/1.1" 201 284 "-" "PostmanRuntime/7.29.0"

info: ::1 - - [30/Jan/2022:11:20:56 +0000] "POST /api/v1/cart/ HTTP/1.1" 201 386 "-" "PostmanRuntime/7.29.0"

info: ::1 - - [30/Jan/2022:11:21:02 +0000] "POST /api/v1/cart/ HTTP/1.1" 201 387 "-" "PostmanRuntime/7.29.0"

info: ::1 - - [30/Jan/2022:11:52:34 +0000] "GET /api/v1/cart/ HTTP/1.1" 200 384 "-" "PostmanRuntime/7.29.0"

info: ::1 - - [30/Jan/2022:11:53:18 +0000] "POST /api/v1/cart/ HTTP/1.1" 201 387 "-" "PostmanRuntime/7.29.0"

info: ::1 - - [30/Jan/2022:11:54:33 +0000] "POST /api/v1/users/user_login HTTP/1.1" 200 256 "http://localhost:3000/swagger_doc/" "Mozilla/5.0 (Windows NT 10.0; Win64; x64) AppleWebKit/537.36 (KHTML, like Gecko) Chrome/97.0.4692.99 Safari/537.36"

info: ::1 - - [30/Jan/2022:11:54:54 +0000] "POST /api/v1/cart/ HTTP/1.1" 201 387 "-" "PostmanRuntime/7.29.0"

info: ::1 - - [30/Jan/2022:11:55:02 +0000] "GET /api/v1/cart/ HTTP/1.1" 200 384 "-" "PostmanRuntime/7.29.0"

info: ::1 - - [30/Jan/2022:11:55:35 +0000] "POST /api/v1/users/user_login HTTP/1.1" 200 259 "http://localhost:3000/swagger_doc/" "Mozilla/5.0 (Windows NT 10.0; Win64; x64) AppleWebKit/537.36 (KHTML, like Gecko) Chrome/97.0.4692.99 Safari/537.36"

info: ::1 - - [30/Jan/2022:11:55:53 +0000] "GET /api/v1/cart/ HTTP/1.1" 200 59 "-" "PostmanRuntime/7.29.0"

info: ::1 - - [30/Jan/2022:11:56:00 +0000] "POST /api/v1/cart/ HTTP/1.1" 201 283 "-" "PostmanRuntime/7.29.0"

info: ::1 - - [30/Jan/2022:11:56:07 +0000] "GET /api/v1/cart/ HTTP/1.1" 200 280 "-" "PostmanRuntime/7.29.0"

info: ::1 - - [30/Jan/2022:11:57:07 +0000] "GET /api/v1/cart/ HTTP/1.1" 200 280 "-" "PostmanRuntime/7.29.0"

info: ::1 - - [30/Jan/2022:11:57:20 +0000] "GET /api/v1/cart/ HTTP/1.1" 200 384 "-" "PostmanRuntime/7.29.0"

info: ::1 - - [30/Jan/2022:12:46:05 +0000] "GET /api/v1/cart/ HTTP/1.1" 200 384 "-" "PostmanRuntime/7.29.0"

info: ::1 - - [30/Jan/2022:12:46:30 +0000] "GET /api/v1/cart/ HTTP/1.1" 200 384 "-" "PostmanRuntime/7.29.0"

info: ::1 - - [30/Jan/2022:12:46:39 +0000] "POST /api/v1/cart/ HTTP/1.1" 201 387 "-" "PostmanRuntime/7.29.0"

info: ::1 - - [30/Jan/2022:12:47:09 +0000] "DELETE /api/v1/cart/ HTTP/1.1" 200 94 "-" "PostmanRuntime/7.29.0"

info: ::1 - - [30/Jan/2022:12:55:56 +0000] "DELETE /api/v1/cart/ HTTP/1.1" 500 79 "-" "PostmanRuntime/7.29.0"

info: ::1 - - [30/Jan/2022:12:56:34 +0000] "DELETE /api/v1/cart/ HTTP/1.1" 200 72 "-" "PostmanRuntime/7.29.0"

info: ::1 - - [30/Jan/2022:12:56:34 +0000] "DELETE /api/v1/cart/ HTTP/1.1" 200 72 "-" "PostmanRuntime/7.29.0"

info: ::1 - - [30/Jan/2022:13:03:44 +0000] "DELETE /api/v1/cart/ HTTP/1.1" 200 72 "-" "PostmanRuntime/7.29.0"

info: ::1 - - [30/Jan/2022:13:04:24 +0000] "DELETE /api/v1/cart/ HTTP/1.1" 200 72 "-" "PostmanRuntime/7.29.0"

info: ::1 - - [30/Jan/2022:13:05:02 +0000] "DELETE /api/v1/cart/ HTTP/1.1" 200 72 "-" "PostmanRuntime/7.29.0"

info: ::1 - - [30/Jan/2022:13:05:26 +0000] "DELETE /api/v1/cart/ HTTP/1.1" 200 72 "-" "PostmanRuntime/7.29.0"

info: ::1 - - [30/Jan/2022:13:05:53 +0000] "DELETE /api/v1/cart/ HTTP/1.1" 200 72 "-" "PostmanRuntime/7.29.0"

info: ::1 - - [30/Jan/2022:13:06:26 +0000] "DELETE /api/v1/cart/ HTTP/1.1" 200 72 "-" "PostmanRuntime/7.29.0"

info: ::1 - - [30/Jan/2022:13:10:31 +0000] "DELETE /api/v1/cart/ HTTP/1.1" 500 69 "-" "PostmanRuntime/7.29.0"

info: ::1 - - [30/Jan/2022:13:11:00 +0000] "DELETE /api/v1/cart/ HTTP/1.1" 200 94 "-" "PostmanRuntime/7.29.0"

info: ::1 - - [30/Jan/2022:13:13:25 +0000] "POST /api/v1/cart/ HTTP/1.1" 201 283 "-" "PostmanRuntime/7.29.0"

info: ::1 - - [30/Jan/2022:13:13:30 +0000] "POST /api/v1/cart/ HTTP/1.1" 201 284 "-" "PostmanRuntime/7.29.0"

info: ::1 - - [30/Jan/2022:13:13:32 +0000] "POST /api/v1/cart/ HTTP/1.1" 201 284 "-" "PostmanRuntime/7.29.0"

info: ::1 - - [30/Jan/2022:13:13:36 +0000] "POST /api/v1/cart/ HTTP/1.1" 201 284 "-" "PostmanRuntime/7.29.0"

info: ::1 - - [30/Jan/2022:13:13:43 +0000] "POST /api/v1/cart/ HTTP/1.1" 201 284 "-" "PostmanRuntime/7.29.0"

info: ::1 - - [30/Jan/2022:13:13:59 +0000] "POST /api/v1/users/user_login HTTP/1.1" 200 259 "http://localhost:3000/swagger_doc/" "Mozilla/5.0 (Windows NT 10.0; Win64; x64) AppleWebKit/537.36 (KHTML, like Gecko) Chrome/97.0.4692.99 Safari/537.36"

info: ::1 - - [30/Jan/2022:13:14:12 +0000] "GET /api/v1/books/ HTTP/1.1" 200 729 "http://localhost:3000/swagger_doc/" "Mozilla/5.0 (Windows NT 10.0; Win64; x64) AppleWebKit/537.36 (KHTML, like Gecko) Chrome/97.0.4692.99 Safari/537.36"

info: ::1 - - [30/Jan/2022:13:14:26 +0000] "POST /api/v1/cart/ HTTP/1.1" 201 385 "-" "PostmanRuntime/7.29.0"

info: ::1 - - [30/Jan/2022:13:14:34 +0000] "POST /api/v1/cart/ HTTP/1.1" 201 387 "-" "PostmanRuntime/7.29.0"

info: ::1 - - [30/Jan/2022:13:14:56 +0000] "DELETE /api/v1/cart/ HTTP/1.1" 200 94 "-" "PostmanRuntime/7.29.0"

info: ::1 - - [30/Jan/2022:13:38:42 +0000] "PATCH /api/v1/cart/ HTTP/1.1" 500 82 "-" "PostmanRuntime/7.29.0"

info: ::1 - - [30/Jan/2022:13:41:00 +0000] "DELETE /api/v1/cart/ HTTP/1.1" 500 82 "-" "PostmanRuntime/7.29.0"

info: ::1 - - [30/Jan/2022:13:41:01 +0000] "DELETE /api/v1/cart/ HTTP/1.1" 500 82 "-" "PostmanRuntime/7.29.0"

info: ::1 - - [30/Jan/2022:13:42:00 +0000] "DELETE /api/v1/cart/ HTTP/1.1" 500 82 "-" "PostmanRuntime/7.29.0"

info: ::1 - - [30/Jan/2022:13:44:15 +0000] "PATCH /api/v1/cart/ HTTP/1.1" 200 94 "-" "PostmanRuntime/7.29.0"

info: ::1 - - [30/Jan/2022:13:44:28 +0000] "PATCH /api/v1/cart/ HTTP/1.1" 500 82 "-" "PostmanRuntime/7.29.0"

info: ::1 - - [30/Jan/2022:13:45:29 +0000] "PATCH /api/v1/cart/ HTTP/1.1" 500 82 "-" "PostmanRuntime/7.29.0"

info: ::1 - - [30/Jan/2022:13:45:31 +0000] "PATCH /api/v1/cart/ HTTP/1.1" 500 82 "-" "PostmanRuntime/7.29.0"

info: ::1 - - [30/Jan/2022:13:45:32 +0000] "PATCH /api/v1/cart/ HTTP/1.1" 500 82 "-" "PostmanRuntime/7.29.0"

info: ::1 - - [30/Jan/2022:13:45:54 +0000] "PATCH /api/v1/cart/ HTTP/1.1" 500 82 "-" "PostmanRuntime/7.29.0"

