info: ::ffff:127.0.0.1 - - [31/Jan/2022:18:30:13 +0000] "POST /api/v1/wishlist/61f8299c20bebd4478718981 HTTP/1.1" 500 55 "-" "Thunder Client (https://www.thunderclient.com)"

info: ::ffff:127.0.0.1 - - [31/Jan/2022:18:30:39 +0000] "POST /api/v1/wishlist/61f64042a99dbd428ca5261c HTTP/1.1" 200 395 "-" "Thunder Client (https://www.thunderclient.com)"

info: ::1 - - [31/Jan/2022:18:36:26 +0000] "POST /api/v1/users/user_login HTTP/1.1" 200 259 "http://localhost:3000/swagger_doc/" "Mozilla/5.0 (Windows NT 10.0; Win64; x64) AppleWebKit/537.36 (KHTML, like Gecko) Chrome/97.0.4692.99 Safari/537.36"

info: ::1 - - [31/Jan/2022:18:37:02 +0000] "GET /api/v1/cart/ HTTP/1.1" 200 386 "http://localhost:3000/swagger_doc/" "Mozilla/5.0 (Windows NT 10.0; Win64; x64) AppleWebKit/537.36 (KHTML, like Gecko) Chrome/97.0.4692.99 Safari/537.36"

info: ::1 - - [31/Jan/2022:18:37:31 +0000] "GET /api/v1/books/ HTTP/1.1" 304 - "http://localhost:3000/swagger_doc/" "Mozilla/5.0 (Windows NT 10.0; Win64; x64) AppleWebKit/537.36 (KHTML, like Gecko) Chrome/97.0.4692.99 Safari/537.36"

info: ::1 - - [31/Jan/2022:18:38:07 +0000] "POST /api/v1/cart/ HTTP/1.1" 201 389 "http://localhost:3000/swagger_doc/" "Mozilla/5.0 (Windows NT 10.0; Win64; x64) AppleWebKit/537.36 (KHTML, like Gecko) Chrome/97.0.4692.99 Safari/537.36"

info: ::1 - - [31/Jan/2022:18:38:24 +0000] "POST /api/v1/cart/ HTTP/1.1" 201 389 "http://localhost:3000/swagger_doc/" "Mozilla/5.0 (Windows NT 10.0; Win64; x64) AppleWebKit/537.36 (KHTML, like Gecko) Chrome/97.0.4692.99 Safari/537.36"

info: ::1 - - [31/Jan/2022:18:38:38 +0000] "POST /api/v1/cart/ HTTP/1.1" 500 53 "http://localhost:3000/swagger_doc/" "Mozilla/5.0 (Windows NT 10.0; Win64; x64) AppleWebKit/537.36 (KHTML, like Gecko) Chrome/97.0.4692.99 Safari/537.36"

info: ::1 - - [31/Jan/2022:18:38:51 +0000] "POST /api/v1/cart/ HTTP/1.1" 500 58 "http://localhost:3000/swagger_doc/" "Mozilla/5.0 (Windows NT 10.0; Win64; x64) AppleWebKit/537.36 (KHTML, like Gecko) Chrome/97.0.4692.99 Safari/537.36"

info: ::1 - - [31/Jan/2022:18:39:45 +0000] "POST /api/v1/cart/ HTTP/1.1" 201 284 "http://localhost:3000/swagger_doc/" "Mozilla/5.0 (Windows NT 10.0; Win64; x64) AppleWebKit/537.36 (KHTML, like Gecko) Chrome/97.0.4692.99 Safari/537.36"

info: ::1 - - [31/Jan/2022:18:39:50 +0000] "POST /api/v1/cart/ HTTP/1.1" 201 284 "http://localhost:3000/swagger_doc/" "Mozilla/5.0 (Windows NT 10.0; Win64; x64) AppleWebKit/537.36 (KHTML, like Gecko) Chrome/97.0.4692.99 Safari/537.36"

info: ::1 - - [31/Jan/2022:18:40:00 +0000] "GET /api/v1/books/ HTTP/1.1" 200 729 "http://localhost:3000/swagger_doc/" "Mozilla/5.0 (Windows NT 10.0; Win64; x64) AppleWebKit/537.36 (KHTML, like Gecko) Chrome/97.0.4692.99 Safari/537.36"

info: ::1 - - [31/Jan/2022:18:40:14 +0000] "POST /api/v1/cart/ HTTP/1.1" 201 284 "http://localhost:3000/swagger_doc/" "Mozilla/5.0 (Windows NT 10.0; Win64; x64) AppleWebKit/537.36 (KHTML, like Gecko) Chrome/97.0.4692.99 Safari/537.36"

info: ::1 - - [31/Jan/2022:18:40:21 +0000] "GET /api/v1/books/ HTTP/1.1" 200 729 "http://localhost:3000/swagger_doc/" "Mozilla/5.0 (Windows NT 10.0; Win64; x64) AppleWebKit/537.36 (KHTML, like Gecko) Chrome/97.0.4692.99 Safari/537.36"

info: ::1 - - [31/Jan/2022:18:41:11 +0000] "POST /api/v1/cart/ HTTP/1.1" 201 388 "http://localhost:3000/swagger_doc/" "Mozilla/5.0 (Windows NT 10.0; Win64; x64) AppleWebKit/537.36 (KHTML, like Gecko) Chrome/97.0.4692.99 Safari/537.36"

info: ::1 - - [31/Jan/2022:18:41:30 +0000] "GET /api/v1/books/ HTTP/1.1" 200 729 "http://localhost:3000/swagger_doc/" "Mozilla/5.0 (Windows NT 10.0; Win64; x64) AppleWebKit/537.36 (KHTML, like Gecko) Chrome/97.0.4692.99 Safari/537.36"

info: ::1 - - [31/Jan/2022:18:41:42 +0000] "POST /api/v1/cart/ HTTP/1.1" 201 389 "http://localhost:3000/swagger_doc/" "Mozilla/5.0 (Windows NT 10.0; Win64; x64) AppleWebKit/537.36 (KHTML, like Gecko) Chrome/97.0.4692.99 Safari/537.36"

info: ::1 - - [31/Jan/2022:18:41:52 +0000] "GET /api/v1/books/ HTTP/1.1" 200 728 "http://localhost:3000/swagger_doc/" "Mozilla/5.0 (Windows NT 10.0; Win64; x64) AppleWebKit/537.36 (KHTML, like Gecko) Chrome/97.0.4692.99 Safari/537.36"

info: ::ffff:127.0.0.1 - - [31/Jan/2022:19:09:06 +0000] "POST /api/v1/wishlist/61f64042a99dbd428ca5261c HTTP/1.1" 201 395 "-" "Thunder Client (https://www.thunderclient.com)"

info: ::ffff:127.0.0.1 - - [31/Jan/2022:19:09:19 +0000] "PATCH /api/v1/wishlist/61f64042a99dbd428ca5261c HTTP/1.1" 200 58 "-" "Thunder Client (https://www.thunderclient.com)"

info: ::ffff:127.0.0.1 - - [31/Jan/2022:19:09:49 +0000] "PATCH /api/v1/wishlist/61f64042a99dbd428ca5261c HTTP/1.1" 500 55 "-" "Thunder Client (https://www.thunderclient.com)"

info: ::ffff:127.0.0.1 - - [31/Jan/2022:19:10:16 +0000] "PATCH /api/v1/wishlist/61f64054a99dbd428ca5261e HTTP/1.1" 200 58 "-" "Thunder Client (https://www.thunderclient.com)"

info: ::ffff:127.0.0.1 - - [31/Jan/2022:19:10:37 +0000] "PATCH /api/v1/wishlist/61f64054a99dbd428ca5261e HTTP/1.1" 500 55 "-" "Thunder Client (https://www.thunderclient.com)"

