info: ::1 - - [26/Jan/2022:18:30:12 +0000] "POST /api/v1/books/AddBook HTTP/1.1" 500 52 "-" "PostmanRuntime/7.29.0"

info: ::1 - - [26/Jan/2022:18:30:15 +0000] "POST /api/v1/books/AddBook HTTP/1.1" 500 52 "-" "PostmanRuntime/7.29.0"

info: ::1 - - [26/Jan/2022:18:37:43 +0000] "POST /api/v1/books/AddBook HTTP/1.1" 500 52 "-" "PostmanRuntime/7.29.0"

info: ::1 - - [26/Jan/2022:18:38:01 +0000] "POST /api/v1/books/AddBook HTTP/1.1" 500 52 "-" "PostmanRuntime/7.29.0"

info: ::1 - - [26/Jan/2022:18:38:28 +0000] "POST /api/v1/books/AddBook HTTP/1.1" 500 52 "-" "PostmanRuntime/7.29.0"

info: ::1 - - [26/Jan/2022:18:38:31 +0000] "POST /api/v1/books/AddBook HTTP/1.1" 500 52 "-" "PostmanRuntime/7.29.0"

info: ::1 - - [26/Jan/2022:18:38:36 +0000] "POST /api/v1/books/AddBook HTTP/1.1" 500 52 "-" "PostmanRuntime/7.29.0"

info: ::1 - - [26/Jan/2022:18:39:06 +0000] "POST /api/v1/books/AddBook HTTP/1.1" 500 48 "-" "PostmanRuntime/7.29.0"

info: ::1 - - [26/Jan/2022:18:40:57 +0000] "POST /api/v1/books/AddBook HTTP/1.1" 500 48 "-" "PostmanRuntime/7.29.0"

info: ::1 - - [26/Jan/2022:18:40:59 +0000] "POST /api/v1/books/AddBook HTTP/1.1" 500 48 "-" "PostmanRuntime/7.29.0"

info: ::1 - - [26/Jan/2022:18:41:53 +0000] "POST /api/v1/books/AddBook HTTP/1.1" 500 48 "-" "PostmanRuntime/7.29.0"

info: ::1 - - [26/Jan/2022:18:41:54 +0000] "POST /api/v1/books/AddBook HTTP/1.1" 500 48 "-" "PostmanRuntime/7.29.0"

info: ::1 - - [26/Jan/2022:18:42:01 +0000] "POST /api/v1/books/AddBook HTTP/1.1" 500 52 "-" "PostmanRuntime/7.29.0"

info: ::1 - - [26/Jan/2022:18:42:02 +0000] "POST /api/v1/books/AddBook HTTP/1.1" 500 52 "-" "PostmanRuntime/7.29.0"

info: ::1 - - [26/Jan/2022:18:42:27 +0000] "POST /api/v1/books/AddBook HTTP/1.1" 201 281 "-" "PostmanRuntime/7.29.0"

info: ::1 - - [26/Jan/2022:18:42:41 +0000] "POST /api/v1/books/AddBook HTTP/1.1" 500 48 "-" "PostmanRuntime/7.29.0"

info: ::1 - - [26/Jan/2022:18:42:46 +0000] "POST /api/v1/books/AddBook HTTP/1.1" 201 281 "-" "PostmanRuntime/7.29.0"

info: ::1 - - [26/Jan/2022:18:43:02 +0000] "POST /api/v1/books/AddBook HTTP/1.1" 500 52 "-" "PostmanRuntime/7.29.0"

info: ::1 - - [26/Jan/2022:18:44:30 +0000] "POST /api/v1/books/AddBook HTTP/1.1" 201 281 "-" "PostmanRuntime/7.29.0"

info: ::1 - - [26/Jan/2022:18:45:09 +0000] "POST /api/v1/books/AddBook HTTP/1.1" 500 48 "-" "PostmanRuntime/7.29.0"

info: ::1 - - [26/Jan/2022:18:45:46 +0000] "POST /api/v1/books/AddBook HTTP/1.1" 500 48 "-" "PostmanRuntime/7.29.0"

info: ::1 - - [26/Jan/2022:18:49:10 +0000] "POST /api/v1/books/AddBook HTTP/1.1" 500 48 "-" "PostmanRuntime/7.29.0"

info: ::1 - - [26/Jan/2022:18:49:52 +0000] "POST /api/v1/books/AddBook HTTP/1.1" 500 48 "-" "PostmanRuntime/7.29.0"

info: ::1 - - [26/Jan/2022:18:51:36 +0000] "POST /api/v1/books/AddBook HTTP/1.1" 500 48 "-" "PostmanRuntime/7.29.0"

info: ::1 - - [26/Jan/2022:18:52:59 +0000] "POST /api/v1/books/AddBook HTTP/1.1" 500 48 "-" "PostmanRuntime/7.29.0"

info: ::1 - - [26/Jan/2022:18:53:31 +0000] "POST /api/v1/books/AddBook HTTP/1.1" 500 48 "-" "PostmanRuntime/7.29.0"

info: ::1 - - [26/Jan/2022:18:53:33 +0000] "POST /api/v1/books/AddBook HTTP/1.1" 500 48 "-" "PostmanRuntime/7.29.0"

info: ::1 - - [26/Jan/2022:18:54:06 +0000] "POST /api/v1/books/AddBook HTTP/1.1" 500 52 "-" "PostmanRuntime/7.29.0"

info: ::1 - - [26/Jan/2022:18:54:08 +0000] "POST /api/v1/books/AddBook HTTP/1.1" 500 52 "-" "PostmanRuntime/7.29.0"

info: ::1 - - [26/Jan/2022:18:54:39 +0000] "POST /api/v1/books/AddBook HTTP/1.1" 201 281 "-" "PostmanRuntime/7.29.0"

info: ::1 - - [26/Jan/2022:18:55:44 +0000] "POST /api/v1/books/AddBook HTTP/1.1" 201 281 "-" "PostmanRuntime/7.29.0"

info: ::1 - - [26/Jan/2022:18:55:56 +0000] "POST /api/v1/books/AddBook HTTP/1.1" 500 52 "-" "PostmanRuntime/7.29.0"

info: ::1 - - [26/Jan/2022:18:56:20 +0000] "POST /api/v1/books/AddBook HTTP/1.1" 500 48 "-" "PostmanRuntime/7.29.0"

info: ::1 - - [26/Jan/2022:18:56:22 +0000] "POST /api/v1/books/AddBook HTTP/1.1" 500 48 "-" "PostmanRuntime/7.29.0"

info: ::1 - - [26/Jan/2022:18:56:26 +0000] "POST /api/v1/books/AddBook HTTP/1.1" 500 48 "-" "PostmanRuntime/7.29.0"

info: ::1 - - [26/Jan/2022:18:57:09 +0000] "POST /api/v1/books/AddBook HTTP/1.1" 500 48 "-" "PostmanRuntime/7.29.0"

info: ::1 - - [26/Jan/2022:18:57:53 +0000] "POST /api/v1/books/AddBook HTTP/1.1" 500 48 "-" "PostmanRuntime/7.29.0"

info: ::1 - - [26/Jan/2022:18:57:54 +0000] "POST /api/v1/books/AddBook HTTP/1.1" 500 48 "-" "PostmanRuntime/7.29.0"

info: ::1 - - [26/Jan/2022:19:04:17 +0000] "POST /api/v1/books/AddBook HTTP/1.1" 500 48 "-" "PostmanRuntime/7.29.0"

info: ::1 - - [26/Jan/2022:19:04:19 +0000] "POST /api/v1/books/AddBook HTTP/1.1" 500 48 "-" "PostmanRuntime/7.29.0"

info: ::1 - - [26/Jan/2022:19:05:18 +0000] "POST /api/v1/books/AddBook HTTP/1.1" 500 48 "-" "PostmanRuntime/7.29.0"

info: ::1 - - [26/Jan/2022:19:07:00 +0000] "POST /api/v1/books/AddBook HTTP/1.1" 500 48 "-" "PostmanRuntime/7.29.0"

info: ::1 - - [26/Jan/2022:19:07:09 +0000] "POST /api/v1/books/AddBook HTTP/1.1" 500 52 "-" "PostmanRuntime/7.29.0"

info: ::1 - - [26/Jan/2022:19:07:10 +0000] "POST /api/v1/books/AddBook HTTP/1.1" 500 52 "-" "PostmanRuntime/7.29.0"

info: ::1 - - [26/Jan/2022:19:07:11 +0000] "POST /api/v1/books/AddBook HTTP/1.1" 500 52 "-" "PostmanRuntime/7.29.0"

info: ::1 - - [26/Jan/2022:19:07:57 +0000] "POST /api/v1/books/AddBook HTTP/1.1" 500 52 "-" "PostmanRuntime/7.29.0"

info: ::1 - - [26/Jan/2022:19:07:58 +0000] "POST /api/v1/books/AddBook HTTP/1.1" 500 52 "-" "PostmanRuntime/7.29.0"

info: ::1 - - [26/Jan/2022:19:08:15 +0000] "POST /api/v1/books/AddBook HTTP/1.1" 500 48 "-" "PostmanRuntime/7.29.0"

info: ::1 - - [26/Jan/2022:19:08:38 +0000] "POST /api/v1/books/AddBook HTTP/1.1" 201 281 "-" "PostmanRuntime/7.29.0"

info: ::1 - - [26/Jan/2022:19:38:52 +0000] "POST /api/v1/books/UpdateBook HTTP/1.1" 201 256 "-" "PostmanRuntime/7.29.0"

info: ::1 - - [26/Jan/2022:19:55:58 +0000] "POST /api/v1/books/UpdateBook HTTP/1.1" 201 281 "-" "PostmanRuntime/7.29.0"

info: ::1 - - [26/Jan/2022:20:04:28 +0000] "DELETE /api/v1/books/DeleteBook/61f17225a93a8152a82ece0c HTTP/1.1" 404 47 "-" "PostmanRuntime/7.29.0"

info: ::1 - - [26/Jan/2022:20:05:15 +0000] "DELETE /api/v1/books/DeleteBook/61f17225a93a8152a82ece0c HTTP/1.1" 404 47 "-" "PostmanRuntime/7.29.0"

info: ::1 - - [26/Jan/2022:20:05:25 +0000] "DELETE /api/v1/books/DeleteBook/ HTTP/1.1" 404 47 "-" "PostmanRuntime/7.29.0"

info: ::1 - - [26/Jan/2022:20:07:06 +0000] "DELETE /api/v1/books/DeleteBook/61f17225a93a8152a82ece0c HTTP/1.1" 404 47 "-" "PostmanRuntime/7.29.0"

info: ::1 - - [26/Jan/2022:20:07:07 +0000] "DELETE /api/v1/books/DeleteBook/61f17225a93a8152a82ece0c HTTP/1.1" 404 47 "-" "PostmanRuntime/7.29.0"

info: ::1 - - [26/Jan/2022:20:07:16 +0000] "DELETE /api/v1/books/DeleteBook HTTP/1.1" 404 47 "-" "PostmanRuntime/7.29.0"

info: ::1 - - [26/Jan/2022:20:07:37 +0000] "DELETE /api/v1/books/DeleteBook HTTP/1.1" 404 47 "-" "PostmanRuntime/7.29.0"

info: ::1 - - [26/Jan/2022:20:07:41 +0000] "DELETE /api/v1/books/DeleteBook HTTP/1.1" 404 47 "-" "PostmanRuntime/7.29.0"

info: ::1 - - [26/Jan/2022:20:07:54 +0000] "DELETE /api/v1/books/DeleteBook HTTP/1.1" 404 47 "-" "PostmanRuntime/7.29.0"

info: ::1 - - [26/Jan/2022:20:07:56 +0000] "DELETE /api/v1/books/DeleteBook HTTP/1.1" 404 47 "-" "PostmanRuntime/7.29.0"

info: ::1 - - [26/Jan/2022:20:07:57 +0000] "DELETE /api/v1/books/DeleteBook HTTP/1.1" 404 47 "-" "PostmanRuntime/7.29.0"

info: ::1 - - [26/Jan/2022:20:07:57 +0000] "DELETE /api/v1/books/DeleteBook HTTP/1.1" 404 47 "-" "PostmanRuntime/7.29.0"

info: ::1 - - [26/Jan/2022:20:08:50 +0000] "DELETE /api/v1/books/DeleteBook/61f17225a93a8152a82ece0c HTTP/1.1" 201 66 "-" "PostmanRuntime/7.29.0"

info: ::1 - - [26/Jan/2022:20:09:15 +0000] "DELETE /api/v1/books/DeleteBook/61f16f81f572003d1c0fce8e HTTP/1.1" 201 66 "-" "PostmanRuntime/7.29.0"

info: ::1 - - [26/Jan/2022:20:17:19 +0000] "DELETE /api/v1/books/FetchBook/61f16f81f572003d1c0fce8e HTTP/1.1" 404 47 "-" "PostmanRuntime/7.29.0"

info: ::1 - - [26/Jan/2022:20:17:35 +0000] "GET /api/v1/books/FetchBook/61f16f81f572003d1c0fce8e HTTP/1.1" 200 61 "-" "PostmanRuntime/7.29.0"

info: ::1 - - [26/Jan/2022:20:18:45 +0000] "GET /api/v1/books/FetchBook/61f16f81f572003d1c0fce8e HTTP/1.1" 500 49 "-" "PostmanRuntime/7.29.0"

info: ::1 - - [26/Jan/2022:20:18:45 +0000] "GET /api/v1/books/FetchBook/61f16f81f572003d1c0fce8e HTTP/1.1" 500 49 "-" "PostmanRuntime/7.29.0"

info: ::1 - - [26/Jan/2022:20:20:36 +0000] "GET /api/v1/books/FetchBook/61f172ce1e04cd128c10add0 HTTP/1.1" 200 281 "-" "PostmanRuntime/7.29.0"

info: ::1 - - [26/Jan/2022:20:21:30 +0000] "GET /api/v1/books/UpdateBook HTTP/1.1" 404 47 "-" "PostmanRuntime/7.29.0"

info: ::1 - - [26/Jan/2022:20:21:36 +0000] "GET /api/v1/books/UpdateBook HTTP/1.1" 404 47 "-" "PostmanRuntime/7.29.0"

info: ::1 - - [26/Jan/2022:20:21:59 +0000] "POST /api/v1/books/UpdateBook HTTP/1.1" 201 281 "-" "PostmanRuntime/7.29.0"

info: ::1 - - [26/Jan/2022:20:22:34 +0000] "POST /api/v1/books/UpdateBook HTTP/1.1" 201 281 "-" "PostmanRuntime/7.29.0"

info: ::1 - - [26/Jan/2022:20:22:57 +0000] "POST /api/v1/books/UpdateBook HTTP/1.1" 500 49 "-" "PostmanRuntime/7.29.0"

