info: ::1 - - [28/Jan/2022:19:09:01 +0000] "POST /api/v1/books/ HTTP/1.1" 500 52 "-" "PostmanRuntime/7.29.0"

info: ::1 - - [28/Jan/2022:19:19:11 +0000] "POST /api/v1/books/ HTTP/1.1" 500 52 "-" "PostmanRuntime/7.29.0"

info: ::1 - - [28/Jan/2022:19:19:46 +0000] "POST /api/v1/users/admin_login HTTP/1.1" 200 259 "http://localhost:3000/swagger_doc/" "Mozilla/5.0 (Windows NT 10.0; Win64; x64) AppleWebKit/537.36 (KHTML, like Gecko) Chrome/97.0.4692.99 Safari/537.36"

info: ::1 - - [28/Jan/2022:19:21:00 +0000] "POST /api/v1/users/admin_login HTTP/1.1" 200 259 "http://localhost:3000/swagger_doc/" "Mozilla/5.0 (Windows NT 10.0; Win64; x64) AppleWebKit/537.36 (KHTML, like Gecko) Chrome/97.0.4692.99 Safari/537.36"

info: ::1 - - [28/Jan/2022:19:21:36 +0000] "POST /api/v1/books/ HTTP/1.1" 201 277 "http://localhost:3000/swagger_doc/" "Mozilla/5.0 (Windows NT 10.0; Win64; x64) AppleWebKit/537.36 (KHTML, like Gecko) Chrome/97.0.4692.99 Safari/537.36"

info: ::1 - - [28/Jan/2022:19:23:04 +0000] "POST /api/v1/cart/ HTTP/1.1" 500 149 "-" "PostmanRuntime/7.29.0"

info: ::1 - - [28/Jan/2022:19:25:41 +0000] "POST /api/v1/cart/ HTTP/1.1" 201 247 "-" "PostmanRuntime/7.29.0"

info: ::1 - - [28/Jan/2022:19:26:48 +0000] "POST /api/v1/cart/ HTTP/1.1" 201 265 "-" "PostmanRuntime/7.29.0"

info: ::1 - - [28/Jan/2022:19:26:49 +0000] "POST /api/v1/cart/ HTTP/1.1" 201 265 "-" "PostmanRuntime/7.29.0"

info: ::ffff:127.0.0.1 - - [28/Jan/2022:19:33:24 +0000] "POST /api/v1/books/ HTTP/1.1" 201 274 "http://localhost:3000/swagger_doc/" "Mozilla/5.0 (Windows NT 10.0; Win64; x64) AppleWebKit/537.36 (KHTML, like Gecko) Chrome/97.0.4692.99 Safari/537.36"

info: ::1 - - [28/Jan/2022:19:33:46 +0000] "POST /api/v1/cart/ HTTP/1.1" 500 52 "-" "PostmanRuntime/7.29.0"

info: ::1 - - [28/Jan/2022:19:33:57 +0000] "POST /api/v1/cart/ HTTP/1.1" 201 265 "-" "PostmanRuntime/7.29.0"

info: ::1 - - [28/Jan/2022:19:34:06 +0000] "POST /api/v1/cart/ HTTP/1.1" 201 265 "-" "PostmanRuntime/7.29.0"

info: ::1 - - [28/Jan/2022:19:36:57 +0000] "POST /api/v1/cart/ HTTP/1.1" 201 265 "-" "PostmanRuntime/7.29.0"

info: ::1 - - [28/Jan/2022:19:37:15 +0000] "POST /api/v1/cart/ HTTP/1.1" 201 265 "-" "PostmanRuntime/7.29.0"

info: ::1 - - [28/Jan/2022:19:39:48 +0000] "POST /api/v1/cart/ HTTP/1.1" 500 109 "-" "PostmanRuntime/7.29.0"

info: ::1 - - [28/Jan/2022:19:40:03 +0000] "POST /api/v1/cart/ HTTP/1.1" 500 109 "-" "PostmanRuntime/7.29.0"

info: ::1 - - [28/Jan/2022:19:41:05 +0000] "POST /api/v1/cart/ HTTP/1.1" 500 66 "-" "PostmanRuntime/7.29.0"

info: ::1 - - [28/Jan/2022:19:41:06 +0000] "POST /api/v1/cart/ HTTP/1.1" 500 66 "-" "PostmanRuntime/7.29.0"

info: ::1 - - [28/Jan/2022:19:41:58 +0000] "POST /api/v1/cart/ HTTP/1.1" 201 265 "-" "PostmanRuntime/7.29.0"

info: ::1 - - [28/Jan/2022:19:42:46 +0000] "POST /api/v1/cart/ HTTP/1.1" 201 265 "-" "PostmanRuntime/7.29.0"

info: ::1 - - [28/Jan/2022:19:42:57 +0000] "POST /api/v1/cart/ HTTP/1.1" 500 52 "-" "PostmanRuntime/7.29.0"

info: ::1 - - [28/Jan/2022:19:43:13 +0000] "POST /api/v1/cart/ HTTP/1.1" 500 52 "-" "PostmanRuntime/7.29.0"

info: ::1 - - [29/Jan/2022:03:34:35 +0000] "POST /api/v1/cart/ HTTP/1.1" 201 265 "-" "PostmanRuntime/7.29.0"

info: ::1 - - [29/Jan/2022:03:35:30 +0000] "POST /api/v1/cart/ HTTP/1.1" 201 265 "-" "PostmanRuntime/7.29.0"

info: ::1 - - [29/Jan/2022:03:37:48 +0000] "POST /api/v1/users/admin_login HTTP/1.1" 200 259 "http://localhost:3000/swagger_doc/" "Mozilla/5.0 (Windows NT 10.0; Win64; x64) AppleWebKit/537.36 (KHTML, like Gecko) Chrome/97.0.4692.99 Safari/537.36"

info: ::1 - - [29/Jan/2022:03:38:44 +0000] "POST /api/v1/books/ HTTP/1.1" 201 278 "http://localhost:3000/swagger_doc/" "Mozilla/5.0 (Windows NT 10.0; Win64; x64) AppleWebKit/537.36 (KHTML, like Gecko) Chrome/97.0.4692.99 Safari/537.36"

info: ::1 - - [29/Jan/2022:03:39:10 +0000] "POST /api/v1/cart/ HTTP/1.1" 201 265 "-" "PostmanRuntime/7.29.0"

info: ::1 - - [29/Jan/2022:03:40:00 +0000] "POST /api/v1/cart/ HTTP/1.1" 500 52 "-" "PostmanRuntime/7.29.0"

info: ::1 - - [29/Jan/2022:03:40:45 +0000] "POST /api/v1/cart/ HTTP/1.1" 201 265 "-" "PostmanRuntime/7.29.0"

info: ::1 - - [29/Jan/2022:04:10:02 +0000] "POST /api/v1/cart/ HTTP/1.1" 500 52 "-" "PostmanRuntime/7.29.0"

info: ::1 - - [29/Jan/2022:04:12:20 +0000] "POST /api/v1/books/ HTTP/1.1" 201 276 "http://localhost:3000/swagger_doc/" "Mozilla/5.0 (Windows NT 10.0; Win64; x64) AppleWebKit/537.36 (KHTML, like Gecko) Chrome/97.0.4692.99 Safari/537.36"

info: ::1 - - [29/Jan/2022:04:12:40 +0000] "POST /api/v1/cart/ HTTP/1.1" 201 265 "-" "PostmanRuntime/7.29.0"

info: ::1 - - [29/Jan/2022:04:54:12 +0000] "POST /api/v1/cart/ HTTP/1.1" 500 45 "-" "PostmanRuntime/7.29.0"

info: ::1 - - [29/Jan/2022:04:54:14 +0000] "POST /api/v1/cart/ HTTP/1.1" 500 45 "-" "PostmanRuntime/7.29.0"

info: ::1 - - [29/Jan/2022:04:54:34 +0000] "POST /api/v1/cart/ HTTP/1.1" 201 265 "-" "PostmanRuntime/7.29.0"

info: ::1 - - [29/Jan/2022:04:54:40 +0000] "POST /api/v1/cart/ HTTP/1.1" 500 45 "-" "PostmanRuntime/7.29.0"

info: ::1 - - [29/Jan/2022:05:19:32 +0000] "POST /api/v1/cart/ HTTP/1.1" 201 265 "-" "PostmanRuntime/7.29.0"

info: ::1 - - [29/Jan/2022:05:20:16 +0000] "POST /api/v1/cart/ HTTP/1.1" 201 265 "-" "PostmanRuntime/7.29.0"

info: ::1 - - [29/Jan/2022:05:24:13 +0000] "POST /api/v1/cart/ HTTP/1.1" 201 265 "-" "PostmanRuntime/7.29.0"

info: ::1 - - [29/Jan/2022:05:24:14 +0000] "POST /api/v1/cart/ HTTP/1.1" 201 265 "-" "PostmanRuntime/7.29.0"

info: ::1 - - [29/Jan/2022:05:24:37 +0000] "POST /api/v1/cart/ HTTP/1.1" 201 265 "-" "PostmanRuntime/7.29.0"

info: ::1 - - [29/Jan/2022:05:24:39 +0000] "POST /api/v1/cart/ HTTP/1.1" 201 265 "-" "PostmanRuntime/7.29.0"

info: ::1 - - [29/Jan/2022:05:26:19 +0000] "POST /api/v1/cart/ HTTP/1.1" 201 349 "-" "PostmanRuntime/7.29.0"

info: ::1 - - [29/Jan/2022:05:26:31 +0000] "POST /api/v1/cart/ HTTP/1.1" 201 349 "-" "PostmanRuntime/7.29.0"

info: ::1 - - [29/Jan/2022:05:27:54 +0000] "POST /api/v1/cart/ HTTP/1.1" 500 52 "-" "PostmanRuntime/7.29.0"

info: ::1 - - [29/Jan/2022:05:28:51 +0000] "POST /api/v1/books/ HTTP/1.1" 201 282 "http://localhost:3000/swagger_doc/" "Mozilla/5.0 (Windows NT 10.0; Win64; x64) AppleWebKit/537.36 (KHTML, like Gecko) Chrome/97.0.4692.99 Safari/537.36"

info: ::1 - - [29/Jan/2022:05:29:07 +0000] "POST /api/v1/cart/ HTTP/1.1" 201 265 "-" "PostmanRuntime/7.29.0"

info: ::1 - - [29/Jan/2022:05:29:33 +0000] "POST /api/v1/cart/ HTTP/1.1" 201 349 "-" "PostmanRuntime/7.29.0"

info: ::1 - - [29/Jan/2022:05:30:12 +0000] "POST /api/v1/cart/ HTTP/1.1" 201 433 "-" "PostmanRuntime/7.29.0"

info: ::1 - - [29/Jan/2022:05:48:11 +0000] "POST /api/v1/cart/ HTTP/1.1" 201 517 "-" "PostmanRuntime/7.29.0"

info: ::1 - - [29/Jan/2022:06:16:30 +0000] "POST /api/v1/cart/ HTTP/1.1" 201 601 "-" "PostmanRuntime/7.29.0"

info: ::1 - - [29/Jan/2022:06:19:57 +0000] "POST /api/v1/cart/ HTTP/1.1" 201 685 "-" "PostmanRuntime/7.29.0"

info: ::1 - - [29/Jan/2022:06:20:33 +0000] "POST /api/v1/cart/ HTTP/1.1" 500 82 "-" "PostmanRuntime/7.29.0"

info: ::1 - - [29/Jan/2022:06:23:29 +0000] "POST /api/v1/cart/ HTTP/1.1" 500 67 "-" "PostmanRuntime/7.29.0"

info: ::1 - - [29/Jan/2022:06:23:56 +0000] "POST /api/v1/cart/ HTTP/1.1" 201 769 "-" "PostmanRuntime/7.29.0"

info: ::1 - - [29/Jan/2022:06:25:37 +0000] "POST /api/v1/cart/ HTTP/1.1" 201 853 "-" "PostmanRuntime/7.29.0"

info: ::1 - - [29/Jan/2022:06:25:43 +0000] "POST /api/v1/cart/ HTTP/1.1" 201 937 "-" "PostmanRuntime/7.29.0"

info: ::1 - - [29/Jan/2022:06:25:49 +0000] "POST /api/v1/cart/ HTTP/1.1" 201 1021 "-" "PostmanRuntime/7.29.0"

info: ::1 - - [29/Jan/2022:06:27:15 +0000] "POST /api/v1/books/ HTTP/1.1" 201 280 "http://localhost:3000/swagger_doc/" "Mozilla/5.0 (Windows NT 10.0; Win64; x64) AppleWebKit/537.36 (KHTML, like Gecko) Chrome/97.0.4692.99 Safari/537.36"

info: ::1 - - [29/Jan/2022:06:27:32 +0000] "POST /api/v1/cart/ HTTP/1.1" 500 55 "-" "PostmanRuntime/7.29.0"

info: ::1 - - [29/Jan/2022:06:27:56 +0000] "POST /api/v1/cart/ HTTP/1.1" 201 1105 "-" "PostmanRuntime/7.29.0"

info: ::1 - - [29/Jan/2022:06:45:19 +0000] "POST /api/v1/cart/ HTTP/1.1" 201 1190 "-" "PostmanRuntime/7.29.0"

info: ::1 - - [29/Jan/2022:06:45:27 +0000] "POST /api/v1/cart/ HTTP/1.1" 201 1274 "-" "PostmanRuntime/7.29.0"

info: ::1 - - [29/Jan/2022:06:50:02 +0000] "POST /api/v1/cart/ HTTP/1.1" 201 1358 "-" "PostmanRuntime/7.29.0"

info: ::1 - - [29/Jan/2022:06:57:10 +0000] "POST /api/v1/cart/ HTTP/1.1" 500 63 "-" "PostmanRuntime/7.29.0"

info: ::1 - - [29/Jan/2022:06:58:09 +0000] "POST /api/v1/cart/ HTTP/1.1" 500 74 "-" "PostmanRuntime/7.29.0"

info: ::1 - - [29/Jan/2022:06:58:31 +0000] "POST /api/v1/cart/ HTTP/1.1" 201 1393 "-" "PostmanRuntime/7.29.0"

info: ::1 - - [29/Jan/2022:06:59:58 +0000] "POST /api/v1/cart/ HTTP/1.1" 500 77 "-" "PostmanRuntime/7.29.0"

info: ::1 - - [29/Jan/2022:07:00:21 +0000] "POST /api/v1/cart/ HTTP/1.1" 500 77 "-" "PostmanRuntime/7.29.0"

info: ::1 - - [29/Jan/2022:07:01:50 +0000] "POST /api/v1/cart/ HTTP/1.1" 500 77 "-" "PostmanRuntime/7.29.0"

info: ::1 - - [29/Jan/2022:07:02:26 +0000] "POST /api/v1/cart/ HTTP/1.1" 500 77 "-" "PostmanRuntime/7.29.0"

info: ::1 - - [29/Jan/2022:07:03:10 +0000] "POST /api/v1/cart/ HTTP/1.1" 500 77 "-" "PostmanRuntime/7.29.0"

info: ::1 - - [29/Jan/2022:07:03:11 +0000] "POST /api/v1/cart/ HTTP/1.1" 500 77 "-" "PostmanRuntime/7.29.0"

info: ::1 - - [29/Jan/2022:07:03:12 +0000] "POST /api/v1/cart/ HTTP/1.1" 500 77 "-" "PostmanRuntime/7.29.0"

info: ::1 - - [29/Jan/2022:07:05:38 +0000] "POST /api/v1/cart/ HTTP/1.1" 500 77 "-" "PostmanRuntime/7.29.0"

info: ::1 - - [29/Jan/2022:07:05:40 +0000] "POST /api/v1/cart/ HTTP/1.1" 500 77 "-" "PostmanRuntime/7.29.0"

info: ::1 - - [29/Jan/2022:07:05:49 +0000] "POST /api/v1/cart/ HTTP/1.1" 500 52 "-" "PostmanRuntime/7.29.0"

info: ::1 - - [29/Jan/2022:07:05:50 +0000] "POST /api/v1/cart/ HTTP/1.1" 500 52 "-" "PostmanRuntime/7.29.0"

info: ::1 - - [29/Jan/2022:07:05:55 +0000] "POST /api/v1/cart/ HTTP/1.1" 201 1477 "-" "PostmanRuntime/7.29.0"

info: ::1 - - [29/Jan/2022:07:06:52 +0000] "POST /api/v1/cart/ HTTP/1.1" 500 45 "-" "PostmanRuntime/7.29.0"

info: ::1 - - [29/Jan/2022:07:07:20 +0000] "POST /api/v1/cart/ HTTP/1.1" 500 45 "-" "PostmanRuntime/7.29.0"

info: ::1 - - [29/Jan/2022:07:17:09 +0000] "POST /api/v1/cart/ HTTP/1.1" 201 120 "-" "PostmanRuntime/7.29.0"

info: ::1 - - [29/Jan/2022:07:24:13 +0000] "POST /api/v1/cart/ HTTP/1.1" 201 220 "-" "PostmanRuntime/7.29.0"

info: ::1 - - [29/Jan/2022:07:24:28 +0000] "POST /api/v1/cart/ HTTP/1.1" 500 45 "-" "PostmanRuntime/7.29.0"

info: ::1 - - [29/Jan/2022:07:25:40 +0000] "POST /api/v1/cart/ HTTP/1.1" 500 77 "-" "PostmanRuntime/7.29.0"

info: ::1 - - [29/Jan/2022:07:26:52 +0000] "POST /api/v1/cart/ HTTP/1.1" 500 77 "-" "PostmanRuntime/7.29.0"

info: ::1 - - [29/Jan/2022:07:27:39 +0000] "POST /api/v1/cart/ HTTP/1.1" 500 77 "-" "PostmanRuntime/7.29.0"

info: ::1 - - [29/Jan/2022:07:27:58 +0000] "POST /api/v1/cart/ HTTP/1.1" 500 77 "-" "PostmanRuntime/7.29.0"

info: ::1 - - [29/Jan/2022:07:28:16 +0000] "POST /api/v1/cart/ HTTP/1.1" 500 77 "-" "PostmanRuntime/7.29.0"

info: ::1 - - [29/Jan/2022:07:28:56 +0000] "POST /api/v1/cart/ HTTP/1.1" 500 79 "-" "PostmanRuntime/7.29.0"

info: ::1 - - [29/Jan/2022:07:43:42 +0000] "POST /api/v1/cart/ HTTP/1.1" 500 77 "-" "PostmanRuntime/7.29.0"

info: ::1 - - [29/Jan/2022:07:44:27 +0000] "POST /api/v1/cart/ HTTP/1.1" 500 63 "-" "PostmanRuntime/7.29.0"

info: ::1 - - [29/Jan/2022:07:45:18 +0000] "POST /api/v1/cart/ HTTP/1.1" 500 63 "-" "PostmanRuntime/7.29.0"

info: ::1 - - [29/Jan/2022:07:45:18 +0000] "POST /api/v1/cart/ HTTP/1.1" 500 45 "-" "PostmanRuntime/7.29.0"

info: ::1 - - [29/Jan/2022:07:45:19 +0000] "POST /api/v1/cart/ HTTP/1.1" 500 45 "-" "PostmanRuntime/7.29.0"

info: ::1 - - [29/Jan/2022:07:45:43 +0000] "POST /api/v1/cart/ HTTP/1.1" 500 63 "-" "PostmanRuntime/7.29.0"

info: ::1 - - [29/Jan/2022:07:46:16 +0000] "POST /api/v1/cart/ HTTP/1.1" 500 45 "-" "PostmanRuntime/7.29.0"

info: ::1 - - [29/Jan/2022:07:46:46 +0000] "POST /api/v1/cart/ HTTP/1.1" 201 269 "-" "PostmanRuntime/7.29.0"

info: ::1 - - [29/Jan/2022:07:47:34 +0000] "POST /api/v1/cart/ HTTP/1.1" 201 269 "-" "PostmanRuntime/7.29.0"

info: ::1 - - [29/Jan/2022:07:48:39 +0000] "POST /api/v1/cart/ HTTP/1.1" 500 45 "-" "PostmanRuntime/7.29.0"

info: ::1 - - [29/Jan/2022:07:49:01 +0000] "POST /api/v1/cart/ HTTP/1.1" 201 277 "-" "PostmanRuntime/7.29.0"

info: ::1 - - [29/Jan/2022:07:53:14 +0000] "POST /api/v1/cart/ HTTP/1.1" 201 277 "-" "PostmanRuntime/7.29.0"

info: ::1 - - [29/Jan/2022:07:54:33 +0000] "POST /api/v1/cart/ HTTP/1.1" 500 52 "-" "PostmanRuntime/7.29.0"

info: ::1 - - [29/Jan/2022:07:55:01 +0000] "POST /api/v1/books/ HTTP/1.1" 201 277 "http://localhost:3000/swagger_doc/" "Mozilla/5.0 (Windows NT 10.0; Win64; x64) AppleWebKit/537.36 (KHTML, like Gecko) Chrome/97.0.4692.99 Safari/537.36"

info: ::1 - - [29/Jan/2022:07:55:12 +0000] "POST /api/v1/cart/ HTTP/1.1" 201 277 "-" "PostmanRuntime/7.29.0"

info: ::1 - - [29/Jan/2022:08:11:14 +0000] "POST /api/v1/cart/ HTTP/1.1" 500 45 "-" "PostmanRuntime/7.29.0"

info: ::1 - - [29/Jan/2022:08:11:57 +0000] "POST /api/v1/cart/ HTTP/1.1" 500 57 "-" "PostmanRuntime/7.29.0"

info: ::1 - - [29/Jan/2022:08:12:12 +0000] "POST /api/v1/cart/ HTTP/1.1" 500 57 "-" "PostmanRuntime/7.29.0"

info: ::1 - - [29/Jan/2022:08:28:59 +0000] "POST /api/v1/cart/ HTTP/1.1" 500 57 "-" "PostmanRuntime/7.29.0"

info: ::1 - - [29/Jan/2022:08:29:04 +0000] "POST /api/v1/cart/ HTTP/1.1" 500 57 "-" "PostmanRuntime/7.29.0"

info: ::1 - - [29/Jan/2022:08:40:20 +0000] "POST /api/v1/cart/ HTTP/1.1" 500 57 "-" "PostmanRuntime/7.29.0"

info: ::1 - - [29/Jan/2022:08:41:41 +0000] "POST /api/v1/cart/ HTTP/1.1" 201 277 "-" "PostmanRuntime/7.29.0"

info: ::1 - - [29/Jan/2022:08:43:59 +0000] "POST /api/v1/cart/ HTTP/1.1" 201 277 "-" "PostmanRuntime/7.29.0"

info: ::1 - - [29/Jan/2022:08:56:19 +0000] "POST /api/v1/cart/ HTTP/1.1" 500 79 "-" "PostmanRuntime/7.29.0"

info: ::1 - - [29/Jan/2022:08:56:41 +0000] "POST /api/v1/cart/ HTTP/1.1" 500 53 "-" "PostmanRuntime/7.29.0"

info: ::1 - - [29/Jan/2022:09:02:26 +0000] "POST /api/v1/cart/ HTTP/1.1" 201 277 "-" "PostmanRuntime/7.29.0"

info: ::1 - - [29/Jan/2022:09:02:28 +0000] "POST /api/v1/cart/ HTTP/1.1" 500 79 "-" "PostmanRuntime/7.29.0"

info: ::1 - - [29/Jan/2022:09:03:07 +0000] "POST /api/v1/cart/ HTTP/1.1" 500 74 "-" "PostmanRuntime/7.29.0"

info: ::1 - - [29/Jan/2022:09:04:42 +0000] "POST /api/v1/cart/ HTTP/1.1" 500 55 "-" "PostmanRuntime/7.29.0"

info: ::1 - - [29/Jan/2022:09:04:58 +0000] "POST /api/v1/cart/ HTTP/1.1" 500 61 "-" "PostmanRuntime/7.29.0"

info: ::1 - - [29/Jan/2022:09:05:49 +0000] "POST /api/v1/cart/ HTTP/1.1" 201 287 "-" "PostmanRuntime/7.29.0"

info: ::1 - - [29/Jan/2022:09:08:09 +0000] "POST /api/v1/cart/ HTTP/1.1" 201 371 "-" "PostmanRuntime/7.29.0"

info: ::1 - - [29/Jan/2022:09:08:10 +0000] "POST /api/v1/cart/ HTTP/1.1" 201 455 "-" "PostmanRuntime/7.29.0"

info: ::1 - - [29/Jan/2022:09:09:22 +0000] "POST /api/v1/cart/ HTTP/1.1" 201 277 "-" "PostmanRuntime/7.29.0"

info: ::1 - - [29/Jan/2022:09:09:26 +0000] "POST /api/v1/cart/ HTTP/1.1" 201 361 "-" "PostmanRuntime/7.29.0"

info: ::1 - - [29/Jan/2022:09:10:07 +0000] "GET /api/v1/books/ HTTP/1.1" 200 731 "http://localhost:3000/swagger_doc/" "Mozilla/5.0 (Windows NT 10.0; Win64; x64) AppleWebKit/537.36 (KHTML, like Gecko) Chrome/97.0.4692.99 Safari/537.36"

info: ::1 - - [29/Jan/2022:09:10:21 +0000] "POST /api/v1/cart/ HTTP/1.1" 201 445 "-" "PostmanRuntime/7.29.0"

info: ::1 - - [29/Jan/2022:09:12:36 +0000] "POST /api/v1/cart/ HTTP/1.1" 201 529 "-" "PostmanRuntime/7.29.0"

info: ::1 - - [29/Jan/2022:09:13:47 +0000] "POST /api/v1/cart/ HTTP/1.1" 201 613 "-" "PostmanRuntime/7.29.0"

info: ::1 - - [29/Jan/2022:09:14:48 +0000] "POST /api/v1/cart/ HTTP/1.1" 201 697 "-" "PostmanRuntime/7.29.0"

info: ::1 - - [29/Jan/2022:09:17:40 +0000] "POST /api/v1/cart/ HTTP/1.1" 201 781 "-" "PostmanRuntime/7.29.0"

info: ::1 - - [29/Jan/2022:09:26:16 +0000] "POST /api/v1/cart/ HTTP/1.1" 201 865 "-" "PostmanRuntime/7.29.0"

info: ::1 - - [29/Jan/2022:09:27:23 +0000] "POST /api/v1/cart/ HTTP/1.1" 201 949 "-" "PostmanRuntime/7.29.0"

info: ::1 - - [29/Jan/2022:09:28:05 +0000] "POST /api/v1/cart/ HTTP/1.1" 201 1033 "-" "PostmanRuntime/7.29.0"

info: ::1 - - [29/Jan/2022:09:28:55 +0000] "POST /api/v1/cart/ HTTP/1.1" 201 1117 "-" "PostmanRuntime/7.29.0"

info: ::1 - - [29/Jan/2022:09:29:30 +0000] "POST /api/v1/cart/ HTTP/1.1" 201 1202 "-" "PostmanRuntime/7.29.0"

info: ::1 - - [29/Jan/2022:09:32:05 +0000] "POST /api/v1/cart/ HTTP/1.1" 201 1286 "-" "PostmanRuntime/7.29.0"

info: ::1 - - [29/Jan/2022:09:32:21 +0000] "POST /api/v1/cart/ HTTP/1.1" 201 1370 "-" "PostmanRuntime/7.29.0"

info: ::1 - - [29/Jan/2022:09:42:11 +0000] "POST /api/v1/cart/ HTTP/1.1" 201 1466 "-" "PostmanRuntime/7.29.0"

info: ::1 - - [29/Jan/2022:09:44:43 +0000] "POST /api/v1/cart/ HTTP/1.1" 201 1562 "-" "PostmanRuntime/7.29.0"

info: ::1 - - [29/Jan/2022:09:50:15 +0000] "POST /api/v1/cart/ HTTP/1.1" 500 53 "-" "PostmanRuntime/7.29.0"

info: ::1 - - [29/Jan/2022:09:50:36 +0000] "GET /api/v1/books/ HTTP/1.1" 200 731 "http://localhost:3000/swagger_doc/" "Mozilla/5.0 (Windows NT 10.0; Win64; x64) AppleWebKit/537.36 (KHTML, like Gecko) Chrome/97.0.4692.99 Safari/537.36"

info: ::1 - - [29/Jan/2022:09:50:50 +0000] "POST /api/v1/cart/ HTTP/1.1" 201 1658 "-" "PostmanRuntime/7.29.0"

info: ::1 - - [29/Jan/2022:09:52:36 +0000] "POST /api/v1/cart/ HTTP/1.1" 201 1760 "-" "PostmanRuntime/7.29.0"

info: ::1 - - [29/Jan/2022:09:52:55 +0000] "POST /api/v1/cart/ HTTP/1.1" 201 1862 "-" "PostmanRuntime/7.29.0"

info: ::1 - - [29/Jan/2022:09:54:32 +0000] "POST /api/v1/cart/ HTTP/1.1" 500 53 "-" "PostmanRuntime/7.29.0"

info: ::1 - - [29/Jan/2022:09:54:40 +0000] "POST /api/v1/cart/ HTTP/1.1" 201 1964 "-" "PostmanRuntime/7.29.0"

info: ::1 - - [29/Jan/2022:09:56:10 +0000] "POST /api/v1/cart/ HTTP/1.1" 500 53 "-" "PostmanRuntime/7.29.0"

info: ::1 - - [29/Jan/2022:09:57:25 +0000] "POST /api/v1/books/ HTTP/1.1" 400 56 "http://localhost:3000/swagger_doc/" "Mozilla/5.0 (Windows NT 10.0; Win64; x64) AppleWebKit/537.36 (KHTML, like Gecko) Chrome/97.0.4692.99 Safari/537.36"

info: ::1 - - [29/Jan/2022:09:57:50 +0000] "POST /api/v1/users/admin_login HTTP/1.1" 200 259 "http://localhost:3000/swagger_doc/" "Mozilla/5.0 (Windows NT 10.0; Win64; x64) AppleWebKit/537.36 (KHTML, like Gecko) Chrome/97.0.4692.99 Safari/537.36"

info: ::1 - - [29/Jan/2022:09:58:23 +0000] "POST /api/v1/books/ HTTP/1.1" 201 278 "http://localhost:3000/swagger_doc/" "Mozilla/5.0 (Windows NT 10.0; Win64; x64) AppleWebKit/537.36 (KHTML, like Gecko) Chrome/97.0.4692.99 Safari/537.36"

info: ::1 - - [29/Jan/2022:09:58:42 +0000] "POST /api/v1/books/ HTTP/1.1" 201 278 "http://localhost:3000/swagger_doc/" "Mozilla/5.0 (Windows NT 10.0; Win64; x64) AppleWebKit/537.36 (KHTML, like Gecko) Chrome/97.0.4692.99 Safari/537.36"

info: ::1 - - [29/Jan/2022:09:59:19 +0000] "POST /api/v1/books/ HTTP/1.1" 201 276 "http://localhost:3000/swagger_doc/" "Mozilla/5.0 (Windows NT 10.0; Win64; x64) AppleWebKit/537.36 (KHTML, like Gecko) Chrome/97.0.4692.99 Safari/537.36"

info: ::1 - - [29/Jan/2022:10:00:01 +0000] "POST /api/v1/cart/ HTTP/1.1" 201 283 "-" "PostmanRuntime/7.29.0"

info: ::1 - - [29/Jan/2022:10:00:11 +0000] "POST /api/v1/cart/ HTTP/1.1" 201 385 "-" "PostmanRuntime/7.29.0"

info: ::1 - - [29/Jan/2022:10:02:26 +0000] "POST /api/v1/cart/ HTTP/1.1" 201 487 "-" "PostmanRuntime/7.29.0"

info: ::1 - - [29/Jan/2022:10:03:51 +0000] "POST /api/v1/users/user_login HTTP/1.1" 500 74 "http://localhost:3000/swagger_doc/" "Mozilla/5.0 (Windows NT 10.0; Win64; x64) AppleWebKit/537.36 (KHTML, like Gecko) Chrome/97.0.4692.99 Safari/537.36"

info: ::1 - - [29/Jan/2022:10:04:24 +0000] "POST /api/v1/users/forgetpassword HTTP/1.1" 200 248 "http://localhost:3000/swagger_doc/" "Mozilla/5.0 (Windows NT 10.0; Win64; x64) AppleWebKit/537.36 (KHTML, like Gecko) Chrome/97.0.4692.99 Safari/537.36"

info: ::1 - - [29/Jan/2022:10:04:41 +0000] "POST /api/v1/users/forgetpassword HTTP/1.1" 200 248 "http://localhost:3000/swagger_doc/" "Mozilla/5.0 (Windows NT 10.0; Win64; x64) AppleWebKit/537.36 (KHTML, like Gecko) Chrome/97.0.4692.99 Safari/537.36"

info: ::1 - - [29/Jan/2022:10:05:52 +0000] "POST /api/v1/users/resetpassword HTTP/1.1" 200 339 "http://localhost:3000/swagger_doc/" "Mozilla/5.0 (Windows NT 10.0; Win64; x64) AppleWebKit/537.36 (KHTML, like Gecko) Chrome/97.0.4692.99 Safari/537.36"

info: ::1 - - [29/Jan/2022:10:06:48 +0000] "POST /api/v1/users/user_login HTTP/1.1" 200 267 "http://localhost:3000/swagger_doc/" "Mozilla/5.0 (Windows NT 10.0; Win64; x64) AppleWebKit/537.36 (KHTML, like Gecko) Chrome/97.0.4692.99 Safari/537.36"

info: ::1 - - [29/Jan/2022:10:07:38 +0000] "GET /api/v1/books/ HTTP/1.1" 200 727 "http://localhost:3000/swagger_doc/" "Mozilla/5.0 (Windows NT 10.0; Win64; x64) AppleWebKit/537.36 (KHTML, like Gecko) Chrome/97.0.4692.99 Safari/537.36"

info: ::1 - - [29/Jan/2022:10:08:41 +0000] "GET /api/v1/books/ HTTP/1.1" 200 64 "http://localhost:3000/swagger_doc/" "Mozilla/5.0 (Windows NT 10.0; Win64; x64) AppleWebKit/537.36 (KHTML, like Gecko) Chrome/97.0.4692.99 Safari/537.36"

info: ::1 - - [29/Jan/2022:10:09:14 +0000] "POST /api/v1/books/ HTTP/1.1" 500 52 "http://localhost:3000/swagger_doc/" "Mozilla/5.0 (Windows NT 10.0; Win64; x64) AppleWebKit/537.36 (KHTML, like Gecko) Chrome/97.0.4692.99 Safari/537.36"

info: ::1 - - [29/Jan/2022:10:09:53 +0000] "POST /api/v1/cart/ HTTP/1.1" 500 52 "-" "PostmanRuntime/7.29.0"

info: ::1 - - [29/Jan/2022:11:02:38 +0000] "POST /api/v1/users/admin_login HTTP/1.1" 500 54 "http://localhost:3000/swagger_doc/" "Mozilla/5.0 (Windows NT 10.0; Win64; x64) AppleWebKit/537.36 (KHTML, like Gecko) Chrome/97.0.4692.99 Safari/537.36"

info: ::1 - - [29/Jan/2022:11:03:20 +0000] "POST /api/v1/users/admin_registration HTTP/1.1" 201 333 "http://localhost:3000/swagger_doc/" "Mozilla/5.0 (Windows NT 10.0; Win64; x64) AppleWebKit/537.36 (KHTML, like Gecko) Chrome/97.0.4692.99 Safari/537.36"

info: ::1 - - [29/Jan/2022:11:03:46 +0000] "POST /api/v1/users/admin_login HTTP/1.1" 200 259 "http://localhost:3000/swagger_doc/" "Mozilla/5.0 (Windows NT 10.0; Win64; x64) AppleWebKit/537.36 (KHTML, like Gecko) Chrome/97.0.4692.99 Safari/537.36"

info: ::1 - - [29/Jan/2022:11:05:01 +0000] "POST /api/v1/books/ HTTP/1.1" 201 278 "http://localhost:3000/swagger_doc/" "Mozilla/5.0 (Windows NT 10.0; Win64; x64) AppleWebKit/537.36 (KHTML, like Gecko) Chrome/97.0.4692.99 Safari/537.36"

info: ::1 - - [29/Jan/2022:11:05:22 +0000] "POST /api/v1/books/ HTTP/1.1" 201 277 "http://localhost:3000/swagger_doc/" "Mozilla/5.0 (Windows NT 10.0; Win64; x64) AppleWebKit/537.36 (KHTML, like Gecko) Chrome/97.0.4692.99 Safari/537.36"

info: ::1 - - [29/Jan/2022:11:05:43 +0000] "POST /api/v1/books/ HTTP/1.1" 201 278 "http://localhost:3000/swagger_doc/" "Mozilla/5.0 (Windows NT 10.0; Win64; x64) AppleWebKit/537.36 (KHTML, like Gecko) Chrome/97.0.4692.99 Safari/537.36"

info: ::1 - - [29/Jan/2022:11:06:18 +0000] "POST /api/v1/users/user_registration HTTP/1.1" 201 334 "http://localhost:3000/swagger_doc/" "Mozilla/5.0 (Windows NT 10.0; Win64; x64) AppleWebKit/537.36 (KHTML, like Gecko) Chrome/97.0.4692.99 Safari/537.36"

info: ::1 - - [29/Jan/2022:11:06:38 +0000] "POST /api/v1/users/user_registration HTTP/1.1" 201 330 "http://localhost:3000/swagger_doc/" "Mozilla/5.0 (Windows NT 10.0; Win64; x64) AppleWebKit/537.36 (KHTML, like Gecko) Chrome/97.0.4692.99 Safari/537.36"

info: ::1 - - [29/Jan/2022:11:06:50 +0000] "POST /api/v1/users/user_login HTTP/1.1" 200 259 "http://localhost:3000/swagger_doc/" "Mozilla/5.0 (Windows NT 10.0; Win64; x64) AppleWebKit/537.36 (KHTML, like Gecko) Chrome/97.0.4692.99 Safari/537.36"

info: ::1 - - [29/Jan/2022:11:07:38 +0000] "GET /api/v1/books/ HTTP/1.1" 200 728 "http://localhost:3000/swagger_doc/" "Mozilla/5.0 (Windows NT 10.0; Win64; x64) AppleWebKit/537.36 (KHTML, like Gecko) Chrome/97.0.4692.99 Safari/537.36"

info: ::1 - - [29/Jan/2022:11:08:11 +0000] "POST /api/v1/cart/ HTTP/1.1" 201 283 "-" "PostmanRuntime/7.29.0"

info: ::1 - - [29/Jan/2022:11:08:31 +0000] "POST /api/v1/cart/ HTTP/1.1" 201 385 "-" "PostmanRuntime/7.29.0"

info: ::1 - - [29/Jan/2022:11:09:46 +0000] "POST /api/v1/users/user_login HTTP/1.1" 200 256 "http://localhost:3000/swagger_doc/" "Mozilla/5.0 (Windows NT 10.0; Win64; x64) AppleWebKit/537.36 (KHTML, like Gecko) Chrome/97.0.4692.99 Safari/537.36"

info: ::1 - - [29/Jan/2022:11:10:13 +0000] "POST /api/v1/cart/ HTTP/1.1" 201 281 "-" "PostmanRuntime/7.29.0"

info: ::1 - - [29/Jan/2022:11:10:23 +0000] "POST /api/v1/cart/ HTTP/1.1" 201 384 "-" "PostmanRuntime/7.29.0"

info: ::1 - - [29/Jan/2022:11:14:04 +0000] "POST /api/v1/cart/ HTTP/1.1" 500 77 "-" "PostmanRuntime/7.29.0"

info: ::1 - - [29/Jan/2022:11:17:53 +0000] "POST /api/v1/cart/ HTTP/1.1" 201 486 "-" "PostmanRuntime/7.29.0"

info: ::1 - - [29/Jan/2022:11:43:49 +0000] "POST /api/v1/cart/ HTTP/1.1" 201 588 "-" "PostmanRuntime/7.29.0"

info: ::1 - - [29/Jan/2022:11:50:41 +0000] "POST /api/v1/cart/ HTTP/1.1" 201 690 "-" "PostmanRuntime/7.29.0"

info: ::1 - - [29/Jan/2022:11:50:42 +0000] "POST /api/v1/cart/ HTTP/1.1" 201 792 "-" "PostmanRuntime/7.29.0"

info: ::1 - - [29/Jan/2022:11:53:16 +0000] "POST /api/v1/cart/ HTTP/1.1" 201 894 "-" "PostmanRuntime/7.29.0"

