info: Server started at http://localhost:3000/api/v1/ {"timestamp":"2022-01-31T13:41:33.098Z"}
info: Connected to the database. {"timestamp":"2022-01-31T13:41:33.129Z"}
info: Server started at http://localhost:3000/api/v1/ {"timestamp":"2022-01-31T14:13:32.200Z"}
info: Connected to the database. {"timestamp":"2022-01-31T14:13:32.228Z"}
info: Connected to the database. {"timestamp":"2022-01-31T15:07:36.414Z"}
info: Server started at http://localhost:3000/api/v1/ {"timestamp":"2022-01-31T15:08:58.633Z"}
info: Connected to the database. {"timestamp":"2022-01-31T15:08:58.656Z"}
info: Server started at http://localhost:3000/api/v1/ {"timestamp":"2022-01-31T15:10:22.728Z"}
info: Connected to the database. {"timestamp":"2022-01-31T15:10:22.753Z"}
info: Server started at http://localhost:3000/api/v1/ {"timestamp":"2022-01-31T15:12:01.123Z"}
info: Connected to the database. {"timestamp":"2022-01-31T15:12:01.148Z"}
info: Server started at http://localhost:3000/api/v1/ {"timestamp":"2022-01-31T15:14:21.737Z"}
info: Connected to the database. {"timestamp":"2022-01-31T15:14:21.764Z"}
info: Server started at http://localhost:3000/api/v1/ {"timestamp":"2022-01-31T15:16:20.955Z"}
info: Connected to the database. {"timestamp":"2022-01-31T15:16:20.988Z"}
info: Server started at http://localhost:3000/api/v1/ {"timestamp":"2022-01-31T15:16:47.629Z"}
info: Connected to the database. {"timestamp":"2022-01-31T15:16:47.658Z"}
info: Server started at http://localhost:3000/api/v1/ {"timestamp":"2022-01-31T15:17:26.178Z"}
info: Connected to the database. {"timestamp":"2022-01-31T15:17:26.231Z"}
info: Server started at http://localhost:3000/api/v1/ {"timestamp":"2022-01-31T15:17:39.028Z"}
info: Connected to the database. {"timestamp":"2022-01-31T15:17:39.063Z"}
info: Server started at http://localhost:3000/api/v1/ {"timestamp":"2022-01-31T15:17:46.883Z"}
info: Connected to the database. {"timestamp":"2022-01-31T15:17:46.925Z"}
info: Server started at http://localhost:3000/api/v1/ {"timestamp":"2022-01-31T15:18:01.845Z"}
info: Connected to the database. {"timestamp":"2022-01-31T15:18:01.872Z"}
info: Server started at http://localhost:3000/api/v1/ {"timestamp":"2022-01-31T15:18:48.417Z"}
info: Connected to the database. {"timestamp":"2022-01-31T15:18:48.451Z"}
info: Server started at http://localhost:3000/api/v1/ {"timestamp":"2022-01-31T15:19:53.809Z"}
info: Connected to the database. {"timestamp":"2022-01-31T15:19:53.835Z"}
info: Server started at http://localhost:3000/api/v1/ {"timestamp":"2022-01-31T15:20:29.535Z"}
info: Connected to the database. {"timestamp":"2022-01-31T15:20:29.565Z"}
info: Server started at http://localhost:3000/api/v1/ {"timestamp":"2022-01-31T15:20:51.820Z"}
info: Connected to the database. {"timestamp":"2022-01-31T15:20:51.868Z"}
info: Server started at http://localhost:3000/api/v1/ {"timestamp":"2022-01-31T15:21:15.101Z"}
info: Connected to the database. {"timestamp":"2022-01-31T15:21:15.134Z"}
info: Server started at http://localhost:3000/api/v1/ {"timestamp":"2022-01-31T15:21:25.912Z"}
info: Connected to the database. {"timestamp":"2022-01-31T15:21:25.955Z"}
info: Server started at http://localhost:3000/api/v1/ {"timestamp":"2022-01-31T15:21:53.882Z"}
info: Connected to the database. {"timestamp":"2022-01-31T15:21:53.912Z"}
info: Server started at http://localhost:3000/api/v1/ {"timestamp":"2022-01-31T15:25:28.587Z"}
info: Connected to the database. {"timestamp":"2022-01-31T15:25:28.614Z"}
info: Server started at http://localhost:3000/api/v1/ {"timestamp":"2022-01-31T15:26:54.448Z"}
info: Connected to the database. {"timestamp":"2022-01-31T15:26:54.472Z"}
info: Server started at http://localhost:3000/api/v1/ {"timestamp":"2022-01-31T15:27:38.016Z"}
info: Connected to the database. {"timestamp":"2022-01-31T15:27:38.041Z"}
info: Server started at http://localhost:3000/api/v1/ {"timestamp":"2022-01-31T15:32:28.888Z"}
info: Connected to the database. {"timestamp":"2022-01-31T15:32:28.913Z"}
info: Server started at http://localhost:3000/api/v1/ {"timestamp":"2022-01-31T15:33:09.170Z"}
info: Connected to the database. {"timestamp":"2022-01-31T15:33:09.212Z"}
info: Server started at http://localhost:3000/api/v1/ {"timestamp":"2022-01-31T15:36:33.518Z"}
info: Connected to the database. {"timestamp":"2022-01-31T15:36:33.542Z"}
info: Server started at http://localhost:3000/api/v1/ {"timestamp":"2022-01-31T15:37:49.772Z"}
info: Connected to the database. {"timestamp":"2022-01-31T15:37:49.798Z"}
info: Server started at http://localhost:3000/api/v1/ {"timestamp":"2022-01-31T15:38:12.630Z"}
info: Connected to the database. {"timestamp":"2022-01-31T15:38:12.660Z"}
info: Server started at http://localhost:3000/api/v1/ {"timestamp":"2022-01-31T15:38:27.360Z"}
info: Connected to the database. {"timestamp":"2022-01-31T15:38:27.386Z"}
info: Server started at http://localhost:3000/api/v1/ {"timestamp":"2022-01-31T15:39:25.209Z"}
info: Connected to the database. {"timestamp":"2022-01-31T15:39:25.238Z"}
info: Server started at http://localhost:3000/api/v1/ {"timestamp":"2022-01-31T15:39:52.713Z"}
info: Connected to the database. {"timestamp":"2022-01-31T15:39:52.739Z"}
info: Server started at http://localhost:3000/api/v1/ {"timestamp":"2022-01-31T15:40:21.872Z"}
info: Connected to the database. {"timestamp":"2022-01-31T15:40:21.907Z"}
info: Server started at http://localhost:3000/api/v1/ {"timestamp":"2022-01-31T15:40:41.723Z"}
info: Connected to the database. {"timestamp":"2022-01-31T15:40:41.768Z"}
info: Server started at http://localhost:3000/api/v1/ {"timestamp":"2022-01-31T15:40:52.004Z"}
info: Connected to the database. {"timestamp":"2022-01-31T15:40:52.042Z"}
info: Server started at http://localhost:3000/api/v1/ {"timestamp":"2022-01-31T15:43:03.398Z"}
info: Connected to the database. {"timestamp":"2022-01-31T15:43:03.427Z"}
info: Server started at http://localhost:3000/api/v1/ {"timestamp":"2022-01-31T15:43:51.435Z"}
info: Connected to the database. {"timestamp":"2022-01-31T15:43:51.460Z"}
info: Server started at http://localhost:3000/api/v1/ {"timestamp":"2022-01-31T15:44:05.702Z"}
info: Connected to the database. {"timestamp":"2022-01-31T15:44:05.728Z"}
info: Server started at http://localhost:3000/api/v1/ {"timestamp":"2022-01-31T15:44:26.886Z"}
info: Connected to the database. {"timestamp":"2022-01-31T15:44:26.911Z"}
info: Server started at http://localhost:3000/api/v1/ {"timestamp":"2022-01-31T15:45:12.317Z"}
info: Connected to the database. {"timestamp":"2022-01-31T15:45:12.364Z"}
info: Server started at http://localhost:3000/api/v1/ {"timestamp":"2022-01-31T15:45:23.261Z"}
info: Connected to the database. {"timestamp":"2022-01-31T15:45:23.293Z"}
info: Server started at http://localhost:3000/api/v1/ {"timestamp":"2022-01-31T15:45:44.167Z"}
info: Connected to the database. {"timestamp":"2022-01-31T15:45:44.209Z"}
info: Server started at http://localhost:3000/api/v1/ {"timestamp":"2022-01-31T15:45:53.752Z"}
info: Connected to the database. {"timestamp":"2022-01-31T15:45:53.811Z"}
info: Server started at http://localhost:3000/api/v1/ {"timestamp":"2022-01-31T15:46:01.836Z"}
info: Connected to the database. {"timestamp":"2022-01-31T15:46:01.882Z"}
info: Server started at http://localhost:3000/api/v1/ {"timestamp":"2022-01-31T15:46:34.828Z"}
info: Connected to the database. {"timestamp":"2022-01-31T15:46:34.861Z"}
info: Server started at http://localhost:3000/api/v1/ {"timestamp":"2022-01-31T15:58:45.858Z"}
info: Connected to the database. {"timestamp":"2022-01-31T15:58:45.919Z"}
info: Server started at http://localhost:3000/api/v1/ {"timestamp":"2022-01-31T17:50:16.753Z"}
info: Connected to the database. {"timestamp":"2022-01-31T17:50:16.793Z"}
info: Server started at http://localhost:3000/api/v1/ {"timestamp":"2022-01-31T17:50:33.802Z"}
info: Connected to the database. {"timestamp":"2022-01-31T17:50:33.827Z"}
info: Server started at http://localhost:3000/api/v1/ {"timestamp":"2022-01-31T17:51:02.532Z"}
info: Connected to the database. {"timestamp":"2022-01-31T17:51:02.564Z"}
info: Server started at http://localhost:3000/api/v1/ {"timestamp":"2022-01-31T17:51:13.488Z"}
info: Connected to the database. {"timestamp":"2022-01-31T17:51:13.524Z"}
error: 
    status - 500 
    message - ReferenceError: body is not defined
    at _callee14$ (D:\Book_Store_App\Book-Store\src\services\/user.service.js:309:64)
    at tryCatch (D:\Book_Store_App\Book-Store\node_modules\regenerator-runtime\runtime.js:63:40)
    at Generator.invoke [as _invoke] (D:\Book_Store_App\Book-Store\node_modules\regenerator-runtime\runtime.js:294:22)
    at Generator.next (D:\Book_Store_App\Book-Store\node_modules\regenerator-runtime\runtime.js:119:21)
    at asyncGeneratorStep (D:\Book_Store_App\Book-Store\node_modules\@babel\runtime\helpers\asyncToGenerator.js:3:24)
    at _next (D:\Book_Store_App\Book-Store\node_modules\@babel\runtime\helpers\asyncToGenerator.js:25:9)
    at processTicksAndRejections (internal/process/task_queues.js:95:5) 
    url - /api/v1/wishlist/61f64042a99dbd428ca5261c 
    method - POST 
    IP - ::ffff:127.0.0.1
   {"timestamp":"2022-01-31T17:51:28.787Z"}
error: 
    status - 500 
    message - ReferenceError: body is not defined
    at _callee14$ (D:\Book_Store_App\Book-Store\src\services\/user.service.js:309:64)
    at tryCatch (D:\Book_Store_App\Book-Store\node_modules\regenerator-runtime\runtime.js:63:40)
    at Generator.invoke [as _invoke] (D:\Book_Store_App\Book-Store\node_modules\regenerator-runtime\runtime.js:294:22)
    at Generator.next (D:\Book_Store_App\Book-Store\node_modules\regenerator-runtime\runtime.js:119:21)
    at asyncGeneratorStep (D:\Book_Store_App\Book-Store\node_modules\@babel\runtime\helpers\asyncToGenerator.js:3:24)
    at _next (D:\Book_Store_App\Book-Store\node_modules\@babel\runtime\helpers\asyncToGenerator.js:25:9)
    at processTicksAndRejections (internal/process/task_queues.js:95:5) 
    url - /api/v1/wishlist/61f64042a99dbd428ca5261c 
    method - POST 
    IP - ::ffff:127.0.0.1
   {"timestamp":"2022-01-31T17:51:50.573Z"}
info: Server started at http://localhost:3000/api/v1/ {"timestamp":"2022-01-31T17:52:35.938Z"}
info: Connected to the database. {"timestamp":"2022-01-31T17:52:36.046Z"}
info: Server started at http://localhost:3000/api/v1/ {"timestamp":"2022-01-31T17:52:53.713Z"}
info: Connected to the database. {"timestamp":"2022-01-31T17:52:53.746Z"}
info: Server started at http://localhost:3000/api/v1/ {"timestamp":"2022-01-31T17:54:06.808Z"}
info: Connected to the database. {"timestamp":"2022-01-31T17:54:06.833Z"}
info: Server started at http://localhost:3000/api/v1/ {"timestamp":"2022-01-31T17:54:50.141Z"}
info: Connected to the database. {"timestamp":"2022-01-31T17:54:50.177Z"}
info: Server started at http://localhost:3000/api/v1/ {"timestamp":"2022-01-31T17:55:11.069Z"}
info: Connected to the database. {"timestamp":"2022-01-31T17:55:11.095Z"}
info: Server started at http://localhost:3000/api/v1/ {"timestamp":"2022-01-31T17:55:24.379Z"}
info: Connected to the database. {"timestamp":"2022-01-31T17:55:24.432Z"}
info: Server started at http://localhost:3000/api/v1/ {"timestamp":"2022-01-31T17:57:33.850Z"}
info: Connected to the database. {"timestamp":"2022-01-31T17:57:33.875Z"}
info: Server started at http://localhost:3000/api/v1/ {"timestamp":"2022-01-31T17:59:12.071Z"}
info: Connected to the database. {"timestamp":"2022-01-31T17:59:12.107Z"}
info: Server started at http://localhost:3000/api/v1/ {"timestamp":"2022-01-31T18:00:47.344Z"}
info: Connected to the database. {"timestamp":"2022-01-31T18:00:47.369Z"}
info: Server started at http://localhost:3000/api/v1/ {"timestamp":"2022-01-31T18:02:31.659Z"}
info: Connected to the database. {"timestamp":"2022-01-31T18:02:31.689Z"}
info: Server started at http://localhost:3000/api/v1/ {"timestamp":"2022-01-31T18:05:12.233Z"}
info: Connected to the database. {"timestamp":"2022-01-31T18:05:12.269Z"}
info: Server started at http://localhost:3000/api/v1/ {"timestamp":"2022-01-31T18:06:58.167Z"}
info: Connected to the database. {"timestamp":"2022-01-31T18:06:58.200Z"}
info: Server started at http://localhost:3000/api/v1/ {"timestamp":"2022-01-31T18:07:15.121Z"}
info: Connected to the database. {"timestamp":"2022-01-31T18:07:15.151Z"}
info: Server started at http://localhost:3000/api/v1/ {"timestamp":"2022-01-31T18:07:30.729Z"}
info: Connected to the database. {"timestamp":"2022-01-31T18:07:30.755Z"}
info: Server started at http://localhost:3000/api/v1/ {"timestamp":"2022-01-31T18:07:47.095Z"}
info: Connected to the database. {"timestamp":"2022-01-31T18:07:47.121Z"}
info: Server started at http://localhost:3000/api/v1/ {"timestamp":"2022-01-31T18:08:46.734Z"}
info: Connected to the database. {"timestamp":"2022-01-31T18:08:46.773Z"}
info: Server started at http://localhost:3000/api/v1/ {"timestamp":"2022-01-31T18:08:56.240Z"}
info: Connected to the database. {"timestamp":"2022-01-31T18:08:56.265Z"}
info: Server started at http://localhost:3000/api/v1/ {"timestamp":"2022-01-31T18:10:22.918Z"}
info: Connected to the database. {"timestamp":"2022-01-31T18:10:22.951Z"}
info: Server started at http://localhost:3000/api/v1/ {"timestamp":"2022-01-31T18:10:59.341Z"}
info: Connected to the database. {"timestamp":"2022-01-31T18:10:59.366Z"}
error: 
    status - 500 
    message - TypeError: Cannot read property 'Book' of null
    at _callee14$ (D:\Book_Store_App\Book-Store\src\services\/user.service.js:310:58)
    at tryCatch (D:\Book_Store_App\Book-Store\node_modules\regenerator-runtime\runtime.js:63:40)
    at Generator.invoke [as _invoke] (D:\Book_Store_App\Book-Store\node_modules\regenerator-runtime\runtime.js:294:22)
    at Generator.next (D:\Book_Store_App\Book-Store\node_modules\regenerator-runtime\runtime.js:119:21)
    at asyncGeneratorStep (D:\Book_Store_App\Book-Store\node_modules\@babel\runtime\helpers\asyncToGenerator.js:3:24)
    at _next (D:\Book_Store_App\Book-Store\node_modules\@babel\runtime\helpers\asyncToGenerator.js:25:9)
    at processTicksAndRejections (internal/process/task_queues.js:95:5) 
    url - /api/v1/wishlist/61f64042a99dbd428ca5261c 
    method - POST 
    IP - ::ffff:127.0.0.1
   {"timestamp":"2022-01-31T18:11:52.713Z"}
error: 
    status - 500 
    message - TypeError: Cannot read property 'Book' of null
    at _callee14$ (D:\Book_Store_App\Book-Store\src\services\/user.service.js:310:58)
    at tryCatch (D:\Book_Store_App\Book-Store\node_modules\regenerator-runtime\runtime.js:63:40)
    at Generator.invoke [as _invoke] (D:\Book_Store_App\Book-Store\node_modules\regenerator-runtime\runtime.js:294:22)
    at Generator.next (D:\Book_Store_App\Book-Store\node_modules\regenerator-runtime\runtime.js:119:21)
    at asyncGeneratorStep (D:\Book_Store_App\Book-Store\node_modules\@babel\runtime\helpers\asyncToGenerator.js:3:24)
    at _next (D:\Book_Store_App\Book-Store\node_modules\@babel\runtime\helpers\asyncToGenerator.js:25:9)
    at processTicksAndRejections (internal/process/task_queues.js:95:5) 
    url - /api/v1/wishlist/61f64042a99dbd428ca5261c 
    method - POST 
    IP - ::ffff:127.0.0.1
   {"timestamp":"2022-01-31T18:11:58.622Z"}
info: Server started at http://localhost:3000/api/v1/ {"timestamp":"2022-01-31T18:13:57.984Z"}
info: Connected to the database. {"timestamp":"2022-01-31T18:13:58.018Z"}
info: Server started at http://localhost:3000/api/v1/ {"timestamp":"2022-01-31T18:14:45.973Z"}
info: Connected to the database. {"timestamp":"2022-01-31T18:14:45.996Z"}
info: Server started at http://localhost:3000/api/v1/ {"timestamp":"2022-01-31T18:15:09.491Z"}
info: Connected to the database. {"timestamp":"2022-01-31T18:15:09.517Z"}
info: Server started at http://localhost:3000/api/v1/ {"timestamp":"2022-01-31T18:15:27.875Z"}
info: Connected to the database. {"timestamp":"2022-01-31T18:15:27.905Z"}
info: Server started at http://localhost:3000/api/v1/ {"timestamp":"2022-01-31T18:15:40.207Z"}
info: Connected to the database. {"timestamp":"2022-01-31T18:15:40.236Z"}
info: Server started at http://localhost:3000/api/v1/ {"timestamp":"2022-01-31T18:16:10.953Z"}
info: Connected to the database. {"timestamp":"2022-01-31T18:16:10.978Z"}
info: Server started at http://localhost:3000/api/v1/ {"timestamp":"2022-01-31T18:16:44.066Z"}
info: Connected to the database. {"timestamp":"2022-01-31T18:16:44.109Z"}
info: Server started at http://localhost:3000/api/v1/ {"timestamp":"2022-01-31T18:16:55.235Z"}
info: Connected to the database. {"timestamp":"2022-01-31T18:16:55.267Z"}
info: Server started at http://localhost:3000/api/v1/ {"timestamp":"2022-01-31T18:17:17.908Z"}
info: Connected to the database. {"timestamp":"2022-01-31T18:17:17.943Z"}
info: Server started at http://localhost:3000/api/v1/ {"timestamp":"2022-01-31T18:17:26.213Z"}
info: Connected to the database. {"timestamp":"2022-01-31T18:17:26.246Z"}
info: Server started at http://localhost:3000/api/v1/ {"timestamp":"2022-01-31T18:17:52.474Z"}
info: Server started at http://localhost:3000/api/v1/ {"timestamp":"2022-01-31T18:17:58.191Z"}
info: Connected to the database. {"timestamp":"2022-01-31T18:17:58.217Z"}
info: Server started at http://localhost:3000/api/v1/ {"timestamp":"2022-01-31T18:18:36.490Z"}
info: Connected to the database. {"timestamp":"2022-01-31T18:18:36.520Z"}
info: Server started at http://localhost:3000/api/v1/ {"timestamp":"2022-01-31T18:19:35.789Z"}
info: Connected to the database. {"timestamp":"2022-01-31T18:19:35.825Z"}
info: Server started at http://localhost:3000/api/v1/ {"timestamp":"2022-01-31T18:22:21.478Z"}
info: Connected to the database. {"timestamp":"2022-01-31T18:22:21.505Z"}
info: Server started at http://localhost:3000/api/v1/ {"timestamp":"2022-01-31T18:22:29.704Z"}
info: Connected to the database. {"timestamp":"2022-01-31T18:22:29.734Z"}
info: Server started at http://localhost:3000/api/v1/ {"timestamp":"2022-01-31T18:22:40.611Z"}
info: Connected to the database. {"timestamp":"2022-01-31T18:22:40.639Z"}
info: Server started at http://localhost:3000/api/v1/ {"timestamp":"2022-01-31T18:25:08.060Z"}
info: Connected to the database. {"timestamp":"2022-01-31T18:25:08.085Z"}
info: Server started at http://localhost:3000/api/v1/ {"timestamp":"2022-01-31T18:27:29.324Z"}
info: Connected to the database. {"timestamp":"2022-01-31T18:27:29.373Z"}
info: Server started at http://localhost:3000/api/v1/ {"timestamp":"2022-01-31T18:29:07.843Z"}
info: Connected to the database. {"timestamp":"2022-01-31T18:29:07.870Z"}
error: 
    status - 500 
    message - Error: Book Does not exsist
    at _callee14$ (D:\Book_Store_App\Book-Store\src\services\/user.service.js:380:12)
    at tryCatch (D:\Book_Store_App\Book-Store\node_modules\regenerator-runtime\runtime.js:63:40)
    at Generator.invoke [as _invoke] (D:\Book_Store_App\Book-Store\node_modules\regenerator-runtime\runtime.js:294:22)
    at Generator.next (D:\Book_Store_App\Book-Store\node_modules\regenerator-runtime\runtime.js:119:21)
    at asyncGeneratorStep (D:\Book_Store_App\Book-Store\node_modules\@babel\runtime\helpers\asyncToGenerator.js:3:24)
    at _next (D:\Book_Store_App\Book-Store\node_modules\@babel\runtime\helpers\asyncToGenerator.js:25:9)
    at processTicksAndRejections (internal/process/task_queues.js:95:5) 
    url - /api/v1/wishlist/61f8299c20bebd4478718981 
    method - POST 
    IP - ::ffff:127.0.0.1
   {"timestamp":"2022-01-31T18:29:53.035Z"}
