info: Server started at http://localhost:3000/api/v1/ {"timestamp":"2022-01-24T10:17:12.501Z"}
info: Connected to the database. {"timestamp":"2022-01-24T10:17:16.739Z"}
info: Server started at http://localhost:3000/api/v1/ {"timestamp":"2022-01-24T10:19:27.408Z"}
info: Connected to the database. {"timestamp":"2022-01-24T10:19:30.723Z"}
info: Server started at http://localhost:3000/api/v1/ {"timestamp":"2022-01-24T10:20:39.455Z"}
info: Connected to the database. {"timestamp":"2022-01-24T10:20:42.817Z"}
info: Server started at http://localhost:3000/api/v1/ {"timestamp":"2022-01-24T10:58:23.927Z"}
info: Connected to the database. {"timestamp":"2022-01-24T10:58:24.528Z"}
info: Server started at http://localhost:3000/api/v1/ {"timestamp":"2022-01-24T11:03:59.259Z"}
info: Connected to the database. {"timestamp":"2022-01-24T11:03:59.340Z"}
info: Server started at http://localhost:3000/api/v1/ {"timestamp":"2022-01-24T11:08:37.014Z"}
info: Connected to the database. {"timestamp":"2022-01-24T11:08:37.238Z"}
info: Server started at http://localhost:3000/api/v1/ {"timestamp":"2022-01-24T11:08:57.161Z"}
info: Connected to the database. {"timestamp":"2022-01-24T11:08:57.185Z"}
info: Server started at http://localhost:3000/api/v1/ {"timestamp":"2022-01-24T11:09:02.956Z"}
info: Connected to the database. {"timestamp":"2022-01-24T11:09:03.013Z"}
info: Server started at http://localhost:3000/api/v1/ {"timestamp":"2022-01-24T11:09:07.061Z"}
info: Connected to the database. {"timestamp":"2022-01-24T11:09:07.114Z"}
info: Server started at http://localhost:3000/api/v1/ {"timestamp":"2022-01-24T11:09:19.033Z"}
info: Connected to the database. {"timestamp":"2022-01-24T11:09:19.056Z"}
info: Server started at http://localhost:3000/api/v1/ {"timestamp":"2022-01-24T11:09:47.425Z"}
info: Connected to the database. {"timestamp":"2022-01-24T11:09:47.493Z"}
info: Server started at http://localhost:3000/api/v1/ {"timestamp":"2022-01-24T11:09:51.480Z"}
info: Connected to the database. {"timestamp":"2022-01-24T11:09:51.507Z"}
info: Server started at http://localhost:3000/api/v1/ {"timestamp":"2022-01-24T11:09:58.472Z"}
info: Connected to the database. {"timestamp":"2022-01-24T11:09:59.239Z"}
info: Server started at http://localhost:3000/api/v1/ {"timestamp":"2022-01-24T11:10:43.865Z"}
info: Connected to the database. {"timestamp":"2022-01-24T11:10:43.895Z"}
info: Server started at http://localhost:3000/api/v1/ {"timestamp":"2022-01-24T11:10:56.647Z"}
info: Connected to the database. {"timestamp":"2022-01-24T11:10:56.672Z"}
info: Server started at http://localhost:3000/api/v1/ {"timestamp":"2022-01-24T11:11:04.550Z"}
info: Connected to the database. {"timestamp":"2022-01-24T11:11:04.594Z"}
info: Server started at http://localhost:3000/api/v1/ {"timestamp":"2022-01-24T11:11:15.432Z"}
info: Connected to the database. {"timestamp":"2022-01-24T11:11:15.460Z"}
info: Server started at http://localhost:3000/api/v1/ {"timestamp":"2022-01-24T11:11:23.238Z"}
info: Connected to the database. {"timestamp":"2022-01-24T11:11:23.304Z"}
info: Server started at http://localhost:3000/api/v1/ {"timestamp":"2022-01-24T11:12:52.008Z"}
info: Connected to the database. {"timestamp":"2022-01-24T11:12:52.033Z"}
info: Server started at http://localhost:3000/api/v1/ {"timestamp":"2022-01-24T11:16:15.509Z"}
info: Connected to the database. {"timestamp":"2022-01-24T11:16:15.543Z"}
error: 
    status - 500 
    message - Error: User validation failed
    at new MongooseError (D:\Book_Store_App\Book-Store\node_modules\mongoose\lib\error\mongooseError.js:7:1)
    at new ValidationError (D:\Book_Store_App\Book-Store\node_modules\mongoose\lib\error\validation.js:27:5)
    at model.Document.invalidate (D:\Book_Store_App\Book-Store\node_modules\mongoose\lib\document.js:2782:32)
    at model.$set (D:\Book_Store_App\Book-Store\node_modules\mongoose\lib\document.js:1349:12)
    at model.$set (D:\Book_Store_App\Book-Store\node_modules\mongoose\lib\document.js:1058:16)
    at model.Document (D:\Book_Store_App\Book-Store\node_modules\mongoose\lib\document.js:148:12)
    at model.Model (D:\Book_Store_App\Book-Store\node_modules\mongoose\lib\model.js:106:12)
    at new model (D:\Book_Store_App\Book-Store\node_modules\mongoose\lib\model.js:4911:15) 
    url - /api/v1/users/user_registration 
    method - POST 
    IP - ::1
   {"timestamp":"2022-01-24T11:16:18.806Z"}
info: Server started at http://localhost:3000/api/v1/ {"timestamp":"2022-01-24T11:17:28.127Z"}
info: Connected to the database. {"timestamp":"2022-01-24T11:17:28.151Z"}
error: 
      status - 11000
      message - E11000 duplicate key error collection: Book_Store.users index: Email_1 dup key: { Email: "vishgirase@gmail.com" } 
      url - /api/v1/users/user_registration 
      method - POST 
      IP - ::1
     {"timestamp":"2022-01-24T11:17:31.889Z"}
error: 
    status - 500 
    message - RangeError [ERR_HTTP_INVALID_STATUS_CODE]: Invalid status code: 11000
    at ServerResponse.writeHead (_http_server.js:259:11)
    at ServerResponse.writeHead (D:\Book_Store_App\Book-Store\node_modules\on-headers\index.js:44:26)
    at ServerResponse._implicitHeader (_http_server.js:250:8)
    at write_ (_http_outgoing.js:711:9)
    at ServerResponse.end (_http_outgoing.js:825:5)
    at ServerResponse.send (D:\Book_Store_App\Book-Store\node_modules\express\lib\response.js:221:10)
    at ServerResponse.json (D:\Book_Store_App\Book-Store\node_modules\express\lib\response.js:267:15)
    at appErrorHandler (D:\Book_Store_App\Book-Store\src\middlewares\/error.middleware.js:36:26)
    at Layer.handle_error (D:\Book_Store_App\Book-Store\node_modules\express\lib\router\layer.js:71:5)
    at trim_prefix (D:\Book_Store_App\Book-Store\node_modules\express\lib\router\index.js:321:13) 
    url - /api/v1/users/user_registration 
    method - POST 
    IP - ::1
   {"timestamp":"2022-01-24T11:17:31.898Z"}
error: 
      status - 11000
      message - E11000 duplicate key error collection: Book_Store.users index: Email_1 dup key: { Email: "vishgirase@gmail.com" } 
      url - /api/v1/users/user_registration 
      method - POST 
      IP - ::1
     {"timestamp":"2022-01-24T11:17:36.526Z"}
error: 
    status - 500 
    message - RangeError [ERR_HTTP_INVALID_STATUS_CODE]: Invalid status code: 11000
    at ServerResponse.writeHead (_http_server.js:259:11)
    at ServerResponse.writeHead (D:\Book_Store_App\Book-Store\node_modules\on-headers\index.js:44:26)
    at ServerResponse._implicitHeader (_http_server.js:250:8)
    at write_ (_http_outgoing.js:711:9)
    at ServerResponse.end (_http_outgoing.js:825:5)
    at ServerResponse.send (D:\Book_Store_App\Book-Store\node_modules\express\lib\response.js:221:10)
    at ServerResponse.json (D:\Book_Store_App\Book-Store\node_modules\express\lib\response.js:267:15)
    at appErrorHandler (D:\Book_Store_App\Book-Store\src\middlewares\/error.middleware.js:36:26)
    at Layer.handle_error (D:\Book_Store_App\Book-Store\node_modules\express\lib\router\layer.js:71:5)
    at trim_prefix (D:\Book_Store_App\Book-Store\node_modules\express\lib\router\index.js:321:13) 
    url - /api/v1/users/user_registration 
    method - POST 
    IP - ::1
   {"timestamp":"2022-01-24T11:17:36.527Z"}
info: Server started at http://localhost:3000/api/v1/ {"timestamp":"2022-01-24T11:18:08.920Z"}
info: Connected to the database. {"timestamp":"2022-01-24T11:18:08.961Z"}
info: Server started at http://localhost:3000/api/v1/ {"timestamp":"2022-01-24T11:18:41.265Z"}
info: Connected to the database. {"timestamp":"2022-01-24T11:18:41.289Z"}
info: Server started at http://localhost:3000/api/v1/ {"timestamp":"2022-01-24T11:18:50.186Z"}
info: Connected to the database. {"timestamp":"2022-01-24T11:18:50.218Z"}
info: Server started at http://localhost:3000/api/v1/ {"timestamp":"2022-01-24T11:18:56.469Z"}
info: Connected to the database. {"timestamp":"2022-01-24T11:18:56.526Z"}
info: Server started at http://localhost:3000/api/v1/ {"timestamp":"2022-01-24T11:19:02.601Z"}
info: Connected to the database. {"timestamp":"2022-01-24T11:19:02.631Z"}
info: Server started at http://localhost:3000/api/v1/ {"timestamp":"2022-01-24T11:19:06.793Z"}
info: Connected to the database. {"timestamp":"2022-01-24T11:19:06.822Z"}
info: Server started at http://localhost:3000/api/v1/ {"timestamp":"2022-01-24T11:19:14.514Z"}
info: Connected to the database. {"timestamp":"2022-01-24T11:19:14.544Z"}
info: Server started at http://localhost:3000/api/v1/ {"timestamp":"2022-01-24T11:19:19.143Z"}
info: Connected to the database. {"timestamp":"2022-01-24T11:19:19.201Z"}
info: Server started at http://localhost:3000/api/v1/ {"timestamp":"2022-01-24T11:19:29.922Z"}
info: Connected to the database. {"timestamp":"2022-01-24T11:19:29.954Z"}
info: Server started at http://localhost:3000/api/v1/ {"timestamp":"2022-01-24T11:19:40.471Z"}
info: Connected to the database. {"timestamp":"2022-01-24T11:19:40.512Z"}
info: Server started at http://localhost:3000/api/v1/ {"timestamp":"2022-01-24T11:19:55.676Z"}
info: Connected to the database. {"timestamp":"2022-01-24T11:19:55.702Z"}
info: Server started at http://localhost:3000/api/v1/ {"timestamp":"2022-01-24T11:20:02.603Z"}
info: Connected to the database. {"timestamp":"2022-01-24T11:20:02.645Z"}
info: Server started at http://localhost:3000/api/v1/ {"timestamp":"2022-01-24T11:20:14.209Z"}
info: Connected to the database. {"timestamp":"2022-01-24T11:20:14.236Z"}
info: Server started at http://localhost:3000/api/v1/ {"timestamp":"2022-01-24T11:20:29.080Z"}
info: Connected to the database. {"timestamp":"2022-01-24T11:20:29.119Z"}
error: 
    status - 500 
    message - Error: "FirstName" length must be at least 3 characters long
    at new exports.ValidationError (D:\Book_Store_App\Book-Store\node_modules\@hapi\joi\lib\errors.js:246:9)
    at Object.exports.process (D:\Book_Store_App\Book-Store\node_modules\@hapi\joi\lib\errors.js:189:29)
    at Object.internals.entry (D:\Book_Store_App\Book-Store\node_modules\@hapi\joi\lib\validator.js:140:26)
    at Object.exports.entry (D:\Book_Store_App\Book-Store\node_modules\@hapi\joi\lib\validator.js:26:30)
    at internals.Base.validate (D:\Book_Store_App\Book-Store\node_modules\@hapi\joi\lib\base.js:534:26)
    at newUserValidator (D:\Book_Store_App\Book-Store\src\validators\/user.validator.js:11:35)
    at Layer.handle [as handle_request] (D:\Book_Store_App\Book-Store\node_modules\express\lib\router\layer.js:95:5)
    at next (D:\Book_Store_App\Book-Store\node_modules\express\lib\router\route.js:137:13) 
    url - /api/v1/users/user_registration 
    method - POST 
    IP - ::1
   {"timestamp":"2022-01-24T11:22:19.330Z"}
error: 
    status - 500 
    message - Error: "Email" must be a valid email
    at new exports.ValidationError (D:\Book_Store_App\Book-Store\node_modules\@hapi\joi\lib\errors.js:246:9)
    at Object.exports.process (D:\Book_Store_App\Book-Store\node_modules\@hapi\joi\lib\errors.js:189:29)
    at Object.internals.entry (D:\Book_Store_App\Book-Store\node_modules\@hapi\joi\lib\validator.js:140:26)
    at Object.exports.entry (D:\Book_Store_App\Book-Store\node_modules\@hapi\joi\lib\validator.js:26:30)
    at internals.Base.validate (D:\Book_Store_App\Book-Store\node_modules\@hapi\joi\lib\base.js:534:26)
    at newUserValidator (D:\Book_Store_App\Book-Store\src\validators\/user.validator.js:11:35)
    at Layer.handle [as handle_request] (D:\Book_Store_App\Book-Store\node_modules\express\lib\router\layer.js:95:5)
    at next (D:\Book_Store_App\Book-Store\node_modules\express\lib\router\route.js:137:13) 
    url - /api/v1/users/user_registration 
    method - POST 
    IP - ::1
   {"timestamp":"2022-01-24T11:24:39.472Z"}
info: Server started at http://localhost:3000/api/v1/ {"timestamp":"2022-01-24T11:25:03.464Z"}
info: Connected to the database. {"timestamp":"2022-01-24T11:25:03.488Z"}
error: 
    status - 500 
    message - Error: "Role" is not allowed
    at new exports.ValidationError (D:\Book_Store_App\Book-Store\node_modules\@hapi\joi\lib\errors.js:246:9)
    at Object.exports.process (D:\Book_Store_App\Book-Store\node_modules\@hapi\joi\lib\errors.js:189:29)
    at Object.internals.entry (D:\Book_Store_App\Book-Store\node_modules\@hapi\joi\lib\validator.js:140:26)
    at Object.exports.entry (D:\Book_Store_App\Book-Store\node_modules\@hapi\joi\lib\validator.js:26:30)
    at internals.Base.validate (D:\Book_Store_App\Book-Store\node_modules\@hapi\joi\lib\base.js:534:26)
    at newUserValidator (D:\Book_Store_App\Book-Store\src\validators\/user.validator.js:11:35)
    at Layer.handle [as handle_request] (D:\Book_Store_App\Book-Store\node_modules\express\lib\router\layer.js:95:5)
    at next (D:\Book_Store_App\Book-Store\node_modules\express\lib\router\route.js:137:13) 
    url - /api/v1/users/user_registration 
    method - POST 
    IP - ::1
   {"timestamp":"2022-01-24T11:25:07.380Z"}
info: Server started at http://localhost:3000/api/v1/ {"timestamp":"2022-01-24T11:25:22.492Z"}
info: Connected to the database. {"timestamp":"2022-01-24T11:25:22.556Z"}
info: Server started at http://localhost:3000/api/v1/ {"timestamp":"2022-01-24T11:25:28.183Z"}
info: Connected to the database. {"timestamp":"2022-01-24T11:25:28.210Z"}
info: Server started at http://localhost:3000/api/v1/ {"timestamp":"2022-01-24T12:06:27.842Z"}
info: Connected to the database. {"timestamp":"2022-01-24T12:06:27.889Z"}
info: Server started at http://localhost:3000/api/v1/ {"timestamp":"2022-01-24T12:06:56.757Z"}
info: Connected to the database. {"timestamp":"2022-01-24T12:06:56.814Z"}
info: Server started at http://localhost:3000/api/v1/ {"timestamp":"2022-01-24T12:07:16.991Z"}
info: Connected to the database. {"timestamp":"2022-01-24T12:07:17.023Z"}
info: Server started at http://localhost:3000/api/v1/ {"timestamp":"2022-01-24T12:07:23.298Z"}
info: Connected to the database. {"timestamp":"2022-01-24T12:07:23.327Z"}
info: Server started at http://localhost:3000/api/v1/ {"timestamp":"2022-01-24T12:07:35.829Z"}
info: Connected to the database. {"timestamp":"2022-01-24T12:07:35.854Z"}
info: Server started at http://localhost:3000/api/v1/ {"timestamp":"2022-01-24T12:08:03.949Z"}
info: Connected to the database. {"timestamp":"2022-01-24T12:08:03.976Z"}
info: Server started at http://localhost:3000/api/v1/ {"timestamp":"2022-01-24T12:08:12.741Z"}
info: Connected to the database. {"timestamp":"2022-01-24T12:08:12.766Z"}
info: Server started at http://localhost:3000/api/v1/ {"timestamp":"2022-01-24T12:08:26.161Z"}
info: Connected to the database. {"timestamp":"2022-01-24T12:08:26.208Z"}
info: Server started at http://localhost:3000/api/v1/ {"timestamp":"2022-01-24T12:08:30.628Z"}
info: Connected to the database. {"timestamp":"2022-01-24T12:08:30.656Z"}
info: Server started at http://localhost:3000/api/v1/ {"timestamp":"2022-01-24T12:08:38.696Z"}
info: Connected to the database. {"timestamp":"2022-01-24T12:08:38.720Z"}
info: Server started at http://localhost:3000/api/v1/ {"timestamp":"2022-01-24T12:08:52.232Z"}
info: Connected to the database. {"timestamp":"2022-01-24T12:08:52.255Z"}
info: Server started at http://localhost:3000/api/v1/ {"timestamp":"2022-01-24T12:09:26.120Z"}
info: Connected to the database. {"timestamp":"2022-01-24T12:09:26.145Z"}
info: Server started at http://localhost:3000/api/v1/ {"timestamp":"2022-01-24T12:09:48.429Z"}
info: Connected to the database. {"timestamp":"2022-01-24T12:09:48.454Z"}
info: Server started at http://localhost:3000/api/v1/ {"timestamp":"2022-01-24T12:10:04.970Z"}
info: Connected to the database. {"timestamp":"2022-01-24T12:10:04.993Z"}
info: Server started at http://localhost:3000/api/v1/ {"timestamp":"2022-01-24T12:13:23.063Z"}
info: Connected to the database. {"timestamp":"2022-01-24T12:13:23.096Z"}
info: Server started at http://localhost:3000/api/v1/ {"timestamp":"2022-01-24T12:20:17.117Z"}
info: Connected to the database. {"timestamp":"2022-01-24T12:20:17.137Z"}
info: Server started at http://localhost:3000/api/v1/ {"timestamp":"2022-01-24T12:20:31.895Z"}
info: Connected to the database. {"timestamp":"2022-01-24T12:20:31.917Z"}
info: Server started at http://localhost:3000/api/v1/ {"timestamp":"2022-01-24T12:21:48.673Z"}
info: Connected to the database. {"timestamp":"2022-01-24T12:21:48.695Z"}
info: Server started at http://localhost:3000/api/v1/ {"timestamp":"2022-01-24T12:23:32.980Z"}
info: Connected to the database. {"timestamp":"2022-01-24T12:23:33.011Z"}
info: Server started at http://localhost:3000/api/v1/ {"timestamp":"2022-01-24T12:23:46.547Z"}
info: Connected to the database. {"timestamp":"2022-01-24T12:23:46.570Z"}
info: Server started at http://localhost:3000/api/v1/ {"timestamp":"2022-01-24T12:24:59.184Z"}
info: Connected to the database. {"timestamp":"2022-01-24T12:24:59.204Z"}
info: Server started at http://localhost:3000/api/v1/ {"timestamp":"2022-01-24T12:25:26.400Z"}
info: Connected to the database. {"timestamp":"2022-01-24T12:25:26.421Z"}
info: Server started at http://localhost:3000/api/v1/ {"timestamp":"2022-01-24T12:25:38.216Z"}
info: Connected to the database. {"timestamp":"2022-01-24T12:25:38.237Z"}
info: Server started at http://localhost:3000/api/v1/ {"timestamp":"2022-01-24T12:26:12.658Z"}
info: Connected to the database. {"timestamp":"2022-01-24T12:26:12.679Z"}
info: Server started at http://localhost:3000/api/v1/ {"timestamp":"2022-01-24T12:26:51.099Z"}
info: Connected to the database. {"timestamp":"2022-01-24T12:26:51.119Z"}
info: Server started at http://localhost:3000/api/v1/ {"timestamp":"2022-01-24T12:31:53.557Z"}
info: Connected to the database. {"timestamp":"2022-01-24T12:31:53.582Z"}
info: Server started at http://localhost:3000/api/v1/ {"timestamp":"2022-01-24T12:32:29.793Z"}
info: Connected to the database. {"timestamp":"2022-01-24T12:32:29.813Z"}
info: Server started at http://localhost:3000/api/v1/ {"timestamp":"2022-01-24T12:32:39.724Z"}
info: Connected to the database. {"timestamp":"2022-01-24T12:32:39.746Z"}
info: Server started at http://localhost:3000/api/v1/ {"timestamp":"2022-01-24T12:32:49.660Z"}
info: Connected to the database. {"timestamp":"2022-01-24T12:32:49.682Z"}
info: Server started at http://localhost:3000/api/v1/ {"timestamp":"2022-01-24T12:34:19.812Z"}
info: Connected to the database. {"timestamp":"2022-01-24T12:34:19.836Z"}
info: Server started at http://localhost:3000/api/v1/ {"timestamp":"2022-01-24T12:34:36.813Z"}
info: Connected to the database. {"timestamp":"2022-01-24T12:34:36.872Z"}
info: Server started at http://localhost:3000/api/v1/ {"timestamp":"2022-01-24T12:34:54.493Z"}
info: Connected to the database. {"timestamp":"2022-01-24T12:34:54.519Z"}
info: Server started at http://localhost:3000/api/v1/ {"timestamp":"2022-01-24T12:35:02.366Z"}
info: Connected to the database. {"timestamp":"2022-01-24T12:35:02.388Z"}
info: Server started at http://localhost:3000/api/v1/ {"timestamp":"2022-01-24T12:35:31.465Z"}
info: Connected to the database. {"timestamp":"2022-01-24T12:35:31.486Z"}
info: Server started at http://localhost:3000/api/v1/ {"timestamp":"2022-01-24T12:35:40.371Z"}
info: Connected to the database. {"timestamp":"2022-01-24T12:35:40.429Z"}
info: Server started at http://localhost:3000/api/v1/ {"timestamp":"2022-01-24T12:35:51.842Z"}
info: Connected to the database. {"timestamp":"2022-01-24T12:35:51.882Z"}
info: Server started at http://localhost:3000/api/v1/ {"timestamp":"2022-01-24T12:36:27.823Z"}
info: Connected to the database. {"timestamp":"2022-01-24T12:36:27.852Z"}
info: Server started at http://localhost:3000/api/v1/ {"timestamp":"2022-01-24T12:36:49.927Z"}
info: Connected to the database. {"timestamp":"2022-01-24T12:36:49.951Z"}
info: Server started at http://localhost:3000/api/v1/ {"timestamp":"2022-01-24T12:46:41.012Z"}
info: Connected to the database. {"timestamp":"2022-01-24T12:46:41.037Z"}
info: Server started at http://localhost:3000/api/v1/ {"timestamp":"2022-01-24T12:46:51.338Z"}
info: Connected to the database. {"timestamp":"2022-01-24T12:46:51.383Z"}
info: Server started at http://localhost:3000/api/v1/ {"timestamp":"2022-01-24T12:47:11.720Z"}
info: Connected to the database. {"timestamp":"2022-01-24T12:47:11.750Z"}
info: Server started at http://localhost:3000/api/v1/ {"timestamp":"2022-01-24T12:54:17.154Z"}
info: Connected to the database. {"timestamp":"2022-01-24T12:54:17.175Z"}
info: Server started at http://localhost:3000/api/v1/ {"timestamp":"2022-01-24T13:00:39.216Z"}
info: Connected to the database. {"timestamp":"2022-01-24T13:00:39.244Z"}
info: Server started at http://localhost:3000/api/v1/ {"timestamp":"2022-01-24T13:00:54.530Z"}
info: Connected to the database. {"timestamp":"2022-01-24T13:00:54.558Z"}
info: Server started at http://localhost:3000/api/v1/ {"timestamp":"2022-01-24T13:01:31.055Z"}
info: Connected to the database. {"timestamp":"2022-01-24T13:01:31.082Z"}
info: Server started at http://localhost:3000/api/v1/ {"timestamp":"2022-01-24T13:02:12.790Z"}
info: Connected to the database. {"timestamp":"2022-01-24T13:02:12.858Z"}
info: Server started at http://localhost:3000/api/v1/ {"timestamp":"2022-01-24T13:17:37.065Z"}
info: Connected to the database. {"timestamp":"2022-01-24T13:17:37.109Z"}
error: 
      status - 11000
      message - E11000 duplicate key error collection: Book_Store.users index: Email_1 dup key: { Email: "vishgirhhjjdggkkkjjs4@gmail.com" } 
      url - /api/v1/users/admin_registration 
      method - POST 
      IP - ::1
     {"timestamp":"2022-01-24T13:18:08.249Z"}
error: 
    status - 500 
    message - RangeError [ERR_HTTP_INVALID_STATUS_CODE]: Invalid status code: 11000
    at ServerResponse.writeHead (_http_server.js:259:11)
    at ServerResponse.writeHead (D:\Book_Store_App\Book-Store\node_modules\on-headers\index.js:44:26)
    at ServerResponse._implicitHeader (_http_server.js:250:8)
    at write_ (_http_outgoing.js:711:9)
    at ServerResponse.end (_http_outgoing.js:825:5)
    at ServerResponse.send (D:\Book_Store_App\Book-Store\node_modules\express\lib\response.js:221:10)
    at ServerResponse.json (D:\Book_Store_App\Book-Store\node_modules\express\lib\response.js:267:15)
    at appErrorHandler (D:\Book_Store_App\Book-Store\src\middlewares\/error.middleware.js:36:26)
    at Layer.handle_error (D:\Book_Store_App\Book-Store\node_modules\express\lib\router\layer.js:71:5)
    at trim_prefix (D:\Book_Store_App\Book-Store\node_modules\express\lib\router\index.js:321:13) 
    url - /api/v1/users/admin_registration 
    method - POST 
    IP - ::1
   {"timestamp":"2022-01-24T13:18:08.279Z"}
info: Server started at http://localhost:3000/api/v1/ {"timestamp":"2022-01-24T13:18:53.617Z"}
info: Connected to the database. {"timestamp":"2022-01-24T13:18:53.640Z"}
info: Server started at http://localhost:3000/api/v1/ {"timestamp":"2022-01-24T13:18:57.705Z"}
info: Connected to the database. {"timestamp":"2022-01-24T13:18:57.725Z"}
info: Server started at http://localhost:3000/api/v1/ {"timestamp":"2022-01-24T13:19:11.606Z"}
info: Connected to the database. {"timestamp":"2022-01-24T13:19:11.630Z"}
info: Server started at http://localhost:3000/api/v1/ {"timestamp":"2022-01-24T13:19:49.047Z"}
info: Connected to the database. {"timestamp":"2022-01-24T13:19:49.072Z"}
info: Server started at http://localhost:3000/api/v1/ {"timestamp":"2022-01-24T13:20:11.784Z"}
info: Connected to the database. {"timestamp":"2022-01-24T13:20:11.816Z"}
info: Server started at http://localhost:3000/api/v1/ {"timestamp":"2022-01-24T13:20:26.148Z"}
info: Connected to the database. {"timestamp":"2022-01-24T13:20:26.189Z"}
info: Server started at http://localhost:3000/api/v1/ {"timestamp":"2022-01-24T13:20:47.763Z"}
info: Connected to the database. {"timestamp":"2022-01-24T13:20:47.803Z"}
info: Server started at http://localhost:3000/api/v1/ {"timestamp":"2022-01-24T13:20:53.593Z"}
info: Connected to the database. {"timestamp":"2022-01-24T13:20:53.623Z"}
info: Server started at http://localhost:3000/api/v1/ {"timestamp":"2022-01-24T13:21:00.293Z"}
info: Connected to the database. {"timestamp":"2022-01-24T13:21:00.319Z"}
info: Server started at http://localhost:3000/api/v1/ {"timestamp":"2022-01-24T13:21:15.456Z"}
info: Connected to the database. {"timestamp":"2022-01-24T13:21:15.477Z"}
error: 
    status - 500 
    message - Error: User Already Exsist
    at _callee$ (D:\Book_Store_App\Book-Store\src\services\/user.service.js:9:9)
    at tryCatch (D:\Book_Store_App\Book-Store\node_modules\regenerator-runtime\runtime.js:63:40)
    at Generator.invoke [as _invoke] (D:\Book_Store_App\Book-Store\node_modules\regenerator-runtime\runtime.js:294:22)
    at Generator.next (D:\Book_Store_App\Book-Store\node_modules\regenerator-runtime\runtime.js:119:21)
    at asyncGeneratorStep (D:\Book_Store_App\Book-Store\node_modules\@babel\runtime\helpers\asyncToGenerator.js:3:24)
    at _next (D:\Book_Store_App\Book-Store\node_modules\@babel\runtime\helpers\asyncToGenerator.js:25:9)
    at processTicksAndRejections (internal/process/task_queues.js:95:5) 
    url - /api/v1/users/admin_registration 
    method - POST 
    IP - ::1
   {"timestamp":"2022-01-24T13:21:16.293Z"}
error: 
    status - 500 
    message - Error: User Already Exsist
    at _callee$ (D:\Book_Store_App\Book-Store\src\services\/user.service.js:9:9)
    at tryCatch (D:\Book_Store_App\Book-Store\node_modules\regenerator-runtime\runtime.js:63:40)
    at Generator.invoke [as _invoke] (D:\Book_Store_App\Book-Store\node_modules\regenerator-runtime\runtime.js:294:22)
    at Generator.next (D:\Book_Store_App\Book-Store\node_modules\regenerator-runtime\runtime.js:119:21)
    at asyncGeneratorStep (D:\Book_Store_App\Book-Store\node_modules\@babel\runtime\helpers\asyncToGenerator.js:3:24)
    at _next (D:\Book_Store_App\Book-Store\node_modules\@babel\runtime\helpers\asyncToGenerator.js:25:9)
    at processTicksAndRejections (internal/process/task_queues.js:95:5) 
    url - /api/v1/users/user_registration 
    method - POST 
    IP - ::1
   {"timestamp":"2022-01-24T13:21:36.385Z"}
info: Server started at http://localhost:3000/api/v1/ {"timestamp":"2022-01-24T13:22:13.558Z"}
info: Connected to the database. {"timestamp":"2022-01-24T13:22:13.579Z"}
info: Server started at http://localhost:3000/api/v1/ {"timestamp":"2022-01-24T13:35:33.953Z"}
info: Connected to the database. {"timestamp":"2022-01-24T13:35:33.977Z"}
error: 
    status - 500 
    message - Error: User Already Exsist
    at _callee$ (D:\Book_Store_App\Book-Store\src\services\/user.service.js:11:11)
    at tryCatch (D:\Book_Store_App\Book-Store\node_modules\regenerator-runtime\runtime.js:63:40)
    at Generator.invoke [as _invoke] (D:\Book_Store_App\Book-Store\node_modules\regenerator-runtime\runtime.js:294:22)
    at Generator.next (D:\Book_Store_App\Book-Store\node_modules\regenerator-runtime\runtime.js:119:21)
    at asyncGeneratorStep (D:\Book_Store_App\Book-Store\node_modules\@babel\runtime\helpers\asyncToGenerator.js:3:24)
    at _next (D:\Book_Store_App\Book-Store\node_modules\@babel\runtime\helpers\asyncToGenerator.js:25:9)
    at processTicksAndRejections (internal/process/task_queues.js:95:5) 
    url - /api/v1/users/admin_registration 
    method - POST 
    IP - ::1
   {"timestamp":"2022-01-24T13:35:51.426Z"}
info: Server started at http://localhost:3000/api/v1/ {"timestamp":"2022-01-24T14:58:31.929Z"}
info: Connected to the database. {"timestamp":"2022-01-24T14:58:32.019Z"}
info: Server started at http://localhost:3000/api/v1/ {"timestamp":"2022-01-24T14:59:40.394Z"}
info: Connected to the database. {"timestamp":"2022-01-24T14:59:40.429Z"}
info: Server started at http://localhost:3000/api/v1/ {"timestamp":"2022-01-24T15:00:59.807Z"}
info: Connected to the database. {"timestamp":"2022-01-24T15:00:59.872Z"}
info: Server started at http://localhost:3000/api/v1/ {"timestamp":"2022-01-24T15:01:23.951Z"}
info: Connected to the database. {"timestamp":"2022-01-24T15:01:23.999Z"}
info: Server started at http://localhost:3000/api/v1/ {"timestamp":"2022-01-24T15:01:39.605Z"}
info: Connected to the database. {"timestamp":"2022-01-24T15:01:39.640Z"}
info: Server started at http://localhost:3000/api/v1/ {"timestamp":"2022-01-24T15:02:24.510Z"}
info: Connected to the database. {"timestamp":"2022-01-24T15:02:24.542Z"}
info: Server started at http://localhost:3000/api/v1/ {"timestamp":"2022-01-24T15:03:50.894Z"}
info: Connected to the database. {"timestamp":"2022-01-24T15:03:50.976Z"}
info: Server started at http://localhost:3000/api/v1/ {"timestamp":"2022-01-24T15:04:13.892Z"}
info: Connected to the database. {"timestamp":"2022-01-24T15:04:13.931Z"}
info: Server started at http://localhost:3000/api/v1/ {"timestamp":"2022-01-24T15:04:20.881Z"}
info: Connected to the database. {"timestamp":"2022-01-24T15:04:20.924Z"}
info: Server started at http://localhost:3000/api/v1/ {"timestamp":"2022-01-24T15:39:48.715Z"}
info: Connected to the database. {"timestamp":"2022-01-24T15:39:48.850Z"}
info: Server started at http://localhost:3000/api/v1/ {"timestamp":"2022-01-24T15:41:39.125Z"}
info: Connected to the database. {"timestamp":"2022-01-24T15:41:39.275Z"}
error: 
    status - 500 
    message - Error: Mail ID Not Exist
    at _callee2$ (D:\Book_Store_App\Book-Store\src\services\/user.service.js:32:9)
    at tryCatch (D:\Book_Store_App\Book-Store\node_modules\regenerator-runtime\runtime.js:63:40)
    at Generator.invoke [as _invoke] (D:\Book_Store_App\Book-Store\node_modules\regenerator-runtime\runtime.js:294:22)
    at Generator.next (D:\Book_Store_App\Book-Store\node_modules\regenerator-runtime\runtime.js:119:21)
    at asyncGeneratorStep (D:\Book_Store_App\Book-Store\node_modules\@babel\runtime\helpers\asyncToGenerator.js:3:24)
    at _next (D:\Book_Store_App\Book-Store\node_modules\@babel\runtime\helpers\asyncToGenerator.js:25:9)
    at processTicksAndRejections (internal/process/task_queues.js:95:5) 
    url - /api/v1/users/login 
    method - POST 
    IP - ::1
   {"timestamp":"2022-01-24T15:41:42.191Z"}
info: Server started at http://localhost:3000/api/v1/ {"timestamp":"2022-01-24T15:42:01.579Z"}
info: Connected to the database. {"timestamp":"2022-01-24T15:42:01.617Z"}
info: Server started at http://localhost:3000/api/v1/ {"timestamp":"2022-01-24T15:42:12.400Z"}
info: Connected to the database. {"timestamp":"2022-01-24T15:42:12.493Z"}
info: Server started at http://localhost:3000/api/v1/ {"timestamp":"2022-01-24T15:42:36.851Z"}
info: Connected to the database. {"timestamp":"2022-01-24T15:42:36.915Z"}
info: Server started at http://localhost:3000/api/v1/ {"timestamp":"2022-01-24T15:42:51.011Z"}
info: Connected to the database. {"timestamp":"2022-01-24T15:42:51.037Z"}
info: Server started at http://localhost:3000/api/v1/ {"timestamp":"2022-01-24T15:42:56.607Z"}
info: Connected to the database. {"timestamp":"2022-01-24T15:42:56.652Z"}
info: Server started at http://localhost:3000/api/v1/ {"timestamp":"2022-01-24T15:43:19.110Z"}
info: Connected to the database. {"timestamp":"2022-01-24T15:43:19.135Z"}
info: Server started at http://localhost:3000/api/v1/ {"timestamp":"2022-01-24T15:43:41.073Z"}
info: Connected to the database. {"timestamp":"2022-01-24T15:43:41.095Z"}
info: Server started at http://localhost:3000/api/v1/ {"timestamp":"2022-01-24T15:43:47.270Z"}
info: Connected to the database. {"timestamp":"2022-01-24T15:43:47.448Z"}
error: 
    status - 500 
    message - Error: Please enter correct Mail Id
    at _callee2$ (D:\Book_Store_App\Book-Store\src\services\/user.service.js:36:9)
    at tryCatch (D:\Book_Store_App\Book-Store\node_modules\regenerator-runtime\runtime.js:63:40)
    at Generator.invoke [as _invoke] (D:\Book_Store_App\Book-Store\node_modules\regenerator-runtime\runtime.js:294:22)
    at Generator.next (D:\Book_Store_App\Book-Store\node_modules\regenerator-runtime\runtime.js:119:21)
    at asyncGeneratorStep (D:\Book_Store_App\Book-Store\node_modules\@babel\runtime\helpers\asyncToGenerator.js:3:24)
    at _next (D:\Book_Store_App\Book-Store\node_modules\@babel\runtime\helpers\asyncToGenerator.js:25:9)
    at processTicksAndRejections (internal/process/task_queues.js:95:5) 
    url - /api/v1/users/login 
    method - POST 
    IP - ::1
   {"timestamp":"2022-01-24T15:43:47.928Z"}
info: Server started at http://localhost:3000/api/v1/ {"timestamp":"2022-01-24T15:46:54.578Z"}
info: Connected to the database. {"timestamp":"2022-01-24T15:46:54.615Z"}
info: Server started at http://localhost:3000/api/v1/ {"timestamp":"2022-01-24T15:47:01.626Z"}
info: Connected to the database. {"timestamp":"2022-01-24T15:47:01.672Z"}
info: Server started at http://localhost:3000/api/v1/ {"timestamp":"2022-01-24T15:49:50.300Z"}
info: Connected to the database. {"timestamp":"2022-01-24T15:49:50.353Z"}
info: Server started at http://localhost:3000/api/v1/ {"timestamp":"2022-01-24T15:51:18.177Z"}
info: Connected to the database. {"timestamp":"2022-01-24T15:51:18.255Z"}
info: Server started at http://localhost:3000/api/v1/ {"timestamp":"2022-01-24T15:51:39.409Z"}
info: Connected to the database. {"timestamp":"2022-01-24T15:51:39.451Z"}
info: Server started at http://localhost:3000/api/v1/ {"timestamp":"2022-01-24T15:51:47.843Z"}
info: Connected to the database. {"timestamp":"2022-01-24T15:51:47.882Z"}
info: Server started at http://localhost:3000/api/v1/ {"timestamp":"2022-01-24T15:52:13.919Z"}
info: Connected to the database. {"timestamp":"2022-01-24T15:52:13.950Z"}
info: Server started at http://localhost:3000/api/v1/ {"timestamp":"2022-01-24T15:52:27.923Z"}
info: Connected to the database. {"timestamp":"2022-01-24T15:52:27.962Z"}
info: Server started at http://localhost:3000/api/v1/ {"timestamp":"2022-01-24T15:52:35.149Z"}
info: Connected to the database. {"timestamp":"2022-01-24T15:52:35.180Z"}
info: Server started at http://localhost:3000/api/v1/ {"timestamp":"2022-01-24T15:52:45.391Z"}
info: Connected to the database. {"timestamp":"2022-01-24T15:52:45.420Z"}
error: 
    status - 500 
    message - ReferenceError: Password is not defined
    at _callee2$ (D:\Book_Store_App\Book-Store\src\services\/user.service.js:33:32)
    at tryCatch (D:\Book_Store_App\Book-Store\node_modules\regenerator-runtime\runtime.js:63:40)
    at Generator.invoke [as _invoke] (D:\Book_Store_App\Book-Store\node_modules\regenerator-runtime\runtime.js:294:22)
    at Generator.next (D:\Book_Store_App\Book-Store\node_modules\regenerator-runtime\runtime.js:119:21)
    at asyncGeneratorStep (D:\Book_Store_App\Book-Store\node_modules\@babel\runtime\helpers\asyncToGenerator.js:3:24)
    at _next (D:\Book_Store_App\Book-Store\node_modules\@babel\runtime\helpers\asyncToGenerator.js:25:9)
    at processTicksAndRejections (internal/process/task_queues.js:95:5) 
    url - /api/v1/users/login 
    method - POST 
    IP - ::1
   {"timestamp":"2022-01-24T15:52:54.756Z"}
error: 
    status - 500 
    message - ReferenceError: Password is not defined
    at _callee2$ (D:\Book_Store_App\Book-Store\src\services\/user.service.js:33:32)
    at tryCatch (D:\Book_Store_App\Book-Store\node_modules\regenerator-runtime\runtime.js:63:40)
    at Generator.invoke [as _invoke] (D:\Book_Store_App\Book-Store\node_modules\regenerator-runtime\runtime.js:294:22)
    at Generator.next (D:\Book_Store_App\Book-Store\node_modules\regenerator-runtime\runtime.js:119:21)
    at asyncGeneratorStep (D:\Book_Store_App\Book-Store\node_modules\@babel\runtime\helpers\asyncToGenerator.js:3:24)
    at _next (D:\Book_Store_App\Book-Store\node_modules\@babel\runtime\helpers\asyncToGenerator.js:25:9)
    at processTicksAndRejections (internal/process/task_queues.js:95:5) 
    url - /api/v1/users/login 
    method - POST 
    IP - ::1
   {"timestamp":"2022-01-24T15:54:10.701Z"}
info: Server started at http://localhost:3000/api/v1/ {"timestamp":"2022-01-24T15:55:13.086Z"}
info: Connected to the database. {"timestamp":"2022-01-24T15:55:13.151Z"}
error: 
    status - 500 
    message - ReferenceError: Password is not defined
    at _callee2$ (D:\Book_Store_App\Book-Store\src\services\/user.service.js:33:32)
    at tryCatch (D:\Book_Store_App\Book-Store\node_modules\regenerator-runtime\runtime.js:63:40)
    at Generator.invoke [as _invoke] (D:\Book_Store_App\Book-Store\node_modules\regenerator-runtime\runtime.js:294:22)
    at Generator.next (D:\Book_Store_App\Book-Store\node_modules\regenerator-runtime\runtime.js:119:21)
    at asyncGeneratorStep (D:\Book_Store_App\Book-Store\node_modules\@babel\runtime\helpers\asyncToGenerator.js:3:24)
    at _next (D:\Book_Store_App\Book-Store\node_modules\@babel\runtime\helpers\asyncToGenerator.js:25:9)
    at processTicksAndRejections (internal/process/task_queues.js:95:5) 
    url - /api/v1/users/login 
    method - POST 
    IP - ::1
   {"timestamp":"2022-01-24T15:55:24.404Z"}
info: Server started at http://localhost:3000/api/v1/ {"timestamp":"2022-01-24T15:55:51.517Z"}
info: Connected to the database. {"timestamp":"2022-01-24T15:55:51.550Z"}
info: Server started at http://localhost:3000/api/v1/ {"timestamp":"2022-01-24T15:55:59.263Z"}
info: Connected to the database. {"timestamp":"2022-01-24T15:55:59.302Z"}
info: Server started at http://localhost:3000/api/v1/ {"timestamp":"2022-01-24T15:56:07.736Z"}
info: Connected to the database. {"timestamp":"2022-01-24T15:56:07.760Z"}
error: 
    status - 500 
    message - ReferenceError: Password is not defined
    at _callee2$ (D:\Book_Store_App\Book-Store\src\services\/user.service.js:34:32)
    at tryCatch (D:\Book_Store_App\Book-Store\node_modules\regenerator-runtime\runtime.js:63:40)
    at Generator.invoke [as _invoke] (D:\Book_Store_App\Book-Store\node_modules\regenerator-runtime\runtime.js:294:22)
    at Generator.next (D:\Book_Store_App\Book-Store\node_modules\regenerator-runtime\runtime.js:119:21)
    at asyncGeneratorStep (D:\Book_Store_App\Book-Store\node_modules\@babel\runtime\helpers\asyncToGenerator.js:3:24)
    at _next (D:\Book_Store_App\Book-Store\node_modules\@babel\runtime\helpers\asyncToGenerator.js:25:9)
    at processTicksAndRejections (internal/process/task_queues.js:95:5) 
    url - /api/v1/users/login 
    method - POST 
    IP - ::1
   {"timestamp":"2022-01-24T15:56:15.158Z"}
error: 
    status - 500 
    message - ReferenceError: Password is not defined
    at _callee2$ (D:\Book_Store_App\Book-Store\src\services\/user.service.js:34:32)
    at tryCatch (D:\Book_Store_App\Book-Store\node_modules\regenerator-runtime\runtime.js:63:40)
    at Generator.invoke [as _invoke] (D:\Book_Store_App\Book-Store\node_modules\regenerator-runtime\runtime.js:294:22)
    at Generator.next (D:\Book_Store_App\Book-Store\node_modules\regenerator-runtime\runtime.js:119:21)
    at asyncGeneratorStep (D:\Book_Store_App\Book-Store\node_modules\@babel\runtime\helpers\asyncToGenerator.js:3:24)
    at _next (D:\Book_Store_App\Book-Store\node_modules\@babel\runtime\helpers\asyncToGenerator.js:25:9)
    at processTicksAndRejections (internal/process/task_queues.js:95:5) 
    url - /api/v1/users/login 
    method - POST 
    IP - ::1
   {"timestamp":"2022-01-24T15:56:21.307Z"}
info: Server started at http://localhost:3000/api/v1/ {"timestamp":"2022-01-24T15:56:36.892Z"}
info: Connected to the database. {"timestamp":"2022-01-24T15:56:36.933Z"}
info: Server started at http://localhost:3000/api/v1/ {"timestamp":"2022-01-24T15:56:41.803Z"}
info: Connected to the database. {"timestamp":"2022-01-24T15:56:41.824Z"}
info: Server started at http://localhost:3000/api/v1/ {"timestamp":"2022-01-24T15:57:18.353Z"}
info: Connected to the database. {"timestamp":"2022-01-24T15:57:18.374Z"}
info: Server started at http://localhost:3000/api/v1/ {"timestamp":"2022-01-24T15:57:41.110Z"}
info: Connected to the database. {"timestamp":"2022-01-24T15:57:41.133Z"}
info: Server started at http://localhost:3000/api/v1/ {"timestamp":"2022-01-24T15:58:30.668Z"}
info: Connected to the database. {"timestamp":"2022-01-24T15:58:30.728Z"}
info: Server started at http://localhost:3000/api/v1/ {"timestamp":"2022-01-24T15:58:35.768Z"}
info: Connected to the database. {"timestamp":"2022-01-24T15:58:35.797Z"}
info: Server started at http://localhost:3000/api/v1/ {"timestamp":"2022-01-24T15:58:43.597Z"}
info: Connected to the database. {"timestamp":"2022-01-24T15:58:43.617Z"}
info: Server started at http://localhost:3000/api/v1/ {"timestamp":"2022-01-24T15:59:48.437Z"}
info: Connected to the database. {"timestamp":"2022-01-24T15:59:48.459Z"}
info: Server started at http://localhost:3000/api/v1/ {"timestamp":"2022-01-24T16:00:31.518Z"}
info: Connected to the database. {"timestamp":"2022-01-24T16:00:31.568Z"}
info: Server started at http://localhost:3000/api/v1/ {"timestamp":"2022-01-24T16:00:50.182Z"}
info: Connected to the database. {"timestamp":"2022-01-24T16:00:50.207Z"}
info: Server started at http://localhost:3000/api/v1/ {"timestamp":"2022-01-24T16:01:22.819Z"}
info: Connected to the database. {"timestamp":"2022-01-24T16:01:22.895Z"}
info: Server started at http://localhost:3000/api/v1/ {"timestamp":"2022-01-24T16:01:36.305Z"}
info: Connected to the database. {"timestamp":"2022-01-24T16:01:36.332Z"}
info: Server started at http://localhost:3000/api/v1/ {"timestamp":"2022-01-24T16:02:00.581Z"}
info: Connected to the database. {"timestamp":"2022-01-24T16:02:00.602Z"}
info: Server started at http://localhost:3000/api/v1/ {"timestamp":"2022-01-24T16:02:09.917Z"}
info: Connected to the database. {"timestamp":"2022-01-24T16:02:09.948Z"}
info: Server started at http://localhost:3000/api/v1/ {"timestamp":"2022-01-24T16:02:14.114Z"}
info: Connected to the database. {"timestamp":"2022-01-24T16:02:14.137Z"}
info: Server started at http://localhost:3000/api/v1/ {"timestamp":"2022-01-24T16:02:52.784Z"}
info: Connected to the database. {"timestamp":"2022-01-24T16:02:52.809Z"}
info: Server started at http://localhost:3000/api/v1/ {"timestamp":"2022-01-24T16:03:01.492Z"}
info: Connected to the database. {"timestamp":"2022-01-24T16:03:01.538Z"}
error: 
    status - 500 
    message - Error: Please enter correct Mail Id
    at _callee2$ (D:\Book_Store_App\Book-Store\src\services\/user.service.js:41:9)
    at tryCatch (D:\Book_Store_App\Book-Store\node_modules\regenerator-runtime\runtime.js:63:40)
    at Generator.invoke [as _invoke] (D:\Book_Store_App\Book-Store\node_modules\regenerator-runtime\runtime.js:294:22)
    at Generator.next (D:\Book_Store_App\Book-Store\node_modules\regenerator-runtime\runtime.js:119:21)
    at asyncGeneratorStep (D:\Book_Store_App\Book-Store\node_modules\@babel\runtime\helpers\asyncToGenerator.js:3:24)
    at _next (D:\Book_Store_App\Book-Store\node_modules\@babel\runtime\helpers\asyncToGenerator.js:25:9)
    at processTicksAndRejections (internal/process/task_queues.js:95:5) 
    url - /api/v1/users/login 
    method - POST 
    IP - ::1
   {"timestamp":"2022-01-24T16:03:08.283Z"}
error: 
    status - 500 
    message - Error: Please enter corret mail id or password
    at _callee2$ (D:\Book_Store_App\Book-Store\src\services\/user.service.js:37:10)
    at tryCatch (D:\Book_Store_App\Book-Store\node_modules\regenerator-runtime\runtime.js:63:40)
    at Generator.invoke [as _invoke] (D:\Book_Store_App\Book-Store\node_modules\regenerator-runtime\runtime.js:294:22)
    at Generator.next (D:\Book_Store_App\Book-Store\node_modules\regenerator-runtime\runtime.js:119:21)
    at asyncGeneratorStep (D:\Book_Store_App\Book-Store\node_modules\@babel\runtime\helpers\asyncToGenerator.js:3:24)
    at _next (D:\Book_Store_App\Book-Store\node_modules\@babel\runtime\helpers\asyncToGenerator.js:25:9) 
    url - /api/v1/users/login 
    method - POST 
    IP - ::1
   {"timestamp":"2022-01-24T16:03:27.043Z"}
info: Server started at http://localhost:3000/api/v1/ {"timestamp":"2022-01-24T16:21:22.445Z"}
info: Connected to the database. {"timestamp":"2022-01-24T16:21:22.497Z"}
info: Server started at http://localhost:3000/api/v1/ {"timestamp":"2022-01-24T16:23:15.987Z"}
info: Connected to the database. {"timestamp":"2022-01-24T16:23:16.017Z"}
info: Server started at http://localhost:3000/api/v1/ {"timestamp":"2022-01-24T16:24:46.272Z"}
info: Connected to the database. {"timestamp":"2022-01-24T16:24:46.296Z"}
info: Server started at http://localhost:3000/api/v1/ {"timestamp":"2022-01-24T16:25:02.982Z"}
info: Connected to the database. {"timestamp":"2022-01-24T16:25:03.003Z"}
info: Server started at http://localhost:3000/api/v1/ {"timestamp":"2022-01-24T16:25:16.959Z"}
info: Connected to the database. {"timestamp":"2022-01-24T16:25:17.028Z"}
info: Server started at http://localhost:3000/api/v1/ {"timestamp":"2022-01-24T16:25:26.826Z"}
info: Connected to the database. {"timestamp":"2022-01-24T16:25:26.860Z"}
error: 
    status - 500 
    message - Error: secretOrPrivateKey must have a value
    at Object.sign (D:\Book_Store_App\Book-Store\node_modules\jsonwebtoken\sign.js:107:20)
    at _callee2$ (D:\Book_Store_App\Book-Store\src\services\/user.service.js:39:19)
    at tryCatch (D:\Book_Store_App\Book-Store\node_modules\regenerator-runtime\runtime.js:63:40)
    at Generator.invoke [as _invoke] (D:\Book_Store_App\Book-Store\node_modules\regenerator-runtime\runtime.js:294:22)
    at Generator.next (D:\Book_Store_App\Book-Store\node_modules\regenerator-runtime\runtime.js:119:21)
    at asyncGeneratorStep (D:\Book_Store_App\Book-Store\node_modules\@babel\runtime\helpers\asyncToGenerator.js:3:24)
    at _next (D:\Book_Store_App\Book-Store\node_modules\@babel\runtime\helpers\asyncToGenerator.js:25:9) 
    url - /api/v1/users/login 
    method - POST 
    IP - ::1
   {"timestamp":"2022-01-24T16:25:27.268Z"}
error: 
    status - 500 
    message - Error: secretOrPrivateKey must have a value
    at Object.sign (D:\Book_Store_App\Book-Store\node_modules\jsonwebtoken\sign.js:107:20)
    at _callee2$ (D:\Book_Store_App\Book-Store\src\services\/user.service.js:39:19)
    at tryCatch (D:\Book_Store_App\Book-Store\node_modules\regenerator-runtime\runtime.js:63:40)
    at Generator.invoke [as _invoke] (D:\Book_Store_App\Book-Store\node_modules\regenerator-runtime\runtime.js:294:22)
    at Generator.next (D:\Book_Store_App\Book-Store\node_modules\regenerator-runtime\runtime.js:119:21)
    at asyncGeneratorStep (D:\Book_Store_App\Book-Store\node_modules\@babel\runtime\helpers\asyncToGenerator.js:3:24)
    at _next (D:\Book_Store_App\Book-Store\node_modules\@babel\runtime\helpers\asyncToGenerator.js:25:9) 
    url - /api/v1/users/login 
    method - POST 
    IP - ::1
   {"timestamp":"2022-01-24T16:25:28.352Z"}
info: Server started at http://localhost:3000/api/v1/ {"timestamp":"2022-01-24T16:26:11.984Z"}
info: Connected to the database. {"timestamp":"2022-01-24T16:26:12.014Z"}
info: Server started at http://localhost:3000/api/v1/ {"timestamp":"2022-01-24T16:26:41.857Z"}
info: Connected to the database. {"timestamp":"2022-01-24T16:26:41.878Z"}
error: 
    status - 500 
    message - Error: secretOrPrivateKey must have a value
    at Object.sign (D:\Book_Store_App\Book-Store\node_modules\jsonwebtoken\sign.js:107:20)
    at _callee2$ (D:\Book_Store_App\Book-Store\src\services\/user.service.js:40:19)
    at tryCatch (D:\Book_Store_App\Book-Store\node_modules\regenerator-runtime\runtime.js:63:40)
    at Generator.invoke [as _invoke] (D:\Book_Store_App\Book-Store\node_modules\regenerator-runtime\runtime.js:294:22)
    at Generator.next (D:\Book_Store_App\Book-Store\node_modules\regenerator-runtime\runtime.js:119:21)
    at asyncGeneratorStep (D:\Book_Store_App\Book-Store\node_modules\@babel\runtime\helpers\asyncToGenerator.js:3:24)
    at _next (D:\Book_Store_App\Book-Store\node_modules\@babel\runtime\helpers\asyncToGenerator.js:25:9) 
    url - /api/v1/users/login 
    method - POST 
    IP - ::1
   {"timestamp":"2022-01-24T16:26:42.646Z"}
error: 
    status - 500 
    message - Error: secretOrPrivateKey must have a value
    at Object.sign (D:\Book_Store_App\Book-Store\node_modules\jsonwebtoken\sign.js:107:20)
    at _callee2$ (D:\Book_Store_App\Book-Store\src\services\/user.service.js:40:19)
    at tryCatch (D:\Book_Store_App\Book-Store\node_modules\regenerator-runtime\runtime.js:63:40)
    at Generator.invoke [as _invoke] (D:\Book_Store_App\Book-Store\node_modules\regenerator-runtime\runtime.js:294:22)
    at Generator.next (D:\Book_Store_App\Book-Store\node_modules\regenerator-runtime\runtime.js:119:21)
    at asyncGeneratorStep (D:\Book_Store_App\Book-Store\node_modules\@babel\runtime\helpers\asyncToGenerator.js:3:24)
    at _next (D:\Book_Store_App\Book-Store\node_modules\@babel\runtime\helpers\asyncToGenerator.js:25:9) 
    url - /api/v1/users/login 
    method - POST 
    IP - ::1
   {"timestamp":"2022-01-24T16:26:58.715Z"}
info: Server started at http://localhost:3000/api/v1/ {"timestamp":"2022-01-24T16:27:11.309Z"}
info: Connected to the database. {"timestamp":"2022-01-24T16:27:11.330Z"}
info: Server started at http://localhost:3000/api/v1/ {"timestamp":"2022-01-24T16:27:31.777Z"}
info: Connected to the database. {"timestamp":"2022-01-24T16:27:31.827Z"}
info: Server started at http://localhost:3000/api/v1/ {"timestamp":"2022-01-24T16:27:35.785Z"}
info: Connected to the database. {"timestamp":"2022-01-24T16:27:35.807Z"}
info: Server started at http://localhost:3000/api/v1/ {"timestamp":"2022-01-24T16:28:32.051Z"}
info: Connected to the database. {"timestamp":"2022-01-24T16:28:32.102Z"}
info: Server started at http://localhost:3000/api/v1/ {"timestamp":"2022-01-24T16:28:41.258Z"}
info: Connected to the database. {"timestamp":"2022-01-24T16:28:41.299Z"}
info: Server started at http://localhost:3000/api/v1/ {"timestamp":"2022-01-24T16:28:45.391Z"}
info: Connected to the database. {"timestamp":"2022-01-24T16:28:45.411Z"}
info: Server started at http://localhost:3000/api/v1/ {"timestamp":"2022-01-24T16:29:39.337Z"}
info: Connected to the database. {"timestamp":"2022-01-24T16:29:39.362Z"}
info: Server started at http://localhost:3000/api/v1/ {"timestamp":"2022-01-24T16:29:58.531Z"}
info: Connected to the database. {"timestamp":"2022-01-24T16:29:58.557Z"}
info: Server started at http://localhost:3000/api/v1/ {"timestamp":"2022-01-24T16:30:04.014Z"}
info: Connected to the database. {"timestamp":"2022-01-24T16:30:04.036Z"}
info: Server started at http://localhost:3000/api/v1/ {"timestamp":"2022-01-24T16:33:26.282Z"}
info: Connected to the database. {"timestamp":"2022-01-24T16:33:26.304Z"}
info: Server started at http://localhost:3000/api/v1/ {"timestamp":"2022-01-24T16:33:34.889Z"}
info: Connected to the database. {"timestamp":"2022-01-24T16:33:34.912Z"}
info: Server started at http://localhost:3000/api/v1/ {"timestamp":"2022-01-25T05:49:10.961Z"}
info: Connected to the database. {"timestamp":"2022-01-25T05:49:11.262Z"}
error: 
    status - 500 
    message - TypeError: Cannot read property 'Email' of undefined
    at checkuser (D:\Book_Store_App\Book-Store\src\middlewares\/checkuser.middleware.js:5:46)
    at Layer.handle [as handle_request] (D:\Book_Store_App\Book-Store\node_modules\express\lib\router\layer.js:95:5)
    at next (D:\Book_Store_App\Book-Store\node_modules\express\lib\router\route.js:137:13)
    at Route.dispatch (D:\Book_Store_App\Book-Store\node_modules\express\lib\router\route.js:112:3)
    at Layer.handle [as handle_request] (D:\Book_Store_App\Book-Store\node_modules\express\lib\router\layer.js:95:5)
    at D:\Book_Store_App\Book-Store\node_modules\express\lib\router\index.js:281:22
    at Function.process_params (D:\Book_Store_App\Book-Store\node_modules\express\lib\router\index.js:341:12)
    at next (D:\Book_Store_App\Book-Store\node_modules\express\lib\router\index.js:275:10)
    at Function.handle (D:\Book_Store_App\Book-Store\node_modules\express\lib\router\index.js:174:3)
    at router (D:\Book_Store_App\Book-Store\node_modules\express\lib\router\index.js:47:12) 
    url - /api/v1/users/login 
    method - POST 
    IP - ::1
   {"timestamp":"2022-01-25T05:49:13.533Z"}
error: 
    status - 500 
    message - TypeError: Cannot read property 'Email' of undefined
    at checkuser (D:\Book_Store_App\Book-Store\src\middlewares\/checkuser.middleware.js:5:46)
    at Layer.handle [as handle_request] (D:\Book_Store_App\Book-Store\node_modules\express\lib\router\layer.js:95:5)
    at next (D:\Book_Store_App\Book-Store\node_modules\express\lib\router\route.js:137:13)
    at Route.dispatch (D:\Book_Store_App\Book-Store\node_modules\express\lib\router\route.js:112:3)
    at Layer.handle [as handle_request] (D:\Book_Store_App\Book-Store\node_modules\express\lib\router\layer.js:95:5)
    at D:\Book_Store_App\Book-Store\node_modules\express\lib\router\index.js:281:22
    at Function.process_params (D:\Book_Store_App\Book-Store\node_modules\express\lib\router\index.js:341:12)
    at next (D:\Book_Store_App\Book-Store\node_modules\express\lib\router\index.js:275:10)
    at Function.handle (D:\Book_Store_App\Book-Store\node_modules\express\lib\router\index.js:174:3)
    at router (D:\Book_Store_App\Book-Store\node_modules\express\lib\router\index.js:47:12) 
    url - /api/v1/users/login 
    method - POST 
    IP - ::1
   {"timestamp":"2022-01-25T05:49:33.030Z"}
error: 
    status - 500 
    message - TypeError: Cannot read property 'Email' of undefined
    at checkuser (D:\Book_Store_App\Book-Store\src\middlewares\/checkuser.middleware.js:5:46)
    at Layer.handle [as handle_request] (D:\Book_Store_App\Book-Store\node_modules\express\lib\router\layer.js:95:5)
    at next (D:\Book_Store_App\Book-Store\node_modules\express\lib\router\route.js:137:13)
    at Route.dispatch (D:\Book_Store_App\Book-Store\node_modules\express\lib\router\route.js:112:3)
    at Layer.handle [as handle_request] (D:\Book_Store_App\Book-Store\node_modules\express\lib\router\layer.js:95:5)
    at D:\Book_Store_App\Book-Store\node_modules\express\lib\router\index.js:281:22
    at Function.process_params (D:\Book_Store_App\Book-Store\node_modules\express\lib\router\index.js:341:12)
    at next (D:\Book_Store_App\Book-Store\node_modules\express\lib\router\index.js:275:10)
    at Function.handle (D:\Book_Store_App\Book-Store\node_modules\express\lib\router\index.js:174:3)
    at router (D:\Book_Store_App\Book-Store\node_modules\express\lib\router\index.js:47:12) 
    url - /api/v1/users/login 
    method - POST 
    IP - ::1
   {"timestamp":"2022-01-25T05:49:41.108Z"}
info: Server started at http://localhost:3000/api/v1/ {"timestamp":"2022-01-25T05:51:57.181Z"}
info: Connected to the database. {"timestamp":"2022-01-25T05:51:57.248Z"}
info: Server started at http://localhost:3000/api/v1/ {"timestamp":"2022-01-25T05:52:08.583Z"}
info: Connected to the database. {"timestamp":"2022-01-25T05:52:08.814Z"}
error: 
    status - 500 
    message - Error: data and hash arguments required
    at Object.compare (D:\Book_Store_App\Book-Store\node_modules\bcrypt\bcrypt.js:208:17)
    at D:\Book_Store_App\Book-Store\node_modules\bcrypt\promises.js:29:12
    at new Promise (<anonymous>)
    at Object.module.exports.promise (D:\Book_Store_App\Book-Store\node_modules\bcrypt\promises.js:20:12)
    at Object.compare (D:\Book_Store_App\Book-Store\node_modules\bcrypt\bcrypt.js:204:25)
    at _callee2$ (D:\Book_Store_App\Book-Store\src\services\/user.service.js:40:34)
    at tryCatch (D:\Book_Store_App\Book-Store\node_modules\regenerator-runtime\runtime.js:63:40)
    at Generator.invoke [as _invoke] (D:\Book_Store_App\Book-Store\node_modules\regenerator-runtime\runtime.js:294:22) 
    url - /api/v1/users/login 
    method - POST 
    IP - ::1
   {"timestamp":"2022-01-25T05:52:10.114Z"}
error: 
    status - 500 
    message - Error: Please enter corret mail id or password
    at _callee2$ (D:\Book_Store_App\Book-Store\src\services\/user.service.js:51:13)
    at tryCatch (D:\Book_Store_App\Book-Store\node_modules\regenerator-runtime\runtime.js:63:40)
    at Generator.invoke [as _invoke] (D:\Book_Store_App\Book-Store\node_modules\regenerator-runtime\runtime.js:294:22)
    at Generator.next (D:\Book_Store_App\Book-Store\node_modules\regenerator-runtime\runtime.js:119:21)
    at asyncGeneratorStep (D:\Book_Store_App\Book-Store\node_modules\@babel\runtime\helpers\asyncToGenerator.js:3:24)
    at _next (D:\Book_Store_App\Book-Store\node_modules\@babel\runtime\helpers\asyncToGenerator.js:25:9) 
    url - /api/v1/users/login 
    method - POST 
    IP - ::1
   {"timestamp":"2022-01-25T05:52:25.539Z"}
error: 
    status - 500 
    message - Error: "FirstName" is required
    at new exports.ValidationError (D:\Book_Store_App\Book-Store\node_modules\@hapi\joi\lib\errors.js:246:9)
    at Object.exports.process (D:\Book_Store_App\Book-Store\node_modules\@hapi\joi\lib\errors.js:189:29)
    at Object.internals.entry (D:\Book_Store_App\Book-Store\node_modules\@hapi\joi\lib\validator.js:140:26)
    at Object.exports.entry (D:\Book_Store_App\Book-Store\node_modules\@hapi\joi\lib\validator.js:26:30)
    at internals.Base.validate (D:\Book_Store_App\Book-Store\node_modules\@hapi\joi\lib\base.js:534:26)
    at newUserValidator (D:\Book_Store_App\Book-Store\src\validators\/user.validator.js:11:35)
    at Layer.handle [as handle_request] (D:\Book_Store_App\Book-Store\node_modules\express\lib\router\layer.js:95:5)
    at next (D:\Book_Store_App\Book-Store\node_modules\express\lib\router\route.js:137:13) 
    url - /api/v1/users/user_registration 
    method - POST 
    IP - ::1
   {"timestamp":"2022-01-25T05:52:47.244Z"}
error: 
    status - 500 
    message - Error: User Already Exsist
    at _callee$ (D:\Book_Store_App\Book-Store\src\services\/user.service.js:17:11)
    at tryCatch (D:\Book_Store_App\Book-Store\node_modules\regenerator-runtime\runtime.js:63:40)
    at Generator.invoke [as _invoke] (D:\Book_Store_App\Book-Store\node_modules\regenerator-runtime\runtime.js:294:22)
    at Generator.next (D:\Book_Store_App\Book-Store\node_modules\regenerator-runtime\runtime.js:119:21)
    at asyncGeneratorStep (D:\Book_Store_App\Book-Store\node_modules\@babel\runtime\helpers\asyncToGenerator.js:3:24)
    at _next (D:\Book_Store_App\Book-Store\node_modules\@babel\runtime\helpers\asyncToGenerator.js:25:9)
    at processTicksAndRejections (internal/process/task_queues.js:95:5) 
    url - /api/v1/users/user_registration 
    method - POST 
    IP - ::1
   {"timestamp":"2022-01-25T05:53:23.846Z"}
info: Server started at http://localhost:3000/api/v1/ {"timestamp":"2022-01-25T05:54:43.081Z"}
info: Connected to the database. {"timestamp":"2022-01-25T05:54:43.109Z"}
info: Server started at http://localhost:3000/api/v1/ {"timestamp":"2022-01-25T05:54:55.030Z"}
info: Connected to the database. {"timestamp":"2022-01-25T05:54:55.080Z"}
info: Server started at http://localhost:3000/api/v1/ {"timestamp":"2022-01-25T05:55:22.881Z"}
info: Connected to the database. {"timestamp":"2022-01-25T05:55:22.902Z"}
info: Server started at http://localhost:3000/api/v1/ {"timestamp":"2022-01-25T05:56:19.766Z"}
info: Connected to the database. {"timestamp":"2022-01-25T05:56:19.787Z"}
info: Server started at http://localhost:3000/api/v1/ {"timestamp":"2022-01-25T05:56:45.505Z"}
info: Connected to the database. {"timestamp":"2022-01-25T05:56:45.527Z"}
info: Server started at http://localhost:3000/api/v1/ {"timestamp":"2022-01-25T05:57:00.731Z"}
info: Connected to the database. {"timestamp":"2022-01-25T05:57:00.752Z"}
info: Server started at http://localhost:3000/api/v1/ {"timestamp":"2022-01-25T06:16:29.083Z"}
info: Connected to the database. {"timestamp":"2022-01-25T06:16:29.107Z"}
error: 
    status - 500 
    message - Error: Please enter corret mail id or password
    at _callee2$ (D:\Book_Store_App\Book-Store\src\services\/user.service.js:51:13)
    at tryCatch (D:\Book_Store_App\Book-Store\node_modules\regenerator-runtime\runtime.js:63:40)
    at Generator.invoke [as _invoke] (D:\Book_Store_App\Book-Store\node_modules\regenerator-runtime\runtime.js:294:22)
    at Generator.next (D:\Book_Store_App\Book-Store\node_modules\regenerator-runtime\runtime.js:119:21)
    at asyncGeneratorStep (D:\Book_Store_App\Book-Store\node_modules\@babel\runtime\helpers\asyncToGenerator.js:3:24)
    at _next (D:\Book_Store_App\Book-Store\node_modules\@babel\runtime\helpers\asyncToGenerator.js:25:9) 
    url - /api/v1/users/login_user 
    method - POST 
    IP - ::1
   {"timestamp":"2022-01-25T06:26:16.996Z"}
info: Server started at http://localhost:3000/api/v1/ {"timestamp":"2022-01-25T07:51:55.970Z"}
info: Connected to the database. {"timestamp":"2022-01-25T07:51:55.993Z"}
error: 
    status - 500 
    message - Error: Please enter corret mail id or password
    at _callee2$ (D:\Book_Store_App\Book-Store\src\services\/user.service.js:51:13)
    at tryCatch (D:\Book_Store_App\Book-Store\node_modules\regenerator-runtime\runtime.js:63:40)
    at Generator.invoke [as _invoke] (D:\Book_Store_App\Book-Store\node_modules\regenerator-runtime\runtime.js:294:22)
    at Generator.next (D:\Book_Store_App\Book-Store\node_modules\regenerator-runtime\runtime.js:119:21)
    at asyncGeneratorStep (D:\Book_Store_App\Book-Store\node_modules\@babel\runtime\helpers\asyncToGenerator.js:3:24)
    at _next (D:\Book_Store_App\Book-Store\node_modules\@babel\runtime\helpers\asyncToGenerator.js:25:9) 
    url - /api/v1/users/login_user 
    method - POST 
    IP - ::1
   {"timestamp":"2022-01-25T07:52:28.915Z"}
info: Server started at http://localhost:3000/api/v1/ {"timestamp":"2022-01-25T07:52:50.566Z"}
info: Connected to the database. {"timestamp":"2022-01-25T07:52:50.589Z"}
error: 
    status - 500 
    message - Error: Please enter corret mail id or password
    at _callee2$ (D:\Book_Store_App\Book-Store\src\services\/user.service.js:51:13)
    at tryCatch (D:\Book_Store_App\Book-Store\node_modules\regenerator-runtime\runtime.js:63:40)
    at Generator.invoke [as _invoke] (D:\Book_Store_App\Book-Store\node_modules\regenerator-runtime\runtime.js:294:22)
    at Generator.next (D:\Book_Store_App\Book-Store\node_modules\regenerator-runtime\runtime.js:119:21)
    at asyncGeneratorStep (D:\Book_Store_App\Book-Store\node_modules\@babel\runtime\helpers\asyncToGenerator.js:3:24)
    at _next (D:\Book_Store_App\Book-Store\node_modules\@babel\runtime\helpers\asyncToGenerator.js:25:9) 
    url - /api/v1/users/login_user 
    method - POST 
    IP - ::1
   {"timestamp":"2022-01-25T07:52:50.933Z"}
error: 
    status - 500 
    message - Error: Please enter corret mail id or password
    at _callee2$ (D:\Book_Store_App\Book-Store\src\services\/user.service.js:51:13)
    at tryCatch (D:\Book_Store_App\Book-Store\node_modules\regenerator-runtime\runtime.js:63:40)
    at Generator.invoke [as _invoke] (D:\Book_Store_App\Book-Store\node_modules\regenerator-runtime\runtime.js:294:22)
    at Generator.next (D:\Book_Store_App\Book-Store\node_modules\regenerator-runtime\runtime.js:119:21)
    at asyncGeneratorStep (D:\Book_Store_App\Book-Store\node_modules\@babel\runtime\helpers\asyncToGenerator.js:3:24)
    at _next (D:\Book_Store_App\Book-Store\node_modules\@babel\runtime\helpers\asyncToGenerator.js:25:9) 
    url - /api/v1/users/login_user 
    method - POST 
    IP - ::1
   {"timestamp":"2022-01-25T07:52:52.817Z"}
info: Server started at http://localhost:3000/api/v1/ {"timestamp":"2022-01-25T07:53:20.069Z"}
info: Connected to the database. {"timestamp":"2022-01-25T07:53:20.129Z"}
info: Server started at http://localhost:3000/api/v1/ {"timestamp":"2022-01-25T07:53:56.271Z"}
info: Connected to the database. {"timestamp":"2022-01-25T07:53:56.294Z"}
info: Server started at http://localhost:3000/api/v1/ {"timestamp":"2022-01-25T07:54:32.372Z"}
info: Connected to the database. {"timestamp":"2022-01-25T07:54:32.412Z"}
info: Server started at http://localhost:3000/api/v1/ {"timestamp":"2022-01-25T07:54:40.302Z"}
info: Connected to the database. {"timestamp":"2022-01-25T07:54:40.329Z"}
info: Server started at http://localhost:3000/api/v1/ {"timestamp":"2022-01-25T07:54:47.641Z"}
info: Connected to the database. {"timestamp":"2022-01-25T07:54:47.676Z"}
info: Server started at http://localhost:3000/api/v1/ {"timestamp":"2022-01-25T07:55:00.620Z"}
info: Connected to the database. {"timestamp":"2022-01-25T07:55:00.641Z"}
info: Server started at http://localhost:3000/api/v1/ {"timestamp":"2022-01-25T07:55:22.979Z"}
info: Connected to the database. {"timestamp":"2022-01-25T07:55:23.012Z"}
info: Server started at http://localhost:3000/api/v1/ {"timestamp":"2022-01-25T07:56:33.121Z"}
info: Connected to the database. {"timestamp":"2022-01-25T07:56:33.142Z"}
info: Server started at http://localhost:3000/api/v1/ {"timestamp":"2022-01-25T07:56:53.688Z"}
info: Server started at http://localhost:3000/api/v1/ {"timestamp":"2022-01-25T07:56:57.037Z"}
info: Connected to the database. {"timestamp":"2022-01-25T07:56:57.058Z"}
info: Server started at http://localhost:3000/api/v1/ {"timestamp":"2022-01-25T07:58:24.024Z"}
info: Connected to the database. {"timestamp":"2022-01-25T07:58:24.051Z"}
info: Server started at http://localhost:3000/api/v1/ {"timestamp":"2022-01-25T07:58:57.796Z"}
info: Connected to the database. {"timestamp":"2022-01-25T07:58:57.826Z"}
info: Server started at http://localhost:3000/api/v1/ {"timestamp":"2022-01-25T07:59:04.828Z"}
info: Connected to the database. {"timestamp":"2022-01-25T07:59:04.852Z"}
info: Server started at http://localhost:3000/api/v1/ {"timestamp":"2022-01-25T07:59:26.901Z"}
info: Connected to the database. {"timestamp":"2022-01-25T07:59:26.922Z"}
info: Server started at http://localhost:3000/api/v1/ {"timestamp":"2022-01-25T08:00:09.272Z"}
info: Connected to the database. {"timestamp":"2022-01-25T08:00:09.298Z"}
info: Server started at http://localhost:3000/api/v1/ {"timestamp":"2022-01-25T08:00:19.206Z"}
info: Connected to the database. {"timestamp":"2022-01-25T08:00:19.235Z"}
info: Server started at http://localhost:3000/api/v1/ {"timestamp":"2022-01-25T08:00:41.060Z"}
info: Connected to the database. {"timestamp":"2022-01-25T08:00:41.085Z"}
info: Server started at http://localhost:3000/api/v1/ {"timestamp":"2022-01-25T08:01:29.908Z"}
info: Connected to the database. {"timestamp":"2022-01-25T08:01:29.930Z"}
error: 
    status - 500 
    message - undefined 
    url - /api/v1/users/login_user 
    method - POST 
    IP - ::1
   {"timestamp":"2022-01-25T08:01:30.687Z"}
error: 
    status - 500 
    message - undefined 
    url - /api/v1/users/login_user 
    method - POST 
    IP - ::1
   {"timestamp":"2022-01-25T08:01:32.851Z"}
info: Server started at http://localhost:3000/api/v1/ {"timestamp":"2022-01-25T08:02:37.897Z"}
info: Connected to the database. {"timestamp":"2022-01-25T08:02:37.925Z"}
info: Server started at http://localhost:3000/api/v1/ {"timestamp":"2022-01-25T08:02:46.974Z"}
info: Connected to the database. {"timestamp":"2022-01-25T08:02:47.024Z"}
info: Server started at http://localhost:3000/api/v1/ {"timestamp":"2022-01-25T08:02:55.750Z"}
info: Connected to the database. {"timestamp":"2022-01-25T08:02:55.774Z"}
info: Server started at http://localhost:3000/api/v1/ {"timestamp":"2022-01-25T08:03:00.981Z"}
info: Connected to the database. {"timestamp":"2022-01-25T08:03:01.002Z"}
info: Server started at http://localhost:3000/api/v1/ {"timestamp":"2022-01-25T08:05:10.189Z"}
info: Connected to the database. {"timestamp":"2022-01-25T08:05:10.223Z"}
info: Server started at http://localhost:3000/api/v1/ {"timestamp":"2022-01-25T08:05:15.227Z"}
info: Connected to the database. {"timestamp":"2022-01-25T08:05:15.269Z"}
info: Server started at http://localhost:3000/api/v1/ {"timestamp":"2022-01-25T08:06:46.187Z"}
info: Connected to the database. {"timestamp":"2022-01-25T08:06:46.208Z"}
info: Server started at http://localhost:3000/api/v1/ {"timestamp":"2022-01-25T08:06:55.206Z"}
info: Connected to the database. {"timestamp":"2022-01-25T08:06:55.226Z"}
info: Server started at http://localhost:3000/api/v1/ {"timestamp":"2022-01-25T08:07:15.408Z"}
info: Connected to the database. {"timestamp":"2022-01-25T08:07:15.438Z"}
info: Server started at http://localhost:3000/api/v1/ {"timestamp":"2022-01-25T08:07:20.134Z"}
info: Connected to the database. {"timestamp":"2022-01-25T08:07:20.155Z"}
info: Server started at http://localhost:3000/api/v1/ {"timestamp":"2022-01-25T08:08:50.279Z"}
info: Connected to the database. {"timestamp":"2022-01-25T08:08:50.301Z"}
error: 
    status - 500 
    message - undefined 
    url - /api/v1/users/login_admin 
    method - POST 
    IP - ::1
   {"timestamp":"2022-01-25T08:08:52.671Z"}
error: 
    status - 500 
    message - undefined 
    url - /api/v1/users/login_admin 
    method - POST 
    IP - ::1
   {"timestamp":"2022-01-25T08:19:43.278Z"}
info: Server started at http://localhost:3000/api/v1/ {"timestamp":"2022-01-25T08:24:02.955Z"}
info: Connected to the database. {"timestamp":"2022-01-25T08:24:03.077Z"}
error: 
    status - 500 
    message - undefined 
    url - /api/v1/users/login_user 
    method - POST 
    IP - ::1
   {"timestamp":"2022-01-25T08:24:24.983Z"}
error: 
    status - 500 
    message - Error: Please enter correct details
    at _callee2$ (D:\Book_Store_App\Book-Store\src\middlewares\/checkuser.middleware.js:30:6)
    at tryCatch (D:\Book_Store_App\Book-Store\node_modules\regenerator-runtime\runtime.js:63:40)
    at Generator.invoke [as _invoke] (D:\Book_Store_App\Book-Store\node_modules\regenerator-runtime\runtime.js:294:22)
    at Generator.next (D:\Book_Store_App\Book-Store\node_modules\regenerator-runtime\runtime.js:119:21)
    at asyncGeneratorStep (D:\Book_Store_App\Book-Store\node_modules\@babel\runtime\helpers\asyncToGenerator.js:3:24)
    at _next (D:\Book_Store_App\Book-Store\node_modules\@babel\runtime\helpers\asyncToGenerator.js:25:9)
    at processTicksAndRejections (internal/process/task_queues.js:95:5) 
    url - /api/v1/users/login_admin 
    method - POST 
    IP - ::1
   {"timestamp":"2022-01-25T08:25:00.467Z"}
error: 
    status - 500 
    message - Error: Please enter correct details
    at _callee2$ (D:\Book_Store_App\Book-Store\src\middlewares\/checkuser.middleware.js:30:6)
    at tryCatch (D:\Book_Store_App\Book-Store\node_modules\regenerator-runtime\runtime.js:63:40)
    at Generator.invoke [as _invoke] (D:\Book_Store_App\Book-Store\node_modules\regenerator-runtime\runtime.js:294:22)
    at Generator.next (D:\Book_Store_App\Book-Store\node_modules\regenerator-runtime\runtime.js:119:21)
    at asyncGeneratorStep (D:\Book_Store_App\Book-Store\node_modules\@babel\runtime\helpers\asyncToGenerator.js:3:24)
    at _next (D:\Book_Store_App\Book-Store\node_modules\@babel\runtime\helpers\asyncToGenerator.js:25:9)
    at processTicksAndRejections (internal/process/task_queues.js:95:5) 
    url - /api/v1/users/login_admin 
    method - POST 
    IP - ::1
   {"timestamp":"2022-01-25T08:41:35.832Z"}
info: Server started at http://localhost:3000/api/v1/ {"timestamp":"2022-01-25T08:42:05.588Z"}
info: Connected to the database. {"timestamp":"2022-01-25T08:42:05.610Z"}
info: Server started at http://localhost:3000/api/v1/ {"timestamp":"2022-01-25T08:42:13.155Z"}
info: Connected to the database. {"timestamp":"2022-01-25T08:42:13.191Z"}
info: Server started at http://localhost:3000/api/v1/ {"timestamp":"2022-01-25T08:42:18.044Z"}
info: Connected to the database. {"timestamp":"2022-01-25T08:42:18.070Z"}
info: Server started at http://localhost:3000/api/v1/ {"timestamp":"2022-01-25T08:42:43.083Z"}
info: Connected to the database. {"timestamp":"2022-01-25T08:42:43.104Z"}
info: Server started at http://localhost:3000/api/v1/ {"timestamp":"2022-01-25T08:42:56.399Z"}
info: Connected to the database. {"timestamp":"2022-01-25T08:42:56.423Z"}
info: Server started at http://localhost:3000/api/v1/ {"timestamp":"2022-01-25T08:43:22.835Z"}
info: Connected to the database. {"timestamp":"2022-01-25T08:43:22.857Z"}
info: Server started at http://localhost:3000/api/v1/ {"timestamp":"2022-01-25T08:43:50.647Z"}
info: Connected to the database. {"timestamp":"2022-01-25T08:43:50.668Z"}
error: 
    status - 500 
    message - Error: Please enter correct details
    at _callee2$ (D:\Book_Store_App\Book-Store\src\middlewares\/checkuser.middleware.js:31:12)
    at tryCatch (D:\Book_Store_App\Book-Store\node_modules\regenerator-runtime\runtime.js:63:40)
    at Generator.invoke [as _invoke] (D:\Book_Store_App\Book-Store\node_modules\regenerator-runtime\runtime.js:294:22)
    at Generator.next (D:\Book_Store_App\Book-Store\node_modules\regenerator-runtime\runtime.js:119:21)
    at asyncGeneratorStep (D:\Book_Store_App\Book-Store\node_modules\@babel\runtime\helpers\asyncToGenerator.js:3:24)
    at _next (D:\Book_Store_App\Book-Store\node_modules\@babel\runtime\helpers\asyncToGenerator.js:25:9)
    at processTicksAndRejections (internal/process/task_queues.js:95:5) 
    url - /api/v1/users/login_admin 
    method - POST 
    IP - ::1
   {"timestamp":"2022-01-25T08:48:25.751Z"}
error: 
    status - 500 
    message - Error: Please enter correct details
    at _callee$ (D:\Book_Store_App\Book-Store\src\middlewares\/checkuser.middleware.js:16:10)
    at tryCatch (D:\Book_Store_App\Book-Store\node_modules\regenerator-runtime\runtime.js:63:40)
    at Generator.invoke [as _invoke] (D:\Book_Store_App\Book-Store\node_modules\regenerator-runtime\runtime.js:294:22)
    at Generator.next (D:\Book_Store_App\Book-Store\node_modules\regenerator-runtime\runtime.js:119:21)
    at asyncGeneratorStep (D:\Book_Store_App\Book-Store\node_modules\@babel\runtime\helpers\asyncToGenerator.js:3:24)
    at _next (D:\Book_Store_App\Book-Store\node_modules\@babel\runtime\helpers\asyncToGenerator.js:25:9)
    at processTicksAndRejections (internal/process/task_queues.js:95:5) 
    url - /api/v1/users/login_user 
    method - POST 
    IP - ::1
   {"timestamp":"2022-01-25T08:48:45.779Z"}
error: 
    status - 500 
    message - Error: Please enter correct details
    at _callee$ (D:\Book_Store_App\Book-Store\src\middlewares\/checkuser.middleware.js:16:10)
    at tryCatch (D:\Book_Store_App\Book-Store\node_modules\regenerator-runtime\runtime.js:63:40)
    at Generator.invoke [as _invoke] (D:\Book_Store_App\Book-Store\node_modules\regenerator-runtime\runtime.js:294:22)
    at Generator.next (D:\Book_Store_App\Book-Store\node_modules\regenerator-runtime\runtime.js:119:21)
    at asyncGeneratorStep (D:\Book_Store_App\Book-Store\node_modules\@babel\runtime\helpers\asyncToGenerator.js:3:24)
    at _next (D:\Book_Store_App\Book-Store\node_modules\@babel\runtime\helpers\asyncToGenerator.js:25:9)
    at processTicksAndRejections (internal/process/task_queues.js:95:5) 
    url - /api/v1/users/login_user 
    method - POST 
    IP - ::1
   {"timestamp":"2022-01-25T08:48:48.537Z"}
info: Server started at http://localhost:3000/api/v1/ {"timestamp":"2022-01-25T08:49:21.405Z"}
info: Connected to the database. {"timestamp":"2022-01-25T08:49:21.427Z"}
info: Server started at http://localhost:3000/api/v1/ {"timestamp":"2022-01-25T08:49:34.843Z"}
info: Connected to the database. {"timestamp":"2022-01-25T08:49:34.866Z"}
info: Server started at http://localhost:3000/api/v1/ {"timestamp":"2022-01-25T08:50:12.109Z"}
info: Connected to the database. {"timestamp":"2022-01-25T08:50:12.151Z"}
info: Server started at http://localhost:3000/api/v1/ {"timestamp":"2022-01-25T08:50:23.287Z"}
info: Connected to the database. {"timestamp":"2022-01-25T08:50:23.307Z"}
info: Server started at http://localhost:3000/api/v1/ {"timestamp":"2022-01-25T08:52:07.866Z"}
info: Connected to the database. {"timestamp":"2022-01-25T08:52:07.898Z"}
