info: ::1 - - [24/Jan/2022:10:18:05 +0000] "GET /api/v1 HTTP/1.1" 200 9 "-" "PostmanRuntime/7.29.0"

info: ::1 - - [24/Jan/2022:10:19:48 +0000] "GET /api/v1 HTTP/1.1" 200 9 "-" "PostmanRuntime/7.29.0"

info: ::1 - - [24/Jan/2022:11:03:39 +0000] "POST /api/v1/users HTTP/1.1" 404 47 "-" "PostmanRuntime/7.29.0"

info: ::1 - - [24/Jan/2022:11:05:03 +0000] "POST /api/v1/users/user HTTP/1.1" 201 286 "-" "PostmanRuntime/7.29.0"

info: ::1 - - [24/Jan/2022:11:10:10 +0000] "POST /api/v1/users/user_registration HTTP/1.1" 201 286 "-" "PostmanRuntime/7.29.0"

info: ::1 - - [24/Jan/2022:11:11:25 +0000] "POST /api/v1/users/user_registration HTTP/1.1" 201 286 "-" "PostmanRuntime/7.29.0"

info: ::1 - - [24/Jan/2022:11:11:29 +0000] "POST /api/v1/users/user_registration HTTP/1.1" 201 286 "-" "PostmanRuntime/7.29.0"

info: ::1 - - [24/Jan/2022:11:11:31 +0000] "POST /api/v1/users/user_registration HTTP/1.1" 201 286 "-" "PostmanRuntime/7.29.0"

info: ::1 - - [24/Jan/2022:11:13:02 +0000] "POST /api/v1/users/user_registration HTTP/1.1" 201 286 "-" "PostmanRuntime/7.29.0"

info: ::1 - - [24/Jan/2022:11:13:04 +0000] "POST /api/v1/users/user_registration HTTP/1.1" 201 286 "-" "PostmanRuntime/7.29.0"

info: ::1 - - [24/Jan/2022:11:16:18 +0000] "POST /api/v1/users/user_registration HTTP/1.1" 500 148 "-" "PostmanRuntime/7.29.0"

info: ::1 - - [24/Jan/2022:11:17:29 +0000] "POST /api/v1/users/user_registration HTTP/1.1" 201 286 "-" "PostmanRuntime/7.29.0"

info: ::1 - - [24/Jan/2022:11:17:31 +0000] "POST /api/v1/users/user_registration HTTP/1.1" 500 61 "-" "PostmanRuntime/7.29.0"

info: ::1 - - [24/Jan/2022:11:17:36 +0000] "POST /api/v1/users/user_registration HTTP/1.1" 500 61 "-" "PostmanRuntime/7.29.0"

info: ::1 - - [24/Jan/2022:11:22:19 +0000] "POST /api/v1/users/user_registration HTTP/1.1" 500 90 "-" "PostmanRuntime/7.29.0"

info: ::1 - - [24/Jan/2022:11:24:39 +0000] "POST /api/v1/users/user_registration HTTP/1.1" 500 66 "-" "PostmanRuntime/7.29.0"

info: ::1 - - [24/Jan/2022:11:25:07 +0000] "POST /api/v1/users/user_registration HTTP/1.1" 500 58 "-" "PostmanRuntime/7.29.0"

info: ::1 - - [24/Jan/2022:11:25:31 +0000] "POST /api/v1/users/user_registration HTTP/1.1" 201 285 "-" "PostmanRuntime/7.29.0"

info: ::1 - - [24/Jan/2022:11:25:47 +0000] "POST /api/v1/users/user_registration HTTP/1.1" 201 271 "-" "PostmanRuntime/7.29.0"

info: ::1 - - [24/Jan/2022:12:10:16 +0000] "POST /api/v1/users/user_registration HTTP/1.1" 201 272 "-" "PostmanRuntime/7.29.0"

info: ::1 - - [24/Jan/2022:12:15:55 +0000] "POST /api/v1/users/user_registration HTTP/1.1" 201 271 "-" "PostmanRuntime/7.29.0"

info: ::1 - - [24/Jan/2022:12:21:04 +0000] "POST /api/v1/users/user_registration HTTP/1.1" 201 272 "-" "PostmanRuntime/7.29.0"

info: ::1 - - [24/Jan/2022:12:22:53 +0000] "POST /api/v1/users/user_registration HTTP/1.1" 201 273 "-" "PostmanRuntime/7.29.0"

info: ::1 - - [24/Jan/2022:12:24:07 +0000] "POST /api/v1/users/user_registration HTTP/1.1" 201 290 "-" "PostmanRuntime/7.29.0"

info: ::1 - - [24/Jan/2022:12:33:12 +0000] "POST /api/v1/users/user_registration HTTP/1.1" - - "-" "PostmanRuntime/7.29.0"

info: ::1 - - [24/Jan/2022:12:34:20 +0000] "POST /api/v1/users/user_registration HTTP/1.1" 201 292 "-" "PostmanRuntime/7.29.0"

info: ::1 - - [24/Jan/2022:12:35:15 +0000] "POST /api/v1/users/user_registration HTTP/1.1" 201 294 "-" "PostmanRuntime/7.29.0"

info: ::1 - - [24/Jan/2022:12:36:06 +0000] "POST /api/v1/users/admin_registration HTTP/1.1" 201 297 "-" "PostmanRuntime/7.29.0"

info: ::1 - - [24/Jan/2022:12:47:20 +0000] "POST /api/v1/users/admin_registration HTTP/1.1" 201 299 "-" "PostmanRuntime/7.29.0"

info: ::1 - - [24/Jan/2022:12:54:17 +0000] "POST /api/v1/users/admin_registration HTTP/1.1" 201 298 "-" "PostmanRuntime/7.29.0"

info: ::1 - - [24/Jan/2022:13:01:42 +0000] "POST /api/v1/users/user_registration HTTP/1.1" 201 295 "-" "PostmanRuntime/7.29.0"

info: ::1 - - [24/Jan/2022:13:17:43 +0000] "POST /api/v1/users/user_registration HTTP/1.1" 201 296 "-" "PostmanRuntime/7.29.0"

info: ::1 - - [24/Jan/2022:13:18:08 +0000] "POST /api/v1/users/admin_registration HTTP/1.1" 500 61 "-" "PostmanRuntime/7.29.0"

info: ::1 - - [24/Jan/2022:13:18:16 +0000] "POST /api/v1/users/admin_registration HTTP/1.1" 201 299 "-" "PostmanRuntime/7.29.0"

info: ::1 - - [24/Jan/2022:13:21:16 +0000] "POST /api/v1/users/admin_registration HTTP/1.1" 500 54 "-" "PostmanRuntime/7.29.0"

info: ::1 - - [24/Jan/2022:13:21:21 +0000] "POST /api/v1/users/admin_registration HTTP/1.1" 201 298 "-" "PostmanRuntime/7.29.0"

info: ::1 - - [24/Jan/2022:13:21:36 +0000] "POST /api/v1/users/user_registration HTTP/1.1" 500 54 "-" "PostmanRuntime/7.29.0"

info: ::1 - - [24/Jan/2022:13:21:41 +0000] "POST /api/v1/users/user_registration HTTP/1.1" 201 297 "-" "PostmanRuntime/7.29.0"

info: ::1 - - [24/Jan/2022:13:35:38 +0000] "POST /api/v1/users/user_registration HTTP/1.1" 201 299 "-" "PostmanRuntime/7.29.0"

info: ::1 - - [24/Jan/2022:13:35:51 +0000] "POST /api/v1/users/admin_registration HTTP/1.1" 500 54 "-" "PostmanRuntime/7.29.0"

info: ::1 - - [24/Jan/2022:13:35:57 +0000] "POST /api/v1/users/admin_registration HTTP/1.1" 201 299 "-" "PostmanRuntime/7.29.0"

info: ::1 - - [24/Jan/2022:14:58:36 +0000] "POST /api/v1/users/admin_registration HTTP/1.1" 201 301 "-" "PostmanRuntime/7.29.0"

info: ::1 - - [24/Jan/2022:15:01:42 +0000] "POST /api/v1/users/admin_registration HTTP/1.1" 201 298 "-" "PostmanRuntime/7.29.0"

info: ::1 - - [24/Jan/2022:15:02:28 +0000] "POST /api/v1/users/admin_registration HTTP/1.1" 201 296 "-" "PostmanRuntime/7.29.0"

info: ::1 - - [24/Jan/2022:15:03:54 +0000] "POST /api/v1/users/admin_registration HTTP/1.1" 201 351 "-" "PostmanRuntime/7.29.0"

info: ::1 - - [24/Jan/2022:15:39:50 +0000] "POST /api/v1/users/login HTTP/1.1" 200 294 "-" "PostmanRuntime/7.29.0"

info: ::1 - - [24/Jan/2022:15:40:33 +0000] "POST /api/v1/users/login HTTP/1.1" 200 294 "-" "PostmanRuntime/7.29.0"

info: ::1 - - [24/Jan/2022:15:40:38 +0000] "POST /api/v1/users/login HTTP/1.1" 200 294 "-" "PostmanRuntime/7.29.0"

info: ::1 - - [24/Jan/2022:15:41:42 +0000] "POST /api/v1/users/login HTTP/1.1" 500 52 "-" "PostmanRuntime/7.29.0"

info: ::1 - - [24/Jan/2022:15:43:47 +0000] "POST /api/v1/users/login HTTP/1.1" 500 63 "-" "PostmanRuntime/7.29.0"

info: ::1 - - [24/Jan/2022:15:43:55 +0000] "POST /api/v1/users/login HTTP/1.1" 200 294 "-" "PostmanRuntime/7.29.0"

info: ::1 - - [24/Jan/2022:15:45:09 +0000] "POST /api/v1/users/admin_registration HTTP/1.1" 201 335 "-" "PostmanRuntime/7.29.0"

info: ::1 - - [24/Jan/2022:15:45:37 +0000] "POST /api/v1/users/login HTTP/1.1" 200 278 "-" "PostmanRuntime/7.29.0"

info: ::1 - - [24/Jan/2022:15:47:40 +0000] "POST /api/v1/users/admin_registration HTTP/1.1" 201 336 "-" "PostmanRuntime/7.29.0"

info: ::1 - - [24/Jan/2022:15:48:37 +0000] "POST /api/v1/users/login HTTP/1.1" 200 332 "-" "PostmanRuntime/7.29.0"

info: ::1 - - [24/Jan/2022:15:52:54 +0000] "POST /api/v1/users/login HTTP/1.1" 500 58 "-" "PostmanRuntime/7.29.0"

info: ::1 - - [24/Jan/2022:15:54:10 +0000] "POST /api/v1/users/login HTTP/1.1" 500 58 "-" "PostmanRuntime/7.29.0"

info: ::1 - - [24/Jan/2022:15:55:24 +0000] "POST /api/v1/users/login HTTP/1.1" 500 58 "-" "PostmanRuntime/7.29.0"

info: ::1 - - [24/Jan/2022:15:56:15 +0000] "POST /api/v1/users/login HTTP/1.1" 500 58 "-" "PostmanRuntime/7.29.0"

info: ::1 - - [24/Jan/2022:15:56:21 +0000] "POST /api/v1/users/login HTTP/1.1" 500 58 "-" "PostmanRuntime/7.29.0"

info: ::1 - - [24/Jan/2022:15:56:42 +0000] "POST /api/v1/users/login HTTP/1.1" 200 332 "-" "PostmanRuntime/7.29.0"

info: ::1 - - [24/Jan/2022:15:56:48 +0000] "POST /api/v1/users/login HTTP/1.1" 200 332 "-" "PostmanRuntime/7.29.0"

info: ::1 - - [24/Jan/2022:15:56:50 +0000] "POST /api/v1/users/login HTTP/1.1" 200 332 "-" "PostmanRuntime/7.29.0"

info: ::1 - - [24/Jan/2022:15:57:18 +0000] "POST /api/v1/users/login HTTP/1.1" 200 332 "-" "PostmanRuntime/7.29.0"

info: ::1 - - [24/Jan/2022:15:57:43 +0000] "POST /api/v1/users/login HTTP/1.1" 200 332 "-" "PostmanRuntime/7.29.0"

info: ::1 - - [24/Jan/2022:15:58:43 +0000] "POST /api/v1/users/login HTTP/1.1" 200 332 "-" "PostmanRuntime/7.29.0"

info: ::1 - - [24/Jan/2022:16:00:31 +0000] "POST /api/v1/users/login HTTP/1.1" 200 332 "-" "PostmanRuntime/7.29.0"

info: ::1 - - [24/Jan/2022:16:00:33 +0000] "POST /api/v1/users/login HTTP/1.1" 200 332 "-" "PostmanRuntime/7.29.0"

info: ::1 - - [24/Jan/2022:16:00:51 +0000] "POST /api/v1/users/login HTTP/1.1" 200 332 "-" "PostmanRuntime/7.29.0"

info: ::1 - - [24/Jan/2022:16:03:01 +0000] "POST /api/v1/users/login HTTP/1.1" 200 73 "-" "PostmanRuntime/7.29.0"

info: ::1 - - [24/Jan/2022:16:03:08 +0000] "POST /api/v1/users/login HTTP/1.1" 500 63 "-" "PostmanRuntime/7.29.0"

info: ::1 - - [24/Jan/2022:16:03:20 +0000] "POST /api/v1/users/login HTTP/1.1" 200 73 "-" "PostmanRuntime/7.29.0"

info: ::1 - - [24/Jan/2022:16:03:27 +0000] "POST /api/v1/users/login HTTP/1.1" 500 74 "-" "PostmanRuntime/7.29.0"

info: ::1 - - [24/Jan/2022:16:21:23 +0000] "POST /api/v1/users/login HTTP/1.1" 200 73 "-" "PostmanRuntime/7.29.0"

info: ::1 - - [24/Jan/2022:16:21:23 +0000] "POST /api/v1/users/login HTTP/1.1" 200 73 "-" "PostmanRuntime/7.29.0"

info: ::1 - - [24/Jan/2022:16:21:24 +0000] "POST /api/v1/users/login HTTP/1.1" 200 73 "-" "PostmanRuntime/7.29.0"

info: ::1 - - [24/Jan/2022:16:23:19 +0000] "POST /api/v1/users/login HTTP/1.1" 200 241 "-" "PostmanRuntime/7.29.0"

info: ::1 - - [24/Jan/2022:16:25:27 +0000] "POST /api/v1/users/login HTTP/1.1" 500 71 "-" "PostmanRuntime/7.29.0"

info: ::1 - - [24/Jan/2022:16:25:28 +0000] "POST /api/v1/users/login HTTP/1.1" 500 71 "-" "PostmanRuntime/7.29.0"

info: ::1 - - [24/Jan/2022:16:26:42 +0000] "POST /api/v1/users/login HTTP/1.1" 500 71 "-" "PostmanRuntime/7.29.0"

info: ::1 - - [24/Jan/2022:16:26:58 +0000] "POST /api/v1/users/login HTTP/1.1" 500 71 "-" "PostmanRuntime/7.29.0"

info: ::1 - - [24/Jan/2022:16:27:36 +0000] "POST /api/v1/users/login HTTP/1.1" 200 241 "-" "PostmanRuntime/7.29.0"

info: ::1 - - [24/Jan/2022:16:27:37 +0000] "POST /api/v1/users/login HTTP/1.1" 200 241 "-" "PostmanRuntime/7.29.0"

info: ::1 - - [24/Jan/2022:16:28:47 +0000] "POST /api/v1/users/login HTTP/1.1" 200 241 "-" "PostmanRuntime/7.29.0"

info: ::1 - - [24/Jan/2022:16:30:04 +0000] "POST /api/v1/users/login HTTP/1.1" 200 241 "-" "PostmanRuntime/7.29.0"

info: ::1 - - [24/Jan/2022:16:34:15 +0000] "POST /api/v1/users/admin_registration HTTP/1.1" 201 335 "-" "PostmanRuntime/7.29.0"

info: ::1 - - [24/Jan/2022:16:34:48 +0000] "POST /api/v1/users/login HTTP/1.1" 200 240 "-" "PostmanRuntime/7.29.0"

info: ::1 - - [25/Jan/2022:05:49:13 +0000] "POST /api/v1/users/login HTTP/1.1" 500 76 "-" "PostmanRuntime/7.29.0"

info: ::1 - - [25/Jan/2022:05:49:33 +0000] "POST /api/v1/users/login HTTP/1.1" 500 76 "-" "PostmanRuntime/7.29.0"

info: ::1 - - [25/Jan/2022:05:49:41 +0000] "POST /api/v1/users/login HTTP/1.1" 500 76 "-" "PostmanRuntime/7.29.0"

info: ::1 - - [25/Jan/2022:05:52:10 +0000] "POST /api/v1/users/login HTTP/1.1" 500 67 "-" "PostmanRuntime/7.29.0"

info: ::1 - - [25/Jan/2022:05:52:25 +0000] "POST /api/v1/users/login HTTP/1.1" 500 74 "-" "PostmanRuntime/7.29.0"

info: ::1 - - [25/Jan/2022:05:52:47 +0000] "POST /api/v1/users/user_registration HTTP/1.1" 500 60 "-" "PostmanRuntime/7.29.0"

info: ::1 - - [25/Jan/2022:05:53:23 +0000] "POST /api/v1/users/user_registration HTTP/1.1" 500 54 "-" "PostmanRuntime/7.29.0"

info: ::1 - - [25/Jan/2022:05:53:32 +0000] "POST /api/v1/users/user_registration HTTP/1.1" 201 338 "-" "PostmanRuntime/7.29.0"

info: ::1 - - [25/Jan/2022:05:53:46 +0000] "POST /api/v1/users/login HTTP/1.1" 200 245 "-" "PostmanRuntime/7.29.0"

info: ::1 - - [25/Jan/2022:05:54:56 +0000] "POST /api/v1/users/login HTTP/1.1" 200 245 "-" "PostmanRuntime/7.29.0"

info: ::1 - - [25/Jan/2022:05:54:57 +0000] "POST /api/v1/users/login HTTP/1.1" 200 245 "-" "PostmanRuntime/7.29.0"

info: ::1 - - [25/Jan/2022:05:55:23 +0000] "POST /api/v1/users/login HTTP/1.1" 200 245 "-" "PostmanRuntime/7.29.0"

info: ::1 - - [25/Jan/2022:05:56:20 +0000] "POST /api/v1/users/login HTTP/1.1" 200 245 "-" "PostmanRuntime/7.29.0"

info: ::1 - - [25/Jan/2022:05:56:46 +0000] "POST /api/v1/users/login HTTP/1.1" 200 245 "-" "PostmanRuntime/7.29.0"

info: ::1 - - [25/Jan/2022:06:19:45 +0000] "POST /api/v1/users/user_registration HTTP/1.1" 201 337 "-" "PostmanRuntime/7.29.0"

info: ::1 - - [25/Jan/2022:06:20:29 +0000] "POST /api/v1/users/admin_registration HTTP/1.1" 201 339 "-" "PostmanRuntime/7.29.0"

info: ::1 - - [25/Jan/2022:06:20:45 +0000] "POST /api/v1/users/login HTTP/1.1" 404 47 "-" "PostmanRuntime/7.29.0"

info: ::1 - - [25/Jan/2022:06:21:00 +0000] "POST /api/v1/users/login_user HTTP/1.1" 200 245 "-" "PostmanRuntime/7.29.0"

info: ::1 - - [25/Jan/2022:06:26:16 +0000] "POST /api/v1/users/login_user HTTP/1.1" 500 74 "-" "PostmanRuntime/7.29.0"

info: ::1 - - [25/Jan/2022:06:26:49 +0000] "POST /api/v1/users/login_user HTTP/1.1" - - "-" "PostmanRuntime/7.29.0"

info: ::1 - - [25/Jan/2022:07:52:01 +0000] "POST /api/v1/users/login_user HTTP/1.1" 200 245 "-" "PostmanRuntime/7.29.0"

info: ::1 - - [25/Jan/2022:07:52:28 +0000] "POST /api/v1/users/login_user HTTP/1.1" 500 74 "-" "PostmanRuntime/7.29.0"

info: ::1 - - [25/Jan/2022:07:52:50 +0000] "POST /api/v1/users/login_user HTTP/1.1" 500 74 "-" "PostmanRuntime/7.29.0"

info: ::1 - - [25/Jan/2022:07:52:52 +0000] "POST /api/v1/users/login_user HTTP/1.1" 500 74 "-" "PostmanRuntime/7.29.0"

info: ::1 - - [25/Jan/2022:07:53:10 +0000] "POST /api/v1/users/login_user HTTP/1.1" 200 244 "-" "PostmanRuntime/7.29.0"

info: ::1 - - [25/Jan/2022:07:53:20 +0000] "POST /api/v1/users/login_user HTTP/1.1" 200 244 "-" "PostmanRuntime/7.29.0"

info: ::1 - - [25/Jan/2022:07:53:22 +0000] "POST /api/v1/users/login_user HTTP/1.1" 200 244 "-" "PostmanRuntime/7.29.0"

info: ::1 - - [25/Jan/2022:07:53:56 +0000] "POST /api/v1/users/login_user HTTP/1.1" 200 244 "-" "PostmanRuntime/7.29.0"

info: ::1 - - [25/Jan/2022:07:53:59 +0000] "POST /api/v1/users/login_user HTTP/1.1" 200 244 "-" "PostmanRuntime/7.29.0"

info: ::1 - - [25/Jan/2022:07:55:01 +0000] "POST /api/v1/users/login_user HTTP/1.1" 200 244 "-" "PostmanRuntime/7.29.0"

info: ::1 - - [25/Jan/2022:07:55:04 +0000] "POST /api/v1/users/login_user HTTP/1.1" 200 244 "-" "PostmanRuntime/7.29.0"

info: ::1 - - [25/Jan/2022:07:55:23 +0000] "POST /api/v1/users/login_user HTTP/1.1" 200 244 "-" "PostmanRuntime/7.29.0"

info: ::1 - - [25/Jan/2022:07:55:25 +0000] "POST /api/v1/users/login_user HTTP/1.1" 200 244 "-" "PostmanRuntime/7.29.0"

info: ::1 - - [25/Jan/2022:08:00:19 +0000] "POST /api/v1/users/login_user HTTP/1.1" 200 244 "-" "PostmanRuntime/7.29.0"

info: ::1 - - [25/Jan/2022:08:01:30 +0000] "POST /api/v1/users/login_user HTTP/1.1" 500 22 "-" "PostmanRuntime/7.29.0"

info: ::1 - - [25/Jan/2022:08:01:32 +0000] "POST /api/v1/users/login_user HTTP/1.1" 500 22 "-" "PostmanRuntime/7.29.0"

info: ::1 - - [25/Jan/2022:08:07:50 +0000] "POST /api/v1/users/login_user HTTP/1.1" 200 244 "-" "PostmanRuntime/7.29.0"

info: ::1 - - [25/Jan/2022:08:07:53 +0000] "POST /api/v1/users/login_user HTTP/1.1" 200 244 "-" "PostmanRuntime/7.29.0"

info: ::1 - - [25/Jan/2022:08:08:52 +0000] "POST /api/v1/users/login_admin HTTP/1.1" 500 22 "-" "PostmanRuntime/7.29.0"

info: ::1 - - [25/Jan/2022:08:09:00 +0000] "POST /api/v1/users/login_user HTTP/1.1" 200 244 "-" "PostmanRuntime/7.29.0"

info: ::1 - - [25/Jan/2022:08:16:31 +0000] "POST /api/v1/users/login_user HTTP/1.1" 200 244 "-" "PostmanRuntime/7.29.0"

info: ::1 - - [25/Jan/2022:08:16:32 +0000] "POST /api/v1/users/login_user HTTP/1.1" 200 244 "-" "PostmanRuntime/7.29.0"

info: ::1 - - [25/Jan/2022:08:17:42 +0000] "POST /api/v1/users/admin_registration HTTP/1.1" 201 333 "-" "PostmanRuntime/7.29.0"

info: ::1 - - [25/Jan/2022:08:18:20 +0000] "POST /api/v1/users/user_registration HTTP/1.1" 201 330 "-" "PostmanRuntime/7.29.0"

info: ::1 - - [25/Jan/2022:08:19:14 +0000] "POST /api/v1/users/user_login HTTP/1.1" 404 47 "-" "PostmanRuntime/7.29.0"

info: ::1 - - [25/Jan/2022:08:19:17 +0000] "POST /api/v1/users/user_login HTTP/1.1" 404 47 "-" "PostmanRuntime/7.29.0"

info: ::1 - - [25/Jan/2022:08:19:30 +0000] "POST /api/v1/users/login_user HTTP/1.1" 200 237 "-" "PostmanRuntime/7.29.0"

info: ::1 - - [25/Jan/2022:08:19:43 +0000] "POST /api/v1/users/login_admin HTTP/1.1" 500 22 "-" "PostmanRuntime/7.29.0"

info: ::1 - - [25/Jan/2022:08:19:58 +0000] "POST /api/v1/users/login_admin HTTP/1.1" 200 239 "-" "PostmanRuntime/7.29.0"

info: ::1 - - [25/Jan/2022:08:20:01 +0000] "POST /api/v1/users/login_admin HTTP/1.1" 200 239 "-" "PostmanRuntime/7.29.0"

info: ::1 - - [25/Jan/2022:08:24:05 +0000] "POST /api/v1/users/login_admin HTTP/1.1" 200 239 "-" "PostmanRuntime/7.29.0"

info: ::1 - - [25/Jan/2022:08:24:24 +0000] "POST /api/v1/users/login_user HTTP/1.1" 500 22 "-" "PostmanRuntime/7.29.0"

info: ::1 - - [25/Jan/2022:08:24:41 +0000] "POST /api/v1/users/login_admin HTTP/1.1" 200 239 "-" "PostmanRuntime/7.29.0"

info: ::1 - - [25/Jan/2022:08:25:00 +0000] "POST /api/v1/users/login_admin HTTP/1.1" 500 63 "-" "PostmanRuntime/7.29.0"

info: ::1 - - [25/Jan/2022:08:41:35 +0000] "POST /api/v1/users/login_admin HTTP/1.1" 500 63 "-" "PostmanRuntime/7.29.0"

info: ::1 - - [25/Jan/2022:08:48:25 +0000] "POST /api/v1/users/login_admin HTTP/1.1" 500 63 "-" "PostmanRuntime/7.29.0"

info: ::1 - - [25/Jan/2022:08:48:36 +0000] "POST /api/v1/users/login_admin HTTP/1.1" 200 239 "-" "PostmanRuntime/7.29.0"

info: ::1 - - [25/Jan/2022:08:48:45 +0000] "POST /api/v1/users/login_user HTTP/1.1" 500 63 "-" "PostmanRuntime/7.29.0"

info: ::1 - - [25/Jan/2022:08:48:48 +0000] "POST /api/v1/users/login_user HTTP/1.1" 500 63 "-" "PostmanRuntime/7.29.0"

info: ::1 - - [25/Jan/2022:08:49:01 +0000] "POST /api/v1/users/login_user HTTP/1.1" 200 237 "-" "PostmanRuntime/7.29.0"

info: ::1 - - [25/Jan/2022:08:49:03 +0000] "POST /api/v1/users/login_user HTTP/1.1" 200 237 "-" "PostmanRuntime/7.29.0"

info: ::1 - - [25/Jan/2022:08:50:36 +0000] "POST /api/v1/users/login_user HTTP/1.1" 200 256 "-" "PostmanRuntime/7.29.0"

info: ::1 - - [25/Jan/2022:08:51:25 +0000] "POST /api/v1/users/login_admin HTTP/1.1" 200 259 "-" "PostmanRuntime/7.29.0"

